3 50 1000 1e-07 0.5 0.001
Total dataset size:
n_samples: 1288
n_features: 1850
n_classes: 7
Extracting the top 150 eigenfaces from 966 faces
done in 0.442s
Projecting the input data on the eigenfaces orthonormal basis
done in 0.059s
['lmnn']
Printing all accuracies
[ 83.54037267]
83.5403726708 [3 3 6 3 3 3 6 1 3 3 3 3 3 6 1 3 3 3 3 3 3 2 3 1 0 1 2 1 3 3 2 3 3 3 3 3 3
 3 3 1 1 1 3 1 1 1 3 3 2 3 1 3 0 3 5 1 1 3 1 3 1 3 6 4 3 5 6 4 1 3 5 4 3 3
 4 2 1 4 4 4 3 0 4 3 3 3 3 3 3 3 3 1 3 4 1 6 1 1 6 1 3 1 3 1 3 3 3 2 3 1 4
 1 3 2 3 1 3 0 1 3 1 3 3 0 3 4 4 3 0 1 6 4 6 3 0 4 4 3 6 6 3 2 5 1 3 5 1 3
 6 1 5 1 1 5 3 3 3 0 1 3 6 5 5 1 3 0 5 1 0 3 1 1 6 1 5 6 3 2 2 4 3 1 3 2 3
 3 3 3 3 4 2 2 3 0 1 3 3 2 6 3 3 2 1 2 3 3 6 2 1 0 3 5 3 3 3 3 3 0 0 2 2 3
 1 1 6 3 3 3 3 3 3 3 1 0 3 1 6 3 3 3 3 6 4 4 3 0 3 3 3 6 4 3 2 6 3 4 2 6 6
 2 2 3 6 1 3 4 3 3 4 3 1 1 3 3 3 3 6 3 3 3 1 5 3 3 1 0 3 3 3 4 4 3 5 1 3 0
 4 1 3 4 3 6 6 2 1 3 1 3 1 3 3 3 1 6 3 3 6 1 3 3 4 3]
accuracy = %s 83.5403726708
                   precision    recall  f1-score   support

     Ariel Sharon       0.72      1.00      0.84        13
     Colin Powell       0.82      0.85      0.84        60
  Donald Rumsfeld       0.75      0.67      0.71        27
    George W Bush       0.91      0.91      0.91       146
Gerhard Schroeder       0.71      0.80      0.75        25
      Hugo Chavez       0.79      0.73      0.76        15
       Tony Blair       0.77      0.64      0.70        36

      avg / total       0.84      0.84      0.83       322

[[ 13   0   0   0   0   0   0]
 [  1  51   1   4   0   0   3]
 [  2   2  18   2   2   1   0]
 [  0   5   4 133   2   1   1]
 [  1   0   0   2  20   0   2]
 [  1   1   0   0   1  11   1]
 [  0   3   1   5   3   1  23]]
['lsml']
Printing all accuracies
[ 82.29813665]
82.298136646 [3 3 6 4 3 3 4 1 3 3 3 3 3 6 5 3 3 3 3 4 3 2 3 1 0 1 2 1 3 3 2 3 3 3 3 3 5
 3 3 1 4 1 3 1 1 1 3 3 2 3 3 3 0 3 0 0 1 3 5 3 1 3 6 4 3 5 6 4 1 3 5 4 3 3
 4 2 1 4 4 2 3 0 4 3 3 3 3 3 3 3 3 1 3 4 1 6 1 1 6 1 0 1 3 1 3 3 3 2 3 1 4
 1 3 2 3 1 3 4 1 3 1 3 3 0 3 4 4 3 0 1 6 1 4 3 6 4 3 3 1 6 3 2 5 1 3 1 1 3
 6 1 5 1 1 5 3 3 6 0 1 3 6 5 4 1 3 0 5 1 0 3 1 1 6 1 5 6 3 3 2 4 3 3 3 2 3
 3 3 3 4 4 3 6 3 0 1 3 3 2 3 6 3 2 1 2 3 3 6 2 1 0 3 5 3 3 3 3 3 0 0 2 3 3
 1 1 6 3 3 3 3 1 3 3 1 0 3 1 6 5 3 2 3 6 4 4 3 0 3 3 3 6 4 3 2 6 3 4 2 1 6
 3 2 3 6 1 3 4 3 3 4 3 1 1 3 3 3 3 1 3 3 3 1 5 3 3 6 2 3 3 3 3 4 3 0 1 3 0
 4 1 3 4 3 6 6 2 1 3 1 3 1 3 3 3 1 6 3 3 6 1 3 3 5 3]
accuracy = %s 82.298136646
                   precision    recall  f1-score   support

     Ariel Sharon       0.63      0.92      0.75        13
     Colin Powell       0.85      0.87      0.86        60
  Donald Rumsfeld       0.68      0.56      0.61        27
    George W Bush       0.91      0.90      0.91       146
Gerhard Schroeder       0.68      0.84      0.75        25
      Hugo Chavez       0.67      0.67      0.67        15
       Tony Blair       0.79      0.64      0.71        36

      avg / total       0.83      0.82      0.82       322

[[ 12   0   1   0   0   0   0]
 [  1  52   1   4   0   0   2]
 [  2   1  15   4   2   1   2]
 [  1   2   3 132   4   4   0]
 [  0   0   1   2  21   0   1]
 [  2   1   0   0   1  10   1]
 [  1   5   1   3   3   0  23]]
['rca']
Printing all accuracies
[ 84.16149068]
84.1614906832 [3 3 6 3 3 3 4 1 3 3 3 3 3 6 5 3 3 3 3 3 3 2 3 1 0 1 2 1 3 3 2 3 3 3 3 3 5
 3 3 1 1 1 3 1 1 1 3 3 2 3 3 3 0 3 6 0 1 3 5 3 1 3 6 4 3 5 6 4 1 3 5 4 3 3
 4 2 1 6 4 4 3 0 4 3 3 3 3 3 3 3 3 1 3 4 1 6 1 1 6 1 3 1 3 1 3 3 3 2 3 1 4
 1 3 1 3 1 3 0 1 3 1 3 3 0 3 5 4 3 0 1 6 4 6 3 2 4 4 3 1 6 3 2 5 1 3 5 1 3
 6 1 5 1 1 5 3 3 6 0 1 3 6 5 4 1 3 0 5 1 0 3 1 1 6 1 5 6 3 3 2 4 3 3 3 2 3
 3 3 3 3 4 2 6 3 0 1 3 3 2 3 6 3 2 1 2 3 3 6 2 1 0 3 5 3 3 3 3 5 0 0 2 3 3
 1 1 6 3 3 3 1 1 3 3 1 0 3 1 6 3 3 2 3 6 4 4 3 0 3 3 3 6 4 3 2 6 3 4 2 6 6
 3 2 3 6 1 3 4 3 3 4 3 1 1 3 3 3 3 6 3 3 3 1 5 3 3 6 2 3 3 3 6 4 3 5 1 3 0
 4 1 3 4 3 6 6 2 1 3 1 3 1 3 3 3 1 6 3 3 6 1 3 3 5 3]
accuracy = %s 84.1614906832
                   precision    recall  f1-score   support

     Ariel Sharon       0.71      0.92      0.80        13
     Colin Powell       0.87      0.87      0.87        60
  Donald Rumsfeld       0.73      0.59      0.65        27
    George W Bush       0.92      0.91      0.91       146
Gerhard Schroeder       0.73      0.76      0.75        25
      Hugo Chavez       0.67      0.80      0.73        15
       Tony Blair       0.79      0.75      0.77        36

      avg / total       0.84      0.84      0.84       322

[[ 12   0   1   0   0   0   0]
 [  1  52   1   3   0   0   3]
 [  2   1  16   4   2   1   1]
 [  0   4   3 133   2   4   0]
 [  1   0   0   2  19   1   2]
 [  1   0   0   0   1  12   1]
 [  0   3   1   3   2   0  27]]
['lfda']
Printing all accuracies
[ 84.16149068]
84.1614906832 [3 3 6 3 3 3 4 1 3 3 3 3 3 6 5 3 3 3 3 3 3 2 3 1 0 1 2 1 3 3 2 3 3 3 3 3 5
 3 3 1 4 1 3 1 1 1 3 3 2 3 1 3 0 3 6 0 1 3 5 3 1 3 6 4 3 5 6 4 1 3 5 6 3 3
 4 2 1 4 4 4 3 0 4 3 3 3 3 3 3 3 3 1 3 4 1 6 1 1 6 1 3 1 3 1 3 3 3 2 3 1 4
 1 3 1 3 1 3 1 1 3 1 3 3 0 3 5 4 3 0 1 6 4 6 3 2 4 4 3 1 6 3 2 5 1 3 5 1 3
 6 1 5 0 1 5 3 3 6 0 1 3 6 5 4 1 3 6 5 1 0 3 1 1 6 1 5 6 3 2 2 4 3 3 3 2 3
 3 3 3 3 4 2 6 3 0 1 3 3 2 3 6 3 2 1 2 3 3 6 2 1 0 3 5 3 3 3 3 5 0 0 2 3 3
 1 1 6 3 3 3 1 1 3 3 1 0 3 1 6 3 3 2 3 6 4 4 3 0 3 3 3 6 4 3 2 6 3 4 2 6 6
 3 2 3 6 1 3 4 3 3 4 3 1 1 3 3 3 3 6 3 3 3 1 5 3 3 6 2 3 3 3 4 4 3 5 1 3 0
 4 1 3 4 3 6 6 2 1 3 1 3 1 3 3 3 1 6 3 3 6 1 3 3 5 3]
accuracy = %s 84.1614906832
                   precision    recall  f1-score   support

     Ariel Sharon       0.75      0.92      0.83        13
     Colin Powell       0.85      0.85      0.85        60
  Donald Rumsfeld       0.74      0.63      0.68        27
    George W Bush       0.92      0.90      0.91       146
Gerhard Schroeder       0.71      0.80      0.75        25
      Hugo Chavez       0.67      0.80      0.73        15
       Tony Blair       0.79      0.75      0.77        36

      avg / total       0.84      0.84      0.84       322

[[ 12   0   1   0   0   0   0]
 [  2  51   1   3   0   0   3]
 [  2   1  17   3   2   1   1]
 [  0   4   3 132   3   4   0]
 [  0   1   0   2  20   1   1]
 [  0   0   0   0   1  12   2]
 [  0   3   1   3   2   0  27]]
['lmnn', 'lsml']
Printing all accuracies
[ 83.54037267]
[ 82.91925466]
83.850931677 [3 3 6 3 3 3 4 1 3 3 3 3 3 6 1 3 3 3 3 2 1 2 3 1 0 1 2 1 3 3 2 3 3 3 3 3 3
 3 3 1 1 1 3 1 1 1 3 3 2 3 1 3 0 3 5 1 1 3 1 3 1 3 6 4 3 5 6 4 1 3 5 4 3 3
 4 2 1 4 4 2 3 0 4 3 3 3 3 3 3 3 3 1 3 4 1 6 1 1 6 1 3 1 3 1 3 3 3 2 3 1 4
 1 3 2 3 1 3 0 1 3 1 3 3 0 3 4 4 3 0 1 6 4 6 3 0 4 3 3 1 6 3 2 5 1 3 1 1 3
 6 1 5 1 1 5 3 3 3 0 1 3 6 5 4 1 3 0 5 1 0 3 1 1 6 1 5 6 3 2 2 4 3 1 3 2 3
 3 3 3 3 2 2 2 3 0 1 3 3 2 3 3 3 2 1 2 3 3 6 2 1 0 3 5 3 3 3 3 3 0 0 2 2 3
 1 1 6 3 3 3 3 3 3 3 1 0 3 1 6 3 3 3 3 6 4 4 3 0 3 3 3 6 4 3 2 6 3 4 2 1 6
 2 2 3 6 1 3 4 3 3 4 3 1 1 3 3 3 3 1 3 3 3 1 5 3 3 1 0 3 3 3 3 4 3 0 1 3 0
 4 1 3 4 3 6 6 2 1 3 1 3 1 3 3 3 1 6 3 3 6 1 3 3 4 3]
accuracy = %s 83.850931677
                   precision    recall  f1-score   support

     Ariel Sharon       0.68      1.00      0.81        13
     Colin Powell       0.81      0.90      0.85        60
  Donald Rumsfeld       0.70      0.70      0.70        27
    George W Bush       0.92      0.92      0.92       146
Gerhard Schroeder       0.73      0.76      0.75        25
      Hugo Chavez       0.73      0.53      0.62        15
       Tony Blair       0.88      0.61      0.72        36

      avg / total       0.84      0.84      0.84       322

[[ 13   0   0   0   0   0   0]
 [  1  54   1   3   0   0   1]
 [  2   2  19   2   1   1   0]
 [  0   5   4 135   1   1   0]
 [  1   0   2   2  19   0   1]
 [  2   2   0   0   2   8   1]
 [  0   4   1   5   3   1  22]]
['lmnn', 'rca']
Printing all accuracies
[ 83.54037267]
[ 84.16149068]
83.850931677 [3 3 6 3 3 3 4 1 3 3 3 3 3 6 1 3 3 3 3 3 3 2 3 1 0 1 2 1 3 3 2 3 3 3 3 3 3
 3 3 1 1 1 3 1 1 1 3 3 2 3 1 3 0 3 5 0 1 3 1 3 1 3 6 4 3 5 6 4 1 3 5 4 3 3
 4 2 1 4 4 4 3 0 4 3 3 3 3 3 3 3 3 1 3 4 1 6 1 1 6 1 3 1 3 1 3 3 3 2 3 1 4
 1 3 1 3 1 3 0 1 3 1 3 3 0 3 4 4 3 0 1 6 4 6 3 0 4 4 3 1 6 3 2 5 1 3 5 1 3
 6 1 5 1 1 5 3 3 3 0 1 3 6 5 4 1 3 0 5 1 0 3 1 1 6 1 5 6 3 2 2 4 3 1 3 2 3
 3 3 3 3 4 2 2 3 0 1 3 3 2 3 3 3 2 1 2 3 3 6 2 1 0 3 5 3 3 3 3 3 0 0 2 2 3
 1 1 6 3 3 3 1 1 3 3 1 0 3 1 6 3 3 2 3 6 4 4 3 0 3 3 3 6 4 3 2 6 3 4 2 6 6
 2 2 3 6 1 3 4 3 3 4 3 1 1 3 3 3 3 6 3 3 3 1 5 3 3 1 0 3 3 3 4 4 3 5 1 3 0
 4 1 3 4 3 6 6 2 1 3 1 3 1 3 3 3 1 6 3 3 6 1 3 3 4 3]
accuracy = %s 83.850931677
                   precision    recall  f1-score   support

     Ariel Sharon       0.68      1.00      0.81        13
     Colin Powell       0.82      0.88      0.85        60
  Donald Rumsfeld       0.75      0.67      0.71        27
    George W Bush       0.92      0.90      0.91       146
Gerhard Schroeder       0.70      0.84      0.76        25
      Hugo Chavez       0.77      0.67      0.71        15
       Tony Blair       0.85      0.64      0.73        36

      avg / total       0.84      0.84      0.84       322

[[ 13   0   0   0   0   0   0]
 [  1  53   1   3   0   0   2]
 [  3   1  18   2   2   1   0]
 [  0   7   4 132   2   1   0]
 [  1   0   0   2  21   0   1]
 [  1   1   0   0   2  10   1]
 [  0   3   1   5   3   1  23]]
['lmnn', 'lfda']
Printing all accuracies
[ 83.54037267]
[ 84.16149068]
83.5403726708 [3 3 6 3 3 3 4 1 3 3 3 3 3 6 1 3 3 3 3 3 3 2 3 1 0 1 2 1 3 3 2 3 3 3 3 3 3
 3 3 1 1 1 3 1 1 1 3 3 2 3 1 3 0 3 5 0 1 3 1 3 1 3 6 4 3 5 6 4 1 3 5 4 3 3
 4 2 1 4 4 4 3 0 4 3 3 3 3 3 3 3 3 1 3 4 1 6 1 1 6 1 3 1 3 1 3 3 3 2 3 1 4
 1 3 1 3 1 3 0 1 3 1 3 3 0 3 4 4 3 0 1 6 4 6 3 0 4 4 3 1 6 3 2 5 1 3 5 1 3
 6 1 5 0 1 5 3 3 3 0 1 3 6 5 4 1 3 0 5 1 0 3 1 1 6 1 5 6 3 2 2 4 3 1 3 2 3
 3 3 3 3 4 2 2 3 0 1 3 3 2 3 3 3 2 1 2 3 3 6 2 1 0 3 5 3 3 3 3 3 0 0 2 2 3
 1 1 6 3 3 3 1 1 3 3 1 0 3 1 6 3 3 2 3 6 4 4 3 0 3 3 3 6 4 3 2 6 3 4 2 6 6
 2 2 3 6 1 3 4 3 3 4 3 1 1 3 3 3 3 6 3 3 3 1 5 3 3 1 0 3 3 3 4 4 3 5 1 3 0
 4 1 3 4 3 6 6 2 1 3 1 3 1 3 3 3 1 6 3 3 6 1 3 3 4 3]
accuracy = %s 83.5403726708
                   precision    recall  f1-score   support

     Ariel Sharon       0.65      1.00      0.79        13
     Colin Powell       0.81      0.87      0.84        60
  Donald Rumsfeld       0.75      0.67      0.71        27
    George W Bush       0.92      0.90      0.91       146
Gerhard Schroeder       0.70      0.84      0.76        25
      Hugo Chavez       0.77      0.67      0.71        15
       Tony Blair       0.85      0.64      0.73        36

      avg / total       0.84      0.84      0.83       322

[[ 13   0   0   0   0   0   0]
 [  2  52   1   3   0   0   2]
 [  3   1  18   2   2   1   0]
 [  0   7   4 132   2   1   0]
 [  1   0   0   2  21   0   1]
 [  1   1   0   0   2  10   1]
 [  0   3   1   5   3   1  23]]
['lsml', 'rca']
Printing all accuracies
[ 82.91925466]
[ 84.16149068]
83.5403726708 [3 3 6 3 3 2 4 1 3 3 3 3 3 6 5 3 3 3 3 2 1 2 3 1 0 1 2 1 3 3 2 3 3 3 3 3 5
 3 3 1 1 1 3 1 1 1 3 3 2 3 3 3 0 3 6 0 1 3 5 3 1 3 6 4 3 5 6 4 1 3 5 4 3 3
 4 2 1 6 4 2 3 0 4 3 3 3 3 3 3 3 3 1 3 4 1 6 1 1 6 1 3 1 3 1 3 3 3 2 3 1 4
 1 3 1 3 1 3 0 1 3 1 3 3 0 3 4 4 3 0 1 6 4 4 3 2 4 3 3 1 6 3 2 5 1 3 1 1 3
 6 1 5 1 1 5 3 3 6 0 1 3 6 5 4 1 3 0 5 1 0 3 1 1 6 1 5 6 3 3 2 4 3 1 3 2 3
 3 3 3 3 2 2 6 3 0 1 3 3 2 3 6 3 2 1 0 3 3 6 2 1 0 3 5 3 3 3 3 3 0 0 2 3 3
 1 1 6 3 3 3 1 1 3 3 1 0 3 1 6 3 3 2 3 6 4 4 3 0 3 3 3 6 4 3 2 6 3 4 2 1 6
 3 2 3 6 1 3 4 3 3 4 3 1 1 3 3 3 3 1 3 3 3 1 5 3 3 6 2 3 3 3 3 4 3 0 1 3 0
 4 1 3 4 3 6 6 2 1 3 1 3 1 3 3 3 1 6 3 3 6 1 3 3 5 3]
accuracy = %s 83.5403726708
                   precision    recall  f1-score   support

     Ariel Sharon       0.63      0.92      0.75        13
     Colin Powell       0.83      0.90      0.86        60
  Donald Rumsfeld       0.64      0.59      0.62        27
    George W Bush       0.92      0.91      0.92       146
Gerhard Schroeder       0.76      0.76      0.76        25
      Hugo Chavez       0.71      0.67      0.69        15
       Tony Blair       0.83      0.69      0.76        36

      avg / total       0.84      0.84      0.83       322

[[ 12   0   1   0   0   0   0]
 [  1  54   1   2   0   0   2]
 [  3   1  16   4   1   1   1]
 [  0   5   4 133   1   3   0]
 [  1   0   2   2  19   0   1]
 [  2   1   0   0   1  10   1]
 [  0   4   1   3   3   0  25]]
['lsml', 'lfda']
Printing all accuracies
[ 81.36645963]
[ 84.16149068]
82.298136646 [3 3 6 3 3 3 4 1 3 3 3 3 3 6 5 3 3 3 3 2 3 2 3 1 0 1 2 1 3 3 2 3 3 3 3 3 5
 3 3 1 1 1 3 1 1 1 3 3 2 3 1 3 0 3 6 0 1 3 5 3 1 3 6 4 3 5 6 4 1 3 5 4 3 3
 4 2 1 4 4 2 3 0 4 3 3 3 3 3 3 3 3 1 3 4 1 0 1 1 6 1 3 1 3 1 3 3 3 2 3 1 4
 1 3 1 3 1 3 1 1 3 1 3 3 0 3 4 4 3 0 1 6 4 1 3 2 4 3 3 1 6 3 2 5 1 3 1 1 3
 6 1 5 0 1 5 3 3 6 0 1 3 6 5 4 1 3 0 5 1 0 3 1 1 6 1 5 6 3 2 2 4 3 1 3 2 3
 3 3 3 3 4 2 6 3 0 1 3 3 2 3 6 3 2 1 2 3 3 6 2 1 0 3 5 3 3 3 3 5 0 0 2 3 3
 1 1 6 3 3 3 1 1 3 3 0 0 3 1 6 3 3 2 3 6 4 4 3 0 3 3 3 6 4 3 2 6 3 4 2 1 6
 3 2 3 6 1 3 4 3 3 4 3 1 1 3 3 3 3 1 3 3 3 1 5 3 3 6 2 3 3 3 3 4 3 0 1 3 0
 4 1 3 4 3 6 6 2 1 3 1 3 1 3 3 3 1 6 3 3 6 1 3 3 5 3]
accuracy = %s 82.298136646
                   precision    recall  f1-score   support

     Ariel Sharon       0.60      0.92      0.73        13
     Colin Powell       0.78      0.85      0.82        60
  Donald Rumsfeld       0.68      0.63      0.65        27
    George W Bush       0.92      0.90      0.91       146
Gerhard Schroeder       0.73      0.76      0.75        25
      Hugo Chavez       0.67      0.67      0.67        15
       Tony Blair       0.86      0.67      0.75        36

      avg / total       0.83      0.82      0.82       322

[[ 12   0   1   0   0   0   0]
 [  3  51   1   3   0   0   2]
 [  2   1  17   3   2   1   1]
 [  0   6   3 132   1   4   0]
 [  0   1   2   2  19   0   1]
 [  3   1   0   0   1  10   0]
 [  0   5   1   3   3   0  24]]
['rca', 'lfda']
Printing all accuracies
[ 84.16149068]
[ 84.16149068]
83.850931677 [3 3 6 3 3 3 4 1 3 3 3 3 3 6 5 3 3 3 3 3 3 2 3 1 0 1 2 1 3 3 2 3 3 3 3 3 5
 3 3 1 1 1 3 1 1 1 3 3 2 3 1 3 0 3 6 0 1 3 5 3 1 3 6 4 3 5 6 4 1 3 5 4 3 3
 4 2 1 4 4 4 3 0 4 3 3 3 3 3 3 3 3 1 3 4 1 6 1 1 6 1 3 1 3 1 3 3 3 2 3 1 4
 1 3 1 3 1 3 0 1 3 1 3 3 0 3 5 4 3 0 1 6 4 6 3 2 4 4 3 1 6 3 2 5 1 3 5 1 3
 6 1 5 0 1 5 3 3 6 0 1 3 6 5 4 1 3 0 5 1 0 3 1 1 6 1 5 6 3 2 2 4 3 3 3 2 3
 3 3 3 3 4 2 6 3 0 1 3 3 2 3 6 3 2 1 2 3 3 6 2 1 0 3 5 3 3 3 3 5 0 0 2 3 3
 1 1 6 3 3 3 1 1 3 3 1 0 3 1 6 3 3 2 3 6 4 4 3 0 3 3 3 6 4 3 2 6 3 4 2 6 6
 3 2 3 6 1 3 4 3 3 4 3 1 1 3 3 3 3 6 3 3 3 1 5 3 3 6 2 3 3 3 4 4 3 5 1 3 0
 4 1 3 4 3 6 6 2 1 3 1 3 1 3 3 3 1 6 3 3 6 1 3 3 5 3]
accuracy = %s 83.850931677
                   precision    recall  f1-score   support

     Ariel Sharon       0.67      0.92      0.77        13
     Colin Powell       0.85      0.85      0.85        60
  Donald Rumsfeld       0.74      0.63      0.68        27
    George W Bush       0.92      0.90      0.91       146
Gerhard Schroeder       0.71      0.80      0.75        25
      Hugo Chavez       0.67      0.80      0.73        15
       Tony Blair       0.81      0.72      0.76        36

      avg / total       0.84      0.84      0.84       322

[[ 12   0   1   0   0   0   0]
 [  2  51   1   3   0   0   3]
 [  2   1  17   3   2   1   1]
 [  0   5   3 132   2   4   0]
 [  1   0   0   2  20   1   1]
 [  1   0   0   0   1  12   1]
 [  0   3   1   3   3   0  26]]
['lmnn', 'lsml', 'rca']
Printing all accuracies
[ 83.54037267]
[ 82.60869565]
[ 84.16149068]
84.7826086957 [3 3 6 3 3 3 4 1 3 3 3 3 3 6 5 3 3 3 3 3 3 2 3 1 0 1 2 1 3 3 2 3 3 3 3 3 5
 3 3 1 1 1 3 1 1 1 3 3 2 3 3 3 0 3 6 1 1 3 5 3 1 3 6 4 3 5 6 4 1 3 5 4 3 3
 4 2 1 6 4 4 3 0 4 3 3 3 3 3 3 3 3 1 3 4 1 6 1 1 6 1 3 1 3 1 3 3 3 2 3 1 4
 1 3 2 3 1 3 0 1 3 1 3 3 0 3 4 4 3 0 1 6 4 6 3 2 4 4 3 1 6 3 2 5 1 3 5 1 3
 6 1 5 1 1 5 3 3 6 0 1 3 6 5 1 1 3 0 5 1 0 3 1 1 6 1 5 6 3 2 2 4 3 3 3 2 3
 3 3 3 3 4 2 6 3 0 1 3 3 2 3 6 3 2 1 2 3 3 6 2 1 0 3 5 3 3 3 3 5 0 0 2 3 3
 1 1 6 3 3 3 3 1 3 3 1 0 3 1 6 3 3 2 3 6 4 4 3 0 3 3 3 6 4 3 2 6 3 4 2 6 6
 3 2 3 6 1 3 4 3 3 4 3 1 1 3 3 3 3 6 3 3 3 1 5 3 3 6 2 3 3 3 4 4 3 5 1 3 0
 4 1 3 4 3 6 6 2 1 3 1 3 1 3 3 3 1 6 3 3 6 1 3 3 5 3]
accuracy = %s 84.7826086957
                   precision    recall  f1-score   support

     Ariel Sharon       0.75      0.92      0.83        13
     Colin Powell       0.85      0.85      0.85        60
  Donald Rumsfeld       0.71      0.63      0.67        27
    George W Bush       0.92      0.91      0.91       146
Gerhard Schroeder       0.78      0.84      0.81        25
      Hugo Chavez       0.71      0.80      0.75        15
       Tony Blair       0.82      0.75      0.78        36

      avg / total       0.85      0.85      0.85       322

[[ 12   0   1   0   0   0   0]
 [  1  51   1   4   0   0   3]
 [  1   2  17   3   2   1   1]
 [  0   3   4 133   2   4   0]
 [  1   0   0   2  21   0   1]
 [  1   1   0   0   0  12   1]
 [  0   3   1   3   2   0  27]]
['lmnn', 'lsml', 'lfda']
Printing all accuracies
[ 83.54037267]
[ 82.91925466]
[ 84.16149068]
84.4720496894 [3 3 6 3 3 3 4 1 3 3 3 3 3 6 5 3 3 3 3 3 3 2 3 1 0 1 2 1 3 3 2 3 3 3 3 3 5
 3 3 1 4 1 3 1 1 1 3 3 2 3 1 3 0 3 6 0 1 3 5 3 1 3 6 4 3 5 6 4 1 3 5 4 3 3
 4 2 1 4 4 4 3 0 4 3 3 3 3 3 3 3 3 1 3 4 1 6 1 1 6 1 3 1 3 1 3 3 3 2 3 1 4
 1 3 1 3 1 3 0 1 3 1 3 3 0 3 4 4 3 0 1 6 4 6 3 0 4 4 3 1 6 3 2 5 1 3 5 1 3
 6 1 5 1 1 5 3 3 3 0 1 3 6 5 4 1 3 6 5 1 0 3 1 1 6 1 5 6 3 2 2 4 3 3 3 2 3
 3 3 3 3 4 2 6 3 0 1 3 3 2 3 6 3 2 1 2 3 3 6 2 1 0 3 5 3 3 3 3 3 0 0 2 3 3
 1 1 6 3 3 3 3 1 3 3 1 0 3 1 6 3 3 3 3 6 4 4 3 0 3 3 3 6 4 3 2 6 3 4 2 6 6
 2 2 3 6 1 3 4 3 3 4 3 1 1 3 3 3 3 6 3 3 3 1 5 3 3 6 2 3 3 3 4 4 3 5 1 3 0
 4 1 3 4 3 6 6 2 1 3 1 3 1 3 3 3 1 6 3 3 6 1 3 3 5 3]
accuracy = %s 84.4720496894
                   precision    recall  f1-score   support

     Ariel Sharon       0.71      0.92      0.80        13
     Colin Powell       0.86      0.85      0.86        60
  Donald Rumsfeld       0.77      0.63      0.69        27
    George W Bush       0.92      0.92      0.92       146
Gerhard Schroeder       0.70      0.84      0.76        25
      Hugo Chavez       0.75      0.80      0.77        15
       Tony Blair       0.78      0.69      0.74        36

      avg / total       0.85      0.84      0.84       322

[[ 12   0   1   0   0   0   0]
 [  1  51   1   4   0   0   3]
 [  3   1  17   2   2   1   1]
 [  0   4   2 134   3   3   0]
 [  1   0   0   2  21   0   1]
 [  0   0   0   0   1  12   2]
 [  0   3   1   4   3   0  25]]
['lmnn', 'rca', 'lfda']
Printing all accuracies
[ 83.54037267]
[ 84.16149068]
[ 84.16149068]
84.1614906832 [3 3 6 3 3 3 4 1 3 3 3 3 3 6 5 3 3 3 3 3 3 2 3 1 0 1 2 1 3 3 2 3 3 3 3 3 5
 3 3 1 1 1 3 1 1 1 3 3 2 3 1 3 0 3 6 0 1 3 5 3 1 3 6 4 3 5 6 4 1 3 5 4 3 3
 4 2 1 4 4 4 3 0 4 3 3 3 3 3 3 3 3 1 3 4 1 6 1 1 6 1 3 1 3 1 3 3 3 2 3 1 4
 1 3 1 3 1 3 0 1 3 1 3 3 0 3 5 4 3 0 1 6 4 6 3 2 4 4 3 1 6 3 2 5 1 3 5 1 3
 6 1 5 1 1 5 3 3 6 0 1 3 6 5 4 1 3 0 5 1 0 3 1 1 6 1 5 6 3 2 2 4 3 3 3 2 3
 3 3 3 3 4 2 6 3 0 1 3 3 2 3 6 3 2 1 2 3 3 6 2 1 0 3 5 3 3 3 3 5 0 0 2 3 3
 1 1 6 3 3 3 1 1 3 3 1 0 3 1 6 3 3 2 3 6 4 4 3 0 3 3 3 6 4 3 2 6 3 4 2 6 6
 3 2 3 6 1 3 4 3 3 4 3 1 1 3 3 3 3 6 3 3 3 1 5 3 3 6 2 3 3 3 4 4 3 5 1 3 0
 4 1 3 4 3 6 6 2 1 3 1 3 1 3 3 3 1 6 3 3 6 1 3 3 5 3]
accuracy = %s 84.1614906832
                   precision    recall  f1-score   support

     Ariel Sharon       0.71      0.92      0.80        13
     Colin Powell       0.85      0.87      0.86        60
  Donald Rumsfeld       0.74      0.63      0.68        27
    George W Bush       0.92      0.90      0.91       146
Gerhard Schroeder       0.71      0.80      0.75        25
      Hugo Chavez       0.67      0.80      0.73        15
       Tony Blair       0.81      0.72      0.76        36

      avg / total       0.85      0.84      0.84       322

[[ 12   0   1   0   0   0   0]
 [  1  52   1   3   0   0   3]
 [  2   1  17   3   2   1   1]
 [  0   5   3 132   2   4   0]
 [  1   0   0   2  20   1   1]
 [  1   0   0   0   1  12   1]
 [  0   3   1   3   3   0  26]]
['lsml', 'rca', 'lfda']
Printing all accuracies
[ 82.29813665]
[ 84.16149068]
[ 84.16149068]
84.1614906832 [3 3 6 3 3 3 4 1 3 3 3 3 3 6 5 3 3 3 3 3 3 2 3 1 0 1 2 1 3 3 2 3 3 3 3 3 5
 3 3 1 4 1 3 1 1 1 3 3 2 3 3 3 0 3 6 0 1 3 5 3 1 3 6 4 3 5 6 4 1 3 5 4 3 3
 4 2 1 6 4 4 3 0 4 3 3 3 3 3 3 3 3 1 3 4 1 6 1 1 6 1 3 1 3 1 3 3 3 2 3 1 4
 1 3 1 3 1 3 0 1 3 1 3 3 0 3 5 4 3 0 1 6 4 6 3 2 4 4 3 1 6 3 2 5 1 3 5 1 3
 6 1 5 1 1 5 3 3 6 0 1 3 6 5 4 1 3 0 5 1 0 3 1 1 6 1 5 6 3 3 2 4 3 3 3 2 3
 3 3 3 3 4 2 6 3 0 1 3 3 2 3 6 3 2 1 2 3 3 6 2 1 0 3 5 3 3 3 3 5 0 0 2 3 3
 1 1 6 3 3 3 1 1 3 3 1 0 3 1 6 3 3 2 3 6 4 4 3 0 3 3 3 6 4 3 2 6 3 4 2 6 6
 3 2 3 6 1 3 4 3 3 4 3 1 1 3 3 3 3 6 3 3 3 1 5 3 3 6 2 3 3 3 3 4 3 5 1 3 0
 4 1 3 4 3 6 6 2 1 3 1 3 1 3 3 3 1 6 3 3 6 1 3 3 5 3]
accuracy = %s 84.1614906832
                   precision    recall  f1-score   support

     Ariel Sharon       0.71      0.92      0.80        13
     Colin Powell       0.88      0.87      0.87        60
  Donald Rumsfeld       0.73      0.59      0.65        27
    George W Bush       0.91      0.91      0.91       146
Gerhard Schroeder       0.70      0.76      0.73        25
      Hugo Chavez       0.67      0.80      0.73        15
       Tony Blair       0.82      0.75      0.78        36

      avg / total       0.84      0.84      0.84       322

[[ 12   0   1   0   0   0   0]
 [  1  52   1   3   0   0   3]
 [  2   1  16   4   2   1   1]
 [  0   3   3 133   3   4   0]
 [  1   0   0   3  19   1   1]
 [  1   0   0   0   1  12   1]
 [  0   3   1   3   2   0  27]]
['lmnn', 'lsml', 'rca', 'lfda']
Printing all accuracies
[ 83.54037267]
[ 82.60869565]
[ 84.16149068]
[ 84.16149068]
85.0931677019 [3 3 6 3 3 3 4 1 3 3 3 3 3 6 5 3 3 3 3 3 3 2 3 1 0 1 2 1 3 3 2 3 3 3 3 3 5
 3 3 1 1 1 3 1 1 1 3 3 2 3 1 3 0 3 6 0 1 3 5 3 1 3 6 4 3 5 6 4 1 3 5 4 3 3
 4 2 1 4 4 4 3 0 4 3 3 3 3 3 3 3 3 1 3 4 1 6 1 1 6 1 3 1 3 1 3 3 3 2 3 1 4
 1 3 1 3 1 3 0 1 3 1 3 3 0 3 4 4 3 0 1 6 4 6 3 2 4 4 3 1 6 3 2 5 1 3 5 1 3
 6 1 5 1 1 5 3 3 6 0 1 3 6 5 4 1 3 0 5 1 0 3 1 1 6 1 5 6 3 2 2 4 3 3 3 2 3
 3 3 3 3 4 2 6 3 0 1 3 3 2 3 6 3 2 1 2 3 3 6 2 1 0 3 5 3 3 3 3 3 0 0 2 3 3
 1 1 6 3 3 3 1 1 3 3 1 0 3 1 6 3 3 2 3 6 4 4 3 0 3 3 3 6 4 3 2 6 3 4 2 6 6
 2 2 3 6 1 3 4 3 3 4 3 1 1 3 3 3 3 6 3 3 3 1 5 3 3 6 2 3 3 3 4 4 3 5 1 3 0
 4 1 3 4 3 6 6 2 1 3 1 3 1 3 3 3 1 6 3 3 6 1 3 3 5 3]
accuracy = %s 85.0931677019
                   precision    recall  f1-score   support

     Ariel Sharon       0.71      0.92      0.80        13
     Colin Powell       0.85      0.87      0.86        60
  Donald Rumsfeld       0.75      0.67      0.71        27
    George W Bush       0.93      0.91      0.92       146
Gerhard Schroeder       0.72      0.84      0.78        25
      Hugo Chavez       0.75      0.80      0.77        15
       Tony Blair       0.81      0.72      0.76        36

      avg / total       0.85      0.85      0.85       322

[[ 12   0   1   0   0   0   0]
 [  1  52   1   3   0   0   3]
 [  2   1  18   2   2   1   1]
 [  0   5   3 133   2   3   0]
 [  1   0   0   2  21   0   1]
 [  1   0   0   0   1  12   1]
 [  0   3   1   3   3   0  26]]
Without the LMNN structure
Fitting the classifier to the training set
done in 26.308s
Best estimator found by grid search:
SVC(C=1000.0, cache_size=200, class_weight=None, coef0=0.0, degree=3,
  gamma=0.001, kernel=rbf, max_iter=-1, probability=False,
  random_state=None, shrinking=True, tol=0.001, verbose=False)
Predicting people's names on the test set
accuracy = %s 85.4037267081
done in 0.076s
                   precision    recall  f1-score   support

     Ariel Sharon       0.69      0.85      0.76        13
     Colin Powell       0.86      0.90      0.88        60
  Donald Rumsfeld       0.76      0.59      0.67        27
    George W Bush       0.89      0.95      0.92       146
Gerhard Schroeder       0.83      0.80      0.82        25
      Hugo Chavez       0.77      0.67      0.71        15
       Tony Blair       0.86      0.69      0.77        36

      avg / total       0.85      0.85      0.85       322

[[ 11   0   1   1   0   0   0]
 [  1  54   1   4   0   0   0]
 [  1   2  16   4   1   1   2]
 [  0   3   1 139   0   2   1]
 [  1   0   1   2  20   0   1]
 [  2   2   0   1   0  10   0]
 [  0   2   1   5   3   0  25]]
