3 50 1000 1e-07 0.5 0.001
Total dataset size:
n_samples: 1288
n_features: 1850
n_classes: 7
Extracting the top 150 eigenfaces from 966 faces
done in 1.360s
Projecting the input data on the eigenfaces orthonormal basis
done in 0.133s
['lmnn']

                            < M A T L A B (R) >
                  Copyright 1984-2012 The MathWorks, Inc.
                    R2012a (7.14.0.739) 32-bit (glnx86)
                              February 9, 2012

 
To get started, type one of these: helpwin, helpdesk, or demo.
For product information, visit www.mathworks.com.
 
>> >> >> >> >> >> >> >> >> >> 
ans =

   966   150

>> 
ans =

   966     1

>> >> >> >> >> >> Matlab successfully exited.
accuracy = %s 85.7142857143
                   precision    recall  f1-score   support

     Ariel Sharon       0.81      1.00      0.90        13
     Colin Powell       0.84      0.87      0.85        60
  Donald Rumsfeld       0.78      0.67      0.72        27
    George W Bush       0.93      0.93      0.93       146
Gerhard Schroeder       0.73      0.76      0.75        25
      Hugo Chavez       0.71      0.80      0.75        15
       Tony Blair       0.84      0.72      0.78        36

      avg / total       0.86      0.86      0.86       322

[[ 13   0   0   0   0   0   0]
 [  0  52   2   4   0   0   2]
 [  1   2  18   3   1   1   1]
 [  0   3   1 136   3   3   0]
 [  1   0   1   1  19   1   2]
 [  1   1   0   0   1  12   0]
 [  0   4   1   3   2   0  26]]
['lsml']
accuracy = %s 85.7142857143
                   precision    recall  f1-score   support

     Ariel Sharon       0.81      1.00      0.90        13
     Colin Powell       0.84      0.87      0.85        60
  Donald Rumsfeld       0.78      0.67      0.72        27
    George W Bush       0.93      0.93      0.93       146
Gerhard Schroeder       0.73      0.76      0.75        25
      Hugo Chavez       0.71      0.80      0.75        15
       Tony Blair       0.84      0.72      0.78        36

      avg / total       0.86      0.86      0.86       322

[[ 13   0   0   0   0   0   0]
 [  0  52   2   4   0   0   2]
 [  1   2  18   3   1   1   1]
 [  0   3   1 136   3   3   0]
 [  1   0   1   1  19   1   2]
 [  1   1   0   0   1  12   0]
 [  0   4   1   3   2   0  26]]
['rca']
accuracy = %s 85.7142857143
                   precision    recall  f1-score   support

     Ariel Sharon       0.81      1.00      0.90        13
     Colin Powell       0.84      0.87      0.85        60
  Donald Rumsfeld       0.78      0.67      0.72        27
    George W Bush       0.93      0.93      0.93       146
Gerhard Schroeder       0.73      0.76      0.75        25
      Hugo Chavez       0.71      0.80      0.75        15
       Tony Blair       0.84      0.72      0.78        36

      avg / total       0.86      0.86      0.86       322

[[ 13   0   0   0   0   0   0]
 [  0  52   2   4   0   0   2]
 [  1   2  18   3   1   1   1]
 [  0   3   1 136   3   3   0]
 [  1   0   1   1  19   1   2]
 [  1   1   0   0   1  12   0]
 [  0   4   1   3   2   0  26]]
['lfda']
accuracy = %s 85.7142857143
                   precision    recall  f1-score   support

     Ariel Sharon       0.81      1.00      0.90        13
     Colin Powell       0.84      0.87      0.85        60
  Donald Rumsfeld       0.78      0.67      0.72        27
    George W Bush       0.93      0.93      0.93       146
Gerhard Schroeder       0.73      0.76      0.75        25
      Hugo Chavez       0.71      0.80      0.75        15
       Tony Blair       0.84      0.72      0.78        36

      avg / total       0.86      0.86      0.86       322

[[ 13   0   0   0   0   0   0]
 [  0  52   2   4   0   0   2]
 [  1   2  18   3   1   1   1]
 [  0   3   1 136   3   3   0]
 [  1   0   1   1  19   1   2]
 [  1   1   0   0   1  12   0]
 [  0   4   1   3   2   0  26]]
['ldml']
accuracy = %s 85.7142857143
                   precision    recall  f1-score   support

     Ariel Sharon       0.81      1.00      0.90        13
     Colin Powell       0.84      0.87      0.85        60
  Donald Rumsfeld       0.78      0.67      0.72        27
    George W Bush       0.93      0.93      0.93       146
Gerhard Schroeder       0.73      0.76      0.75        25
      Hugo Chavez       0.71      0.80      0.75        15
       Tony Blair       0.84      0.72      0.78        36

      avg / total       0.86      0.86      0.86       322

[[ 13   0   0   0   0   0   0]
 [  0  52   2   4   0   0   2]
 [  1   2  18   3   1   1   1]
 [  0   3   1 136   3   3   0]
 [  1   0   1   1  19   1   2]
 [  1   1   0   0   1  12   0]
 [  0   4   1   3   2   0  26]]
['lmnn', 'lsml']
accuracy = %s 85.7142857143
                   precision    recall  f1-score   support

     Ariel Sharon       0.81      1.00      0.90        13
     Colin Powell       0.84      0.87      0.85        60
  Donald Rumsfeld       0.78      0.67      0.72        27
    George W Bush       0.93      0.93      0.93       146
Gerhard Schroeder       0.73      0.76      0.75        25
      Hugo Chavez       0.71      0.80      0.75        15
       Tony Blair       0.84      0.72      0.78        36

      avg / total       0.86      0.86      0.86       322

[[ 13   0   0   0   0   0   0]
 [  0  52   2   4   0   0   2]
 [  1   2  18   3   1   1   1]
 [  0   3   1 136   3   3   0]
 [  1   0   1   1  19   1   2]
 [  1   1   0   0   1  12   0]
 [  0   4   1   3   2   0  26]]
['lmnn', 'rca']
accuracy = %s 85.7142857143
                   precision    recall  f1-score   support

     Ariel Sharon       0.81      1.00      0.90        13
     Colin Powell       0.84      0.87      0.85        60
  Donald Rumsfeld       0.78      0.67      0.72        27
    George W Bush       0.93      0.93      0.93       146
Gerhard Schroeder       0.73      0.76      0.75        25
      Hugo Chavez       0.71      0.80      0.75        15
       Tony Blair       0.84      0.72      0.78        36

      avg / total       0.86      0.86      0.86       322

[[ 13   0   0   0   0   0   0]
 [  0  52   2   4   0   0   2]
 [  1   2  18   3   1   1   1]
 [  0   3   1 136   3   3   0]
 [  1   0   1   1  19   1   2]
 [  1   1   0   0   1  12   0]
 [  0   4   1   3   2   0  26]]
['lmnn', 'lfda']
accuracy = %s 85.7142857143
                   precision    recall  f1-score   support

     Ariel Sharon       0.81      1.00      0.90        13
     Colin Powell       0.84      0.87      0.85        60
  Donald Rumsfeld       0.78      0.67      0.72        27
    George W Bush       0.93      0.93      0.93       146
Gerhard Schroeder       0.73      0.76      0.75        25
      Hugo Chavez       0.71      0.80      0.75        15
       Tony Blair       0.84      0.72      0.78        36

      avg / total       0.86      0.86      0.86       322

[[ 13   0   0   0   0   0   0]
 [  0  52   2   4   0   0   2]
 [  1   2  18   3   1   1   1]
 [  0   3   1 136   3   3   0]
 [  1   0   1   1  19   1   2]
 [  1   1   0   0   1  12   0]
 [  0   4   1   3   2   0  26]]
['lmnn', 'ldml']
accuracy = %s 85.7142857143
                   precision    recall  f1-score   support

     Ariel Sharon       0.81      1.00      0.90        13
     Colin Powell       0.84      0.87      0.85        60
  Donald Rumsfeld       0.78      0.67      0.72        27
    George W Bush       0.93      0.93      0.93       146
Gerhard Schroeder       0.73      0.76      0.75        25
      Hugo Chavez       0.71      0.80      0.75        15
       Tony Blair       0.84      0.72      0.78        36

      avg / total       0.86      0.86      0.86       322

[[ 13   0   0   0   0   0   0]
 [  0  52   2   4   0   0   2]
 [  1   2  18   3   1   1   1]
 [  0   3   1 136   3   3   0]
 [  1   0   1   1  19   1   2]
 [  1   1   0   0   1  12   0]
 [  0   4   1   3   2   0  26]]
['lsml', 'rca']
accuracy = %s 85.7142857143
                   precision    recall  f1-score   support

     Ariel Sharon       0.81      1.00      0.90        13
     Colin Powell       0.84      0.87      0.85        60
  Donald Rumsfeld       0.78      0.67      0.72        27
    George W Bush       0.93      0.93      0.93       146
Gerhard Schroeder       0.73      0.76      0.75        25
      Hugo Chavez       0.71      0.80      0.75        15
       Tony Blair       0.84      0.72      0.78        36

      avg / total       0.86      0.86      0.86       322

[[ 13   0   0   0   0   0   0]
 [  0  52   2   4   0   0   2]
 [  1   2  18   3   1   1   1]
 [  0   3   1 136   3   3   0]
 [  1   0   1   1  19   1   2]
 [  1   1   0   0   1  12   0]
 [  0   4   1   3   2   0  26]]
['lsml', 'lfda']
accuracy = %s 85.7142857143
                   precision    recall  f1-score   support

     Ariel Sharon       0.81      1.00      0.90        13
     Colin Powell       0.84      0.87      0.85        60
  Donald Rumsfeld       0.78      0.67      0.72        27
    George W Bush       0.93      0.93      0.93       146
Gerhard Schroeder       0.73      0.76      0.75        25
      Hugo Chavez       0.71      0.80      0.75        15
       Tony Blair       0.84      0.72      0.78        36

      avg / total       0.86      0.86      0.86       322

[[ 13   0   0   0   0   0   0]
 [  0  52   2   4   0   0   2]
 [  1   2  18   3   1   1   1]
 [  0   3   1 136   3   3   0]
 [  1   0   1   1  19   1   2]
 [  1   1   0   0   1  12   0]
 [  0   4   1   3   2   0  26]]
['lsml', 'ldml']
accuracy = %s 85.7142857143
                   precision    recall  f1-score   support

     Ariel Sharon       0.81      1.00      0.90        13
     Colin Powell       0.84      0.87      0.85        60
  Donald Rumsfeld       0.78      0.67      0.72        27
    George W Bush       0.93      0.93      0.93       146
Gerhard Schroeder       0.73      0.76      0.75        25
      Hugo Chavez       0.71      0.80      0.75        15
       Tony Blair       0.84      0.72      0.78        36

      avg / total       0.86      0.86      0.86       322

[[ 13   0   0   0   0   0   0]
 [  0  52   2   4   0   0   2]
 [  1   2  18   3   1   1   1]
 [  0   3   1 136   3   3   0]
 [  1   0   1   1  19   1   2]
 [  1   1   0   0   1  12   0]
 [  0   4   1   3   2   0  26]]
['rca', 'lfda']
accuracy = %s 85.7142857143
                   precision    recall  f1-score   support

     Ariel Sharon       0.81      1.00      0.90        13
     Colin Powell       0.84      0.87      0.85        60
  Donald Rumsfeld       0.78      0.67      0.72        27
    George W Bush       0.93      0.93      0.93       146
Gerhard Schroeder       0.73      0.76      0.75        25
      Hugo Chavez       0.71      0.80      0.75        15
       Tony Blair       0.84      0.72      0.78        36

      avg / total       0.86      0.86      0.86       322

[[ 13   0   0   0   0   0   0]
 [  0  52   2   4   0   0   2]
 [  1   2  18   3   1   1   1]
 [  0   3   1 136   3   3   0]
 [  1   0   1   1  19   1   2]
 [  1   1   0   0   1  12   0]
 [  0   4   1   3   2   0  26]]
['rca', 'ldml']
accuracy = %s 85.7142857143
                   precision    recall  f1-score   support

     Ariel Sharon       0.81      1.00      0.90        13
     Colin Powell       0.84      0.87      0.85        60
  Donald Rumsfeld       0.78      0.67      0.72        27
    George W Bush       0.93      0.93      0.93       146
Gerhard Schroeder       0.73      0.76      0.75        25
      Hugo Chavez       0.71      0.80      0.75        15
       Tony Blair       0.84      0.72      0.78        36

      avg / total       0.86      0.86      0.86       322

[[ 13   0   0   0   0   0   0]
 [  0  52   2   4   0   0   2]
 [  1   2  18   3   1   1   1]
 [  0   3   1 136   3   3   0]
 [  1   0   1   1  19   1   2]
 [  1   1   0   0   1  12   0]
 [  0   4   1   3   2   0  26]]
['lfda', 'ldml']
accuracy = %s 85.7142857143
                   precision    recall  f1-score   support

     Ariel Sharon       0.81      1.00      0.90        13
     Colin Powell       0.84      0.87      0.85        60
  Donald Rumsfeld       0.78      0.67      0.72        27
    George W Bush       0.93      0.93      0.93       146
Gerhard Schroeder       0.73      0.76      0.75        25
      Hugo Chavez       0.71      0.80      0.75        15
       Tony Blair       0.84      0.72      0.78        36

      avg / total       0.86      0.86      0.86       322

[[ 13   0   0   0   0   0   0]
 [  0  52   2   4   0   0   2]
 [  1   2  18   3   1   1   1]
 [  0   3   1 136   3   3   0]
 [  1   0   1   1  19   1   2]
 [  1   1   0   0   1  12   0]
 [  0   4   1   3   2   0  26]]
['lmnn', 'lsml', 'rca']
accuracy = %s 85.7142857143
                   precision    recall  f1-score   support

     Ariel Sharon       0.81      1.00      0.90        13
     Colin Powell       0.84      0.87      0.85        60
  Donald Rumsfeld       0.78      0.67      0.72        27
    George W Bush       0.93      0.93      0.93       146
Gerhard Schroeder       0.73      0.76      0.75        25
      Hugo Chavez       0.71      0.80      0.75        15
       Tony Blair       0.84      0.72      0.78        36

      avg / total       0.86      0.86      0.86       322

[[ 13   0   0   0   0   0   0]
 [  0  52   2   4   0   0   2]
 [  1   2  18   3   1   1   1]
 [  0   3   1 136   3   3   0]
 [  1   0   1   1  19   1   2]
 [  1   1   0   0   1  12   0]
 [  0   4   1   3   2   0  26]]
['lmnn', 'lsml', 'lfda']
accuracy = %s 85.7142857143
                   precision    recall  f1-score   support

     Ariel Sharon       0.81      1.00      0.90        13
     Colin Powell       0.84      0.87      0.85        60
  Donald Rumsfeld       0.78      0.67      0.72        27
    George W Bush       0.93      0.93      0.93       146
Gerhard Schroeder       0.73      0.76      0.75        25
      Hugo Chavez       0.71      0.80      0.75        15
       Tony Blair       0.84      0.72      0.78        36

      avg / total       0.86      0.86      0.86       322

[[ 13   0   0   0   0   0   0]
 [  0  52   2   4   0   0   2]
 [  1   2  18   3   1   1   1]
 [  0   3   1 136   3   3   0]
 [  1   0   1   1  19   1   2]
 [  1   1   0   0   1  12   0]
 [  0   4   1   3   2   0  26]]
['lmnn', 'lsml', 'ldml']
accuracy = %s 85.7142857143
                   precision    recall  f1-score   support

     Ariel Sharon       0.81      1.00      0.90        13
     Colin Powell       0.84      0.87      0.85        60
  Donald Rumsfeld       0.78      0.67      0.72        27
    George W Bush       0.93      0.93      0.93       146
Gerhard Schroeder       0.73      0.76      0.75        25
      Hugo Chavez       0.71      0.80      0.75        15
       Tony Blair       0.84      0.72      0.78        36

      avg / total       0.86      0.86      0.86       322

[[ 13   0   0   0   0   0   0]
 [  0  52   2   4   0   0   2]
 [  1   2  18   3   1   1   1]
 [  0   3   1 136   3   3   0]
 [  1   0   1   1  19   1   2]
 [  1   1   0   0   1  12   0]
 [  0   4   1   3   2   0  26]]
['lmnn', 'rca', 'lfda']
accuracy = %s 85.7142857143
                   precision    recall  f1-score   support

     Ariel Sharon       0.81      1.00      0.90        13
     Colin Powell       0.84      0.87      0.85        60
  Donald Rumsfeld       0.78      0.67      0.72        27
    George W Bush       0.93      0.93      0.93       146
Gerhard Schroeder       0.73      0.76      0.75        25
      Hugo Chavez       0.71      0.80      0.75        15
       Tony Blair       0.84      0.72      0.78        36

      avg / total       0.86      0.86      0.86       322

[[ 13   0   0   0   0   0   0]
 [  0  52   2   4   0   0   2]
 [  1   2  18   3   1   1   1]
 [  0   3   1 136   3   3   0]
 [  1   0   1   1  19   1   2]
 [  1   1   0   0   1  12   0]
 [  0   4   1   3   2   0  26]]
['lmnn', 'rca', 'ldml']
accuracy = %s 85.7142857143
                   precision    recall  f1-score   support

     Ariel Sharon       0.81      1.00      0.90        13
     Colin Powell       0.84      0.87      0.85        60
  Donald Rumsfeld       0.78      0.67      0.72        27
    George W Bush       0.93      0.93      0.93       146
Gerhard Schroeder       0.73      0.76      0.75        25
      Hugo Chavez       0.71      0.80      0.75        15
       Tony Blair       0.84      0.72      0.78        36

      avg / total       0.86      0.86      0.86       322

[[ 13   0   0   0   0   0   0]
 [  0  52   2   4   0   0   2]
 [  1   2  18   3   1   1   1]
 [  0   3   1 136   3   3   0]
 [  1   0   1   1  19   1   2]
 [  1   1   0   0   1  12   0]
 [  0   4   1   3   2   0  26]]
['lmnn', 'lfda', 'ldml']
accuracy = %s 85.7142857143
                   precision    recall  f1-score   support

     Ariel Sharon       0.81      1.00      0.90        13
     Colin Powell       0.84      0.87      0.85        60
  Donald Rumsfeld       0.78      0.67      0.72        27
    George W Bush       0.93      0.93      0.93       146
Gerhard Schroeder       0.73      0.76      0.75        25
      Hugo Chavez       0.71      0.80      0.75        15
       Tony Blair       0.84      0.72      0.78        36

      avg / total       0.86      0.86      0.86       322

[[ 13   0   0   0   0   0   0]
 [  0  52   2   4   0   0   2]
 [  1   2  18   3   1   1   1]
 [  0   3   1 136   3   3   0]
 [  1   0   1   1  19   1   2]
 [  1   1   0   0   1  12   0]
 [  0   4   1   3   2   0  26]]
['lsml', 'rca', 'lfda']
accuracy = %s 85.7142857143
                   precision    recall  f1-score   support

     Ariel Sharon       0.81      1.00      0.90        13
     Colin Powell       0.84      0.87      0.85        60
  Donald Rumsfeld       0.78      0.67      0.72        27
    George W Bush       0.93      0.93      0.93       146
Gerhard Schroeder       0.73      0.76      0.75        25
      Hugo Chavez       0.71      0.80      0.75        15
       Tony Blair       0.84      0.72      0.78        36

      avg / total       0.86      0.86      0.86       322

[[ 13   0   0   0   0   0   0]
 [  0  52   2   4   0   0   2]
 [  1   2  18   3   1   1   1]
 [  0   3   1 136   3   3   0]
 [  1   0   1   1  19   1   2]
 [  1   1   0   0   1  12   0]
 [  0   4   1   3   2   0  26]]
['lsml', 'rca', 'ldml']
accuracy = %s 85.7142857143
                   precision    recall  f1-score   support

     Ariel Sharon       0.81      1.00      0.90        13
     Colin Powell       0.84      0.87      0.85        60
  Donald Rumsfeld       0.78      0.67      0.72        27
    George W Bush       0.93      0.93      0.93       146
Gerhard Schroeder       0.73      0.76      0.75        25
      Hugo Chavez       0.71      0.80      0.75        15
       Tony Blair       0.84      0.72      0.78        36

      avg / total       0.86      0.86      0.86       322

[[ 13   0   0   0   0   0   0]
 [  0  52   2   4   0   0   2]
 [  1   2  18   3   1   1   1]
 [  0   3   1 136   3   3   0]
 [  1   0   1   1  19   1   2]
 [  1   1   0   0   1  12   0]
 [  0   4   1   3   2   0  26]]
['lsml', 'lfda', 'ldml']
accuracy = %s 85.7142857143
                   precision    recall  f1-score   support

     Ariel Sharon       0.81      1.00      0.90        13
     Colin Powell       0.84      0.87      0.85        60
  Donald Rumsfeld       0.78      0.67      0.72        27
    George W Bush       0.93      0.93      0.93       146
Gerhard Schroeder       0.73      0.76      0.75        25
      Hugo Chavez       0.71      0.80      0.75        15
       Tony Blair       0.84      0.72      0.78        36

      avg / total       0.86      0.86      0.86       322

[[ 13   0   0   0   0   0   0]
 [  0  52   2   4   0   0   2]
 [  1   2  18   3   1   1   1]
 [  0   3   1 136   3   3   0]
 [  1   0   1   1  19   1   2]
 [  1   1   0   0   1  12   0]
 [  0   4   1   3   2   0  26]]
['rca', 'lfda', 'ldml']
accuracy = %s 85.7142857143
                   precision    recall  f1-score   support

     Ariel Sharon       0.81      1.00      0.90        13
     Colin Powell       0.84      0.87      0.85        60
  Donald Rumsfeld       0.78      0.67      0.72        27
    George W Bush       0.93      0.93      0.93       146
Gerhard Schroeder       0.73      0.76      0.75        25
      Hugo Chavez       0.71      0.80      0.75        15
       Tony Blair       0.84      0.72      0.78        36

      avg / total       0.86      0.86      0.86       322

[[ 13   0   0   0   0   0   0]
 [  0  52   2   4   0   0   2]
 [  1   2  18   3   1   1   1]
 [  0   3   1 136   3   3   0]
 [  1   0   1   1  19   1   2]
 [  1   1   0   0   1  12   0]
 [  0   4   1   3   2   0  26]]
['lmnn', 'lsml', 'rca', 'lfda']
accuracy = %s 85.7142857143
                   precision    recall  f1-score   support

     Ariel Sharon       0.81      1.00      0.90        13
     Colin Powell       0.84      0.87      0.85        60
  Donald Rumsfeld       0.78      0.67      0.72        27
    George W Bush       0.93      0.93      0.93       146
Gerhard Schroeder       0.73      0.76      0.75        25
      Hugo Chavez       0.71      0.80      0.75        15
       Tony Blair       0.84      0.72      0.78        36

      avg / total       0.86      0.86      0.86       322

[[ 13   0   0   0   0   0   0]
 [  0  52   2   4   0   0   2]
 [  1   2  18   3   1   1   1]
 [  0   3   1 136   3   3   0]
 [  1   0   1   1  19   1   2]
 [  1   1   0   0   1  12   0]
 [  0   4   1   3   2   0  26]]
['lmnn', 'lsml', 'rca', 'ldml']
accuracy = %s 85.7142857143
                   precision    recall  f1-score   support

     Ariel Sharon       0.81      1.00      0.90        13
     Colin Powell       0.84      0.87      0.85        60
  Donald Rumsfeld       0.78      0.67      0.72        27
    George W Bush       0.93      0.93      0.93       146
Gerhard Schroeder       0.73      0.76      0.75        25
      Hugo Chavez       0.71      0.80      0.75        15
       Tony Blair       0.84      0.72      0.78        36

      avg / total       0.86      0.86      0.86       322

[[ 13   0   0   0   0   0   0]
 [  0  52   2   4   0   0   2]
 [  1   2  18   3   1   1   1]
 [  0   3   1 136   3   3   0]
 [  1   0   1   1  19   1   2]
 [  1   1   0   0   1  12   0]
 [  0   4   1   3   2   0  26]]
['lmnn', 'lsml', 'lfda', 'ldml']
accuracy = %s 85.7142857143
                   precision    recall  f1-score   support

     Ariel Sharon       0.81      1.00      0.90        13
     Colin Powell       0.84      0.87      0.85        60
  Donald Rumsfeld       0.78      0.67      0.72        27
    George W Bush       0.93      0.93      0.93       146
Gerhard Schroeder       0.73      0.76      0.75        25
      Hugo Chavez       0.71      0.80      0.75        15
       Tony Blair       0.84      0.72      0.78        36

      avg / total       0.86      0.86      0.86       322

[[ 13   0   0   0   0   0   0]
 [  0  52   2   4   0   0   2]
 [  1   2  18   3   1   1   1]
 [  0   3   1 136   3   3   0]
 [  1   0   1   1  19   1   2]
 [  1   1   0   0   1  12   0]
 [  0   4   1   3   2   0  26]]
['lmnn', 'rca', 'lfda', 'ldml']
accuracy = %s 85.7142857143
                   precision    recall  f1-score   support

     Ariel Sharon       0.81      1.00      0.90        13
     Colin Powell       0.84      0.87      0.85        60
  Donald Rumsfeld       0.78      0.67      0.72        27
    George W Bush       0.93      0.93      0.93       146
Gerhard Schroeder       0.73      0.76      0.75        25
      Hugo Chavez       0.71      0.80      0.75        15
       Tony Blair       0.84      0.72      0.78        36

      avg / total       0.86      0.86      0.86       322

[[ 13   0   0   0   0   0   0]
 [  0  52   2   4   0   0   2]
 [  1   2  18   3   1   1   1]
 [  0   3   1 136   3   3   0]
 [  1   0   1   1  19   1   2]
 [  1   1   0   0   1  12   0]
 [  0   4   1   3   2   0  26]]
['lsml', 'rca', 'lfda', 'ldml']
accuracy = %s 85.7142857143
                   precision    recall  f1-score   support

     Ariel Sharon       0.81      1.00      0.90        13
     Colin Powell       0.84      0.87      0.85        60
  Donald Rumsfeld       0.78      0.67      0.72        27
    George W Bush       0.93      0.93      0.93       146
Gerhard Schroeder       0.73      0.76      0.75        25
      Hugo Chavez       0.71      0.80      0.75        15
       Tony Blair       0.84      0.72      0.78        36

      avg / total       0.86      0.86      0.86       322

[[ 13   0   0   0   0   0   0]
 [  0  52   2   4   0   0   2]
 [  1   2  18   3   1   1   1]
 [  0   3   1 136   3   3   0]
 [  1   0   1   1  19   1   2]
 [  1   1   0   0   1  12   0]
 [  0   4   1   3   2   0  26]]
['lmnn', 'lsml', 'rca', 'lfda', 'ldml']
accuracy = %s 85.7142857143
                   precision    recall  f1-score   support

     Ariel Sharon       0.81      1.00      0.90        13
     Colin Powell       0.84      0.87      0.85        60
  Donald Rumsfeld       0.78      0.67      0.72        27
    George W Bush       0.93      0.93      0.93       146
Gerhard Schroeder       0.73      0.76      0.75        25
      Hugo Chavez       0.71      0.80      0.75        15
       Tony Blair       0.84      0.72      0.78        36

      avg / total       0.86      0.86      0.86       322

[[ 13   0   0   0   0   0   0]
 [  0  52   2   4   0   0   2]
 [  1   2  18   3   1   1   1]
 [  0   3   1 136   3   3   0]
 [  1   0   1   1  19   1   2]
 [  1   1   0   0   1  12   0]
 [  0   4   1   3   2   0  26]]
Without the LMNN structure
Fitting the classifier to the training set
done in 26.596s
Best estimator found by grid search:
SVC(C=1000.0, cache_size=200, class_weight=None, coef0=0.0, degree=3,
  gamma=0.005, kernel=rbf, max_iter=-1, probability=False,
  random_state=None, shrinking=True, tol=0.001, verbose=False)
Predicting people's names on the test set
accuracy = %s 84.4720496894
done in 0.087s
                   precision    recall  f1-score   support

     Ariel Sharon       0.91      0.77      0.83        13
     Colin Powell       0.82      0.88      0.85        60
  Donald Rumsfeld       0.89      0.63      0.74        27
    George W Bush       0.82      0.98      0.89       146
Gerhard Schroeder       0.90      0.72      0.80        25
      Hugo Chavez       1.00      0.60      0.75        15
       Tony Blair       0.92      0.61      0.73        36

      avg / total       0.86      0.84      0.84       322

[[ 10   0   1   2   0   0   0]
 [  0  53   0   7   0   0   0]
 [  0   1  17   8   1   0   0]
 [  0   3   0 143   0   0   0]
 [  0   1   1   3  18   0   2]
 [  1   3   0   2   0   9   0]
 [  0   4   0   9   1   0  22]]
