3 50 1000 1e-07 0.5 0.001
Total dataset size:
n_samples: 1288
n_features: 1850
n_classes: 7
Extracting the top 150 eigenfaces from 966 faces
done in 0.448s
Projecting the input data on the eigenfaces orthonormal basis
done in 0.059s
['lmnn']
Printing all accuracies
[ 84.47204969]
84.4720496894 [3 3 6 3 3 3 6 1 3 3 3 3 3 6 1 3 3 3 3 3 3 2 3 1 0 1 2 1 3 6 2 3 3 3 3 3 3
 3 3 1 1 1 3 1 1 1 3 3 2 3 3 3 0 3 4 2 1 3 5 3 1 3 6 4 3 5 6 4 1 3 5 6 3 3
 3 2 1 4 4 4 3 0 4 3 3 3 3 3 3 3 3 1 3 6 1 6 1 1 6 1 3 1 3 1 3 3 3 2 3 1 4
 1 3 1 3 1 3 0 1 3 1 3 3 0 3 4 4 3 1 1 6 4 6 3 2 4 4 3 1 6 3 2 5 1 3 5 1 3
 6 1 5 1 1 5 3 3 3 0 1 3 6 5 4 1 3 0 5 1 0 3 1 1 6 1 5 6 3 2 2 4 3 1 3 2 3
 3 3 3 3 4 3 1 3 3 1 3 3 2 3 1 3 2 1 2 3 3 6 2 1 1 3 5 3 3 3 3 3 0 0 2 3 3
 1 1 6 3 3 3 3 3 3 3 1 0 3 1 6 3 3 3 3 6 4 4 3 0 3 3 3 6 4 2 2 6 3 4 2 6 6
 3 2 3 6 1 3 4 3 3 4 3 1 1 3 3 3 3 6 3 3 3 1 5 3 3 6 2 3 3 3 4 4 3 5 1 3 0
 4 1 3 4 3 6 6 2 1 3 1 3 1 3 3 3 1 6 3 3 6 1 3 3 5 3]
accuracy = %s 84.4720496894
                   precision    recall  f1-score   support

     Ariel Sharon       0.85      0.85      0.85        13
     Colin Powell       0.81      0.87      0.84        60
  Donald Rumsfeld       0.78      0.67      0.72        27
    George W Bush       0.91      0.93      0.92       146
Gerhard Schroeder       0.73      0.76      0.75        25
      Hugo Chavez       0.86      0.80      0.83        15
       Tony Blair       0.75      0.67      0.71        36

      avg / total       0.84      0.84      0.84       322

[[ 11   1   1   0   0   0   0]
 [  0  52   1   4   0   0   3]
 [  0   2  18   4   2   1   0]
 [  0   5   2 136   1   1   1]
 [  1   0   0   2  19   0   3]
 [  1   0   0   0   1  12   1]
 [  0   4   1   4   3   0  24]]
['lsml']
Printing all accuracies
[ 82.91925466]
82.9192546584 [3 3 6 3 3 3 4 1 3 3 3 3 3 6 5 3 3 3 3 4 1 2 3 1 0 1 2 1 3 3 2 3 3 3 3 3 5
 3 3 1 1 1 3 1 1 1 3 3 2 3 3 3 0 3 6 2 1 3 5 3 1 3 1 4 3 5 6 4 1 3 5 6 3 3
 4 2 1 6 4 2 3 0 4 3 1 3 3 3 3 3 3 1 3 4 1 6 1 1 6 1 3 1 3 1 3 3 3 0 3 1 4
 1 3 1 3 1 3 4 1 3 1 3 3 0 3 0 4 3 0 1 6 1 6 3 2 4 3 3 1 1 3 3 5 1 3 1 1 6
 4 1 5 3 1 5 3 3 3 0 1 3 6 5 4 1 3 0 5 1 0 3 1 1 6 1 5 6 3 2 2 4 3 1 3 2 3
 3 3 3 4 4 3 6 3 0 4 3 3 2 3 6 3 2 1 2 3 5 6 2 1 0 3 5 3 3 3 3 3 0 0 2 3 3
 1 1 6 3 3 3 3 1 3 3 1 0 3 1 6 5 3 3 3 6 4 4 3 0 3 3 3 6 4 3 2 6 3 4 2 6 6
 3 2 3 6 1 3 4 3 3 4 3 1 1 3 3 3 3 6 3 3 3 1 5 3 3 6 0 3 3 3 3 4 3 0 1 3 0
 4 1 3 6 3 6 6 2 1 3 1 3 1 3 3 3 1 6 3 3 6 1 3 3 5 3]
accuracy = %s 82.9192546584
                   precision    recall  f1-score   support

     Ariel Sharon       0.68      1.00      0.81        13
     Colin Powell       0.81      0.87      0.84        60
  Donald Rumsfeld       0.85      0.63      0.72        27
    George W Bush       0.90      0.90      0.90       146
Gerhard Schroeder       0.73      0.76      0.75        25
      Hugo Chavez       0.62      0.67      0.65        15
       Tony Blair       0.78      0.69      0.74        36

      avg / total       0.83      0.83      0.83       322

[[ 13   0   0   0   0   0   0]
 [  1  52   1   4   0   0   2]
 [  1   1  17   4   2   1   1]
 [  1   6   0 131   2   5   1]
 [  1   0   1   2  19   0   2]
 [  2   1   0   0   1  10   1]
 [  0   4   1   4   2   0  25]]
['rca']
Printing all accuracies
[ 84.7826087]
84.7826086957 [3 3 6 3 3 3 4 1 3 3 3 3 3 6 5 3 3 3 3 4 3 2 3 1 0 1 2 1 3 3 2 3 3 3 3 3 5
 3 3 1 1 1 3 1 1 1 3 3 2 3 3 3 0 3 6 2 1 3 5 3 1 3 6 4 3 5 6 4 1 3 5 6 3 3
 4 2 1 6 4 2 3 0 4 3 3 3 3 3 3 3 3 1 3 4 1 6 1 1 6 1 3 1 3 1 3 3 3 2 3 1 4
 1 3 2 3 1 3 0 1 3 1 3 3 0 3 5 4 3 0 1 6 4 6 3 2 4 3 3 1 6 3 3 5 1 3 5 1 3
 6 1 5 1 1 5 3 3 3 0 1 3 6 5 4 1 3 0 5 1 0 3 1 1 6 1 5 6 3 2 2 4 3 3 3 2 3
 3 3 3 3 4 3 6 3 0 1 3 3 2 3 6 3 2 1 2 3 3 6 2 1 0 3 5 3 3 3 3 5 0 0 2 3 3
 1 1 6 3 3 3 3 3 3 3 1 0 3 1 6 3 3 2 3 6 4 4 3 0 3 3 3 6 4 3 2 6 3 4 2 6 6
 3 2 3 6 1 3 4 3 3 4 3 1 1 3 3 3 3 6 3 3 3 1 5 3 3 6 1 3 3 3 3 4 3 5 1 3 0
 4 1 3 4 3 6 6 2 6 3 1 3 1 3 3 3 1 6 3 3 6 1 3 3 5 3]
accuracy = %s 84.7826086957
                   precision    recall  f1-score   support

     Ariel Sharon       0.75      0.92      0.83        13
     Colin Powell       0.88      0.83      0.85        60
  Donald Rumsfeld       0.74      0.63      0.68        27
    George W Bush       0.91      0.93      0.92       146
Gerhard Schroeder       0.79      0.76      0.78        25
      Hugo Chavez       0.67      0.80  
                            < M A T L A B (R) >
                  Copyright 1984-2012 The MathWorks, Inc.
                    R2012a (7.14.0.739) 32-bit (glnx86)
                              February 9, 2012

 
To get started, type one of these: helpwin, helpdesk, or demo.
For product information, visit www.mathworks.com.
 
>> >> >> >> >> >> >> >> >> >> 
ans =

   966   150

>> 
ans =

   966     1

>> >> >> >> >> >>     0.73        15
       Tony Blair       0.79      0.75      0.77        36

      avg / total       0.85      0.85      0.85       322

[[ 12   1   0   0   0   0   0]
 [  1  50   1   4   0   0   4]
 [  1   1  17   4   2   1   1]
 [  0   2   3 136   1   4   0]
 [  1   0   1   2  19   1   1]
 [  1   0   0   0   1  12   1]
 [  0   3   1   4   1   0  27]]
['lfda']
Printing all accuracies
[ 84.7826087]
84.7826086957 [3 3 6 3 3 3 4 1 3 3 3 3 3 6 3 3 3 3 3 3 3 2 3 1 0 1 2 1 3 3 2 3 3 3 3 3 5
 3 3 1 1 1 3 1 1 1 3 3 2 3 3 3 0 3 6 0 1 3 5 3 1 4 6 4 3 5 6 4 1 3 5 6 3 3
 3 2 1 6 4 4 3 0 4 3 3 3 3 3 3 3 3 1 3 4 1 6 1 1 6 1 3 1 3 1 3 3 3 2 3 1 4
 1 3 1 3 1 3 1 1 3 1 3 3 0 3 5 4 3 0 1 6 4 6 3 2 4 3 3 1 6 3 2 5 1 3 5 1 3
 6 1 5 1 1 5 3 3 3 0 1 3 6 5 4 1 3 6 5 1 0 3 1 1 6 1 5 6 3 2 2 4 3 3 3 2 3
 3 3 3 3 4 3 1 3 0 1 3 3 2 3 1 3 2 1 2 3 3 6 2 1 0 3 5 3 3 3 3 5 0 0 2 3 3
 1 1 6 3 3 3 3 1 3 3 1 0 3 1 6 3 3 2 3 6 4 4 3 0 3 3 3 6 4 2 2 6 3 4 2 6 6
 3 2 3 6 1 3 4 3 3 4 3 1 1 3 3 3 3 6 3 3 3 1 5 3 3 6 2 3 3 3 6 4 3 5 1 3 0
 4 1 3 4 3 6 6 2 1 3 1 3 1 3 3 3 1 6 3 3 6 1 3 3 5 3]
accuracy = %s 84.7826086957
                   precision    recall  f1-score   support

     Ariel Sharon       0.80      0.92      0.86        13
     Colin Powell       0.82      0.85      0.84        60
  Donald Rumsfeld       0.74      0.63      0.68        27
    George W Bush       0.92      0.93      0.93       146
Gerhard Schroeder       0.79      0.76      0.78        25
      Hugo Chavez       0.71      0.80      0.75        15
       Tony Blair       0.79      0.72      0.75        36

      avg / total       0.85      0.85      0.85       322

[[ 12   0   1   0   0   0   0]
 [  1  51   1   3   1   0   3]
 [  2   2  17   3   2   1   0]
 [  0   4   3 136   0   3   0]
 [  0   1   0   2  19   1   2]
 [  0   0   0   0   1  12   2]
 [  0   4   1   4   1   0  26]]
['ldml']
Printing all accuracies
Matlab successfully exited.
[ 85.40372671]
85.4037267081 [3 3 6 3 3 2 4 1 3 3 3 3 3 6 5 3 3 3 3 4 1 2 3 1 0 1 2 1 3 3 2 3 3 3 3 3 3
 3 3 1 1 1 3 1 1 1 3 3 2 3 3 3 0 3 6 2 1 3 5 3 1 3 6 4 3 5 6 4 1 3 5 6 3 3
 4 2 1 4 4 2 3 0 4 3 3 3 3 3 3 3 3 1 3 4 1 6 1 1 6 1 3 1 3 1 3 3 3 0 3 1 4
 1 3 1 3 1 3 0 1 3 1 3 3 0 3 5 4 3 0 1 6 4 6 3 2 4 3 3 1 6 3 3 5 1 3 5 1 3
 6 1 5 1 1 3 3 3 6 0 1 3 6 5 4 1 3 6 5 1 0 3 1 1 6 1 5 6 3 3 2 4 3 3 3 2 3
 3 3 3 3 1 3 6 3 3 1 3 3 2 3 6 3 2 3 2 3 3 6 2 1 0 3 5 3 3 3 3 3 0 0 2 3 3
 1 1 6 3 3 3 1 3 3 3 1 0 3 1 6 3 3 2 3 6 4 4 3 0 3 3 3 6 4 3 2 6 3 4 2 6 6
 3 2 3 6 1 3 4 3 3 4 3 1 1 3 3 3 3 6 3 3 3 1 5 3 3 6 1 3 3 3 6 4 3 5 1 3 0
 4 1 3 4 3 6 6 2 6 3 1 3 1 3 3 3 1 6 3 3 6 1 3 3 5 3]
accuracy = %s 85.4037267081
                   precision    recall  f1-score   support

     Ariel Sharon       0.80      0.92      0.86        13
     Colin Powell       0.85      0.85      0.85        60
  Donald Rumsfeld       0.76      0.59      0.67        27
    George W Bush       0.91      0.95      0.93       146
Gerhard Schroeder       0.79      0.76      0.78        25
      Hugo Chavez       0.80      0.80      0.80        15
       Tony Blair       0.75      0.75      0.75        36

      avg / total       0.85      0.85      0.85       322

[[ 12   1   0   0   0   0   0]
 [  1  51   1   3   0   0   4]
 [  0   2  16   6   1   1   1]
 [  1   3   2 138   1   1   0]
 [  1   0   1   1  19   1   2]
 [  0   0   0   0   1  12   2]
 [  0   3   1   3   2   0  27]]
['lmnn', 'lsml']
Printing all accuracies
[ 84.47204969]
[ 82.91925466]
83.850931677 [3 3 6 3 3 3 4 1 3 3 3 3 3 6 1 3 3 3 3 3 3 2 3 1 0 1 2 1 3 3 2 3 3 3 3 3 3
 3 3 1 1 1 3 1 1 1 3 3 2 3 3 3 0 3 4 2 1 3 5 3 1 3 6 4 3 5 6 4 1 3 5 4 3 3
 3 2 1 4 4 2 3 0 4 3 3 3 3 3 3 3 3 1 3 4 1 6 1 1 6 1 3 1 3 1 3 3 3 0 3 1 4
 1 3 1 3 1 3 0 1 3 1 3 3 0 3 4 4 3 1 1 6 4 6 3 2 4 3 3 1 6 3 2 5 1 3 1 1 3
 4 1 5 1 1 5 3 3 3 0 1 3 6 5 4 1 3 0 5 1 0 3 1 1 6 1 5 6 3 2 2 4 3 1 3 2 3
 3 3 3 3 4 3 1 3 0 1 3 3 2 3 1 3 2 1 2 3 3 6 2 1 0 3 5 3 3 3 3 3 0 0 2 3 3
 1 1 6 3 3 3 3 1 3 3 1 0 3 1 6 3 3 3 3 6 4 4 3 0 3 3 3 6 4 2 2 6 3 4 2 1 6
 3 2 3 6 1 3 4 3 3 4 3 1 1 3 3 3 3 1 3 3 3 1 5 3 3 6 2 3 3 3 3 4 3 0 1 3 0
 4 1 3 4 3 6 6 2 1 3 1 3 1 3 3 3 1 6 3 3 6 1 3 3 5 1]
accuracy = %s 83.850931677
                   precision    recall  f1-score   support

     Ariel Sharon       0.71      0.92      0.80        13
     Colin Powell       0.78      0.88      0.83        60
  Donald Rumsfeld       0.78      0.67      0.72        27
    George W Bush       0.91      0.94      0.93       146
Gerhard Schroeder       0.70      0.76      0.73        25
      Hugo Chavez       0.83      0.67      0.74        15
       Tony Blair       0.84      0.58      0.69        36

      avg / total       0.84      0.84      0.83       322

[[ 12   0   1   0   0   0   0]
 [  0  53   1   4   0   0   2]
 [  1   3  18   2   2   1   0]
 [  1   6   1 137   0   1   0]
 [  1   0   1   3  19   0   1]
 [  2   1   0   0   1  10   1]
 [  0   5   1   4   5   0  21]]
['lmnn', 'rca']
Printing all accuracies
[ 84.47204969]
[ 84.7826087]
84.7826086957 [3 3 6 3 3 3 4 1 3 3 3 3 3 6 1 3 3 3 3 3 3 2 3 1 0 1 2 1 3 3 2 3 3 3 3 3 3
 3 3 1 1 1 3 1 1 1 3 3 2 3 3 3 0 3 4 2 1 3 5 3 1 3 6 4 3 5 6 4 1 3 5 6 3 3
 3 2 1 4 4 2 3 0 4 3 3 3 3 3 3 3 3 1 3 4 1 6 1 1 6 1 3 1 3 1 3 3 3 2 3 1 4
 1 3 1 3 1 3 0 1 3 1 3 3 0 3 4 4 3 0 1 6 4 6 3 2 4 3 3 1 6 3 2 5 1 3 5 1 3
 6 1 5 1 1 5 3 3 3 0 1 3 6 5 4 1 3 0 5 1 0 3 1 1 6 1 5 6 3 2 2 4 3 1 3 2 3
 3 3 3 3 4 3 1 3 0 1 3 3 2 3 1 3 2 1 2 3 3 6 2 1 0 3 5 3 3 3 3 3 0 0 2 3 3
 1 1 6 3 3 3 3 3 3 3 1 0 3 1 6 3 3 2 3 6 4 4 3 0 3 3 3 6 4 2 2 6 3 4 2 6 6
 3 2 3 6 1 3 4 3 3 4 3 1 1 3 3 3 3 6 3 3 3 1 5 3 3 6 1 3 3 3 3 4 3 5 1 3 0
 4 1 3 4 3 6 6 2 1 3 1 3 1 3 3 3 1 6 3 3 6 1 3 3 5 3]
accuracy = %s 84.7826086957
                   precision    recall  f1-score   support

     Ariel Sharon       0.75      0.92      0.83        13
     Colin Powell       0.81      0.85      0.83        60
  Donald Rumsfeld       0.75      0.67      0.71        27
    George W Bush       0.91      0.94      0.92       146
Gerhard Schroeder       0.76      0.76      0.76        25
      Hugo Chavez       0.86      0.80      0.83        15
       Tony Blair       0.83      0.67      0.74        36

      avg / total       0.85      0.85      0.85       322

[[ 12   1   0   0   0   0   0]
 [  1  51   1   4   0   0   3]
 [  1   2  18   3   2   1   0]
 [  0   5   3 137   0   1   0]
 [  1   0   1   3  19   0   1]
 [  1   0   0   0   1  12   1]
 [  0   4   1   4   3   0  24]]
['lmnn', 'lfda']
Printing all accuracies
[ 84.47204969]
[ 84.7826087]
84.7826086957 [3 3 6 3 3 3 4 1 3 3 3 3 3 6 1 3 3 3 3 3 3 2 3 1 0 1 2 1 3 3 2 3 3 3 3 3 3
 3 3 1 1 1 3 1 1 1 3 3 2 3 3 3 0 3 4 0 1 3 5 3 1 3 6 4 3 5 6 4 1 3 5 6 3 3
 3 2 1 4 4 4 3 0 4 3 3 3 3 3 3 3 3 1 3 4 1 6 1 1 6 1 3 1 3 1 3 3 3 2 3 1 4
 1 3 1 3 1 3 0 1 3 1 3 3 0 3 4 4 3 0 1 6 4 6 3 2 4 3 3 1 6 3 2 5 1 3 5 1 3
 6 1 5 1 1 5 3 3 3 0 1 3 6 5 4 1 3 0 5 1 0 3 1 1 6 1 5 6 3 2 2 4 3 1 3 2 3
 3 3 3 3 4 3 1 3 0 1 3 3 2 3 1 3 2 1 2 3 3 6 2 1 0 3 5 3 3 3 3 3 0 0 2 3 3
 1 1 6 3 3 3 3 1 3 3 1 0 3 1 6 3 3 2 3 6 4 4 3 0 3 3 3 6 4 2 2 6 3 4 2 6 6
 3 2 3 6 1 3 4 3 3 4 3 1 1 3 3 3 3 6 3 3 3 1 5 3 3 6 2 3 3 3 4 4 3 5 1 3 0
 4 1 3 4 3 6 6 2 1 3 1 3 1 3 3 3 1 6 3 3 6 1 3 3 5 3]
accuracy = %s 84.7826086957
                   precision    recall  f1-score   support

     Ariel Sharon       0.71      0.92      0.80        13
     Colin Powell       0.81      0.85      0.83        60
  Donald Rumsfeld       0.74      0.63      0.68        27
    George W Bush       0.91      0.93      0.92       146
Gerhard Schroeder       0.78      0.84      0.81        25
      Hugo Chavez       0.86      0.80      0.83        15
       Tony Blair       0.83      0.67      0.74        36

      avg / total       0.85      0.85      0.85       322

[[ 12   0   1   0   0   0   0]
 [  1  51   1   4   0   0   3]
 [  2   2  17   3   2   1   0]
 [  0   6   3 136   0   1   0]
 [  1   0   0   2  21   0   1]
 [  1   0   0   0   1  12   1]
 [  0   4   1   4   3   0  24]]
['lmnn', 'ldml']
Printing all accuracies

                            < M A T L A B (R) >
                  Copyright 1984-2012 The MathWorks, Inc.
                    R2012a (7.14.0.739) 32-bit (glnx86)
                              February 9, 2012

 
To get started, type one of these: helpwin, helpdesk, or demo.
For product information, visit www.mathworks.com.
 
>> >> >> >> >> >> >> >> >> >> 
ans =

   966   150

>> 
ans =

   966     1

>> >> >> >> >> >> [ 84.47204969]
Matlab successfully exited.
[ 85.40372671]
85.7142857143 [3 3 6 3 3 2 4 1 3 3 3 3 3 6 1 3 3 3 3 3 1 2 3 1 0 1 2 1 3 3 2 3 3 3 3 3 3
 3 3 1 1 1 3 1 1 1 3 3 2 3 3 3 0 3 4 2 1 3 5 3 1 3 6 4 3 5 6 4 1 3 5 6 3 3
 3 2 1 4 4 2 3 0 4 3 3 3 3 3 3 3 3 1 3 4 1 6 1 1 6 1 3 1 3 1 3 3 3 0 3 1 4
 1 3 1 3 1 3 0 1 3 1 3 3 0 3 4 4 3 0 1 6 4 6 3 2 4 3 3 1 6 3 2 5 1 3 5 1 3
 6 1 5 1 1 3 3 3 3 0 1 3 6 5 4 1 3 0 5 1 0 3 1 1 6 1 5 6 3 2 2 4 3 1 3 2 3
 3 3 3 3 1 3 1 3 3 1 3 3 2 3 1 3 2 1 2 3 3 6 2 1 0 3 5 3 3 3 3 3 0 0 2 3 3
 1 1 6 3 3 3 1 3 3 3 1 0 3 1 6 3 3 2 3 6 4 4 3 0 3 3 3 6 4 2 2 6 3 4 2 6 6
 3 2 3 6 1 3 4 3 3 4 3 1 1 3 3 3 3 6 3 3 3 1 5 3 3 6 1 3 3 3 4 4 3 5 1 3 0
 4 1 3 4 3 6 6 2 1 3 1 3 1 3 3 3 1 6 3 3 6 1 3 3 5 3]
accuracy = %s 85.7142857143
                   precision    recall  f1-score   support

     Ariel Sharon       0.75      0.92      0.83        13
     Colin Powell       0.80      0.88      0.84        60
  Donald Rumsfeld       0.75      0.67      0.71        27
    George W Bush       0.92      0.94      0.93       146
Gerhard Schroeder       0.80      0.80      0.80        25
      Hugo Chavez       0.92      0.80      0.86        15
       Tony Blair       0.83      0.67      0.74        36

      avg / total       0.86      0.86      0.86       322

[[ 12   1   0   0   0   0   0]
 [  1  53   1   2   0   0   3]
 [  0   3  18   4   1   1   0]
 [  1   5   3 137   0   0   0]
 [  1   0   1   2  20   0   1]
 [  1   0   0   0   1  12   1]
 [  0   4   1   4   3   0  24]]
['lsml', 'rca']
Printing all accuracies
[ 84.47204969]
[ 84.7826087]
85.7142857143 [3 3 6 3 3 3 4 1 3 3 3 3 3 6 5 3 3 3 3 4 1 2 3 1 0 1 2 1 3 3 2 3 3 3 3 3 5
 3 3 1 1 1 3 1 1 1 3 3 2 3 3 3 0 3 6 2 1 3 5 3 1 3 6 4 3 5 6 4 1 3 5 6 3 3
 4 2 1 6 4 2 3 0 4 3 3 3 3 3 3 3 3 1 3 4 1 6 1 1 6 1 3 1 3 1 3 3 3 2 3 1 4
 1 3 1 3 1 3 0 1 3 1 3 3 0 3 4 4 3 0 1 6 4 1 3 2 4 3 3 1 6 3 3 5 1 3 5 1 3
 6 1 5 1 1 5 3 3 3 0 1 3 6 5 4 1 3 0 5 1 0 3 1 1 6 1 5 6 3 2 2 4 3 3 3 2 3
 3 3 3 3 4 3 6 3 0 1 3 3 2 3 6 3 2 1 2 3 3 6 2 1 0 3 5 3 3 3 3 3 0 0 2 3 3
 1 1 6 3 3 3 3 3 3 3 1 0 3 1 6 3 3 2 3 6 4 4 3 0 3 3 3 6 4 3 2 6 3 4 2 1 6
 3 2 3 6 1 3 4 3 3 4 3 1 1 3 3 3 3 6 3 3 3 1 5 3 3 6 1 3 3 3 3 4 3 0 1 3 0
 4 1 3 4 3 6 6 2 1 3 1 3 1 3 3 3 1 6 3 3 6 1 3 3 5 3]
accuracy = %s 85.7142857143
                   precision    recall  f1-score   support

     Ariel Sharon       0.71      0.92      0.80        13
     Colin Powell       0.85      0.88      0.87        60
  Donald Rumsfeld       0.77      0.63      0.69        27
    George W Bush       0.91      0.94      0.93       146
Gerhard Schroeder       0.80      0.80      0.80        25
      Hugo Chavez       0.73      0.73      0.73        15
       Tony Blair       0.84      0.72      0.78        36

      avg / total       0.86      0.86      0.86       322

[[ 12   1   0   0   0   0   0]
 [  1  53   1   3   0   0   2]
 [  1   1  17   4   2   1   1]
 [  0   3   2 137   1   3   0]
 [  1   0   1   2  20   0   1]
 [  2   0   0   0   1  11   1]
 [  0   4   1   4   1   0  26]]
['lsml', 'lfda']
Printing all accuracies
[ 84.16149068]
[ 84.7826087]
84.4720496894 [3 3 6 3 3 3 4 1 3 3 3 3 3 6 3 3 3 3 3 3 3 2 3 1 0 1 2 1 3 3 2 3 3 3 3 3 5
 3 3 1 1 1 3 1 1 1 3 3 2 3 3 3 0 3 6 0 1 3 5 3 1 3 6 4 3 5 6 4 1 3 5 4 3 3
 3 2 1 6 4 2 3 0 4 3 3 3 3 3 3 3 3 1 3 4 1 6 1 1 6 1 3 1 3 1 3 3 3 2 3 1 4
 1 3 1 3 1 3 1 1 3 1 3 3 0 3 5 4 3 0 1 6 4 6 3 2 4 3 3 1 6 3 2 5 1 3 5 1 3
 6 1 5 1 1 5 3 3 3 0 1 3 6 5 4 1 3 0 5 1 0 3 1 1 6 1 5 6 3 2 2 4 3 3 3 2 3
 3 3 3 3 2 3 1 3 0 1 3 3 2 3 1 3 2 1 2 3 3 6 2 1 0 3 5 3 3 3 3 3 0 0 2 3 3
 1 1 6 3 3 3 3 1 3 3 1 0 3 1 6 3 3 2 3 6 4 4 3 0 3 3 3 6 4 2 2 6 3 4 2 6 6
 3 2 3 6 1 3 4 3 3 4 3 1 1 3 3 3 3 3 3 3 3 1 5 3 3 6 0 3 3 3 3 4 3 0 1 3 0
 4 1 3 4 3 6 6 2 1 3 1 3 1 3 3 3 1 6 3 3 6 1 3 3 5 3]
accuracy = %s 84.4720496894
                   precision    recall  f1-score   support

     Ariel Sharon       0.72      1.00      0.84        13
     Colin Powell       0.82      0.85      0.84        60
  Donald Rumsfeld       0.75      0.67      0.71        27
    George W Bush       0.90      0.94      0.92       146
Gerhard Sch
                            < M A T L A B (R) >
                  Copyright 1984-2012 The MathWorks, Inc.
                    R2012a (7.14.0.739) 32-bit (glnx86)
                              February 9, 2012

 
To get started, type one of these: helpwin, helpdesk, or demo.
For product information, visit www.mathworks.com.
 
>> >> >> >> >> >> >> >> >> >> 
ans =

   966   150

>> 
ans =

   966     1

>> >> >> >> >> >> 
                            < M A T L A B (R) >
                  Copyright 1984-2012 The MathWorks, Inc.
                    R2012a (7.14.0.739) 32-bit (glnx86)
                              February 9, 2012

 
To get started, type one of these: helpwin, helpdesk, or demo.
For product information, visit www.mathworks.com.
 
>> >> >> >> >> >> >> >> >> >> 
ans =

   966   150

>> 
ans =

   966     1

>> >> >> >> >> >> roeder       0.82      0.72      0.77        25
      Hugo Chavez       0.73      0.73      0.73        15
       Tony Blair       0.83      0.67      0.74        36

      avg / total       0.84      0.84      0.84       322

[[ 13   0   0   0   0   0   0]
 [  1  51   1   4   0   0   3]
 [  2   2  18   3   1   1   0]
 [  0   4   3 137   0   2   0]
 [  0   1   1   3  18   1   1]
 [  2   0   0   0   1  11   1]
 [  0   4   1   5   2   0  24]]
['lsml', 'ldml']
Printing all accuracies
[ 83.85093168]
Matlab successfully exited.
[ 85.40372671]
85.0931677019 [3 3 6 3 3 2 4 1 3 3 3 3 3 6 5 3 3 3 3 4 1 2 3 1 0 1 2 1 3 3 2 3 3 3 3 3 3
 3 3 1 1 1 3 1 1 1 3 3 2 3 3 3 0 3 6 0 1 3 5 3 1 3 6 4 3 5 6 4 1 3 5 4 3 3
 4 2 1 4 4 2 3 0 4 3 3 3 3 3 3 3 3 1 3 4 1 6 1 1 6 1 3 1 3 1 3 3 3 0 3 1 4
 1 3 1 3 1 3 0 1 3 1 3 3 0 3 4 4 3 0 1 6 4 6 3 2 4 3 3 1 6 3 3 5 1 3 5 1 3
 6 1 5 1 1 3 3 3 3 0 1 3 6 5 4 1 3 0 5 1 0 3 1 1 6 1 5 6 3 3 2 4 3 3 3 2 3
 3 3 3 3 1 2 6 3 0 1 3 3 2 3 6 3 2 1 2 3 3 6 2 1 0 3 5 3 3 3 3 3 0 0 2 3 3
 1 1 6 3 3 3 1 3 3 3 1 0 3 1 6 3 3 2 3 6 4 4 3 0 3 3 3 6 4 3 2 6 3 4 2 1 6
 3 2 3 6 1 3 4 3 3 4 3 1 1 3 3 3 3 6 3 3 3 1 5 3 3 6 1 3 3 3 6 4 3 0 1 3 0
 4 1 3 4 3 6 6 2 1 3 1 3 1 3 3 3 1 6 3 3 6 1 3 3 5 1]
accuracy = %s 85.0931677019
                   precision    recall  f1-score   support

     Ariel Sharon       0.63      0.92      0.75        13
     Colin Powell       0.84      0.90      0.87        60
  Donald Rumsfeld       0.71      0.56      0.63        27
    George W Bush       0.93      0.94      0.93       146
Gerhard Schroeder       0.77      0.80      0.78        25
      Hugo Chavez       0.85      0.73      0.79        15
       Tony Blair       0.81      0.69      0.75        36

      avg / total       0.85      0.85      0.85       322

[[ 12   1   0   0   0   0   0]
 [  1  54   1   2   0   0   2]
 [  2   3  15   4   1   1   1]
 [  1   3   3 137   1   1   0]
 [  1   0   1   1  20   0   2]
 [  2   0   0   0   1  11   1]
 [  0   3   1   4   3   0  25]]
['rca', 'lfda']
Printing all accuracies
[ 84.7826087]
[ 84.7826087]
84.4720496894 [3 3 6 3 3 3 4 1 3 3 3 3 3 6 3 3 3 3 3 3 3 2 3 1 0 1 2 1 3 3 2 3 3 3 3 3 5
 3 3 1 1 1 3 1 1 1 3 3 2 3 3 3 0 3 6 0 1 3 5 3 1 3 6 4 3 5 6 4 1 3 5 6 3 3
 3 2 1 6 4 2 3 0 4 3 3 3 3 3 3 3 3 1 3 4 1 6 1 1 6 1 3 1 3 1 3 3 3 2 3 1 4
 1 3 1 3 1 3 0 1 3 1 3 3 0 3 5 4 3 0 1 6 4 6 3 2 4 3 3 1 6 3 2 5 1 3 5 1 3
 6 1 5 1 1 5 3 3 3 0 1 3 6 5 4 1 3 0 5 1 0 3 1 1 6 1 5 6 3 2 2 4 3 3 3 2 3
 3 3 3 3 4 3 1 3 0 1 3 3 2 3 1 3 2 1 2 3 3 6 2 1 0 3 5 3 3 3 3 5 0 0 2 3 3
 1 1 6 3 3 3 3 1 3 3 1 0 3 1 6 3 3 2 3 6 4 4 3 0 3 3 3 6 4 2 2 6 3 4 2 6 6
 3 2 3 6 1 3 4 3 3 4 3 1 1 3 3 3 3 6 3 3 3 1 5 3 3 6 1 3 3 3 3 4 3 5 1 3 0
 4 1 3 4 3 6 6 2 1 3 1 3 1 3 3 3 1 6 3 3 6 1 3 3 5 3]
accuracy = %s 84.4720496894
                   precision    recall  f1-score   support

     Ariel Sharon       0.71      0.92      0.80        13
     Colin Powell       0.82      0.85      0.84        60
  Donald Rumsfeld       0.74      0.63      0.68        27
    George W Bush       0.91      0.93      0.92       146
Gerhard Schroeder       0.82      0.72      0.77        25
      Hugo Chavez       0.71      0.80      0.75        15
       Tony Blair       0.84      0.72      0.78        36

      avg / total       0.85      0.84      0.84       322

[[ 12   1   0   0   0   0   0]
 [  1  51   1   4   0   0   3]
 [  2   2  17   3   2   1   0]
 [  0   4   3 136   0   3   0]
 [  1   0   1   3  18   1   1]
 [  1   0   0   0   1  12   1]
 [  0   4   1   4   1   0  26]]
['rca', 'ldml']
Printing all accuracies
[ 84.7826087]
Matlab successfully exited.
[ 85.40372671]
85.7142857143 [3 3 6 3 3 2 4 1 3 3 3 3 3 6 5 3 3 3 3 4 1 2 3 1 0 1 2 1 3 3 2 3 3 3 3 3 3
 3 3 1 1 1 3 1 1 1 3 3 2 3 3 3 0 3 6 2 1 3 5 3 1 3 6 4 3 5 6 4 1 3 5 6 3 3
 4 2 1 4 4 2 3 0 4 3 3 3 3 3 3 3 3 1 3 4 1 6 1 1 6 1 3 1 3 1 3 3 3 0 3 1 4
 1 3 1 3 1 3 0 1 3 1 3 3 0 3 5 4 3 0 1 6 4 6 3 2 4 3 3 1 6 3 3 5 1 3 5 1 3
 6 1 5 1 1 3 3 3 3 0 1 3 6 5 4 1 3 0 5 1 0 3 1 1 6 1 5 6 3 2 2 4 3 3 3 2 3
 3 3 3 3 1 3 6 3 0 1 3 3 2 3 6 3 2 1 2 3 3 6 2 1 0 3 5 3 3 3 3 3 0 0 2 3 3
 1 1 6 3 3 3 1 3 3 3 1 0 3 
                            < M A T L A B (R) >
                  Copyright 1984-2012 The MathWorks, Inc.
                    R2012a (7.14.0.739) 32-bit (glnx86)
                              February 9, 2012

 
To get started, type one of these: helpwin, helpdesk, or demo.
For product information, visit www.mathworks.com.
 
>> >> >> >> >> >> >> >> >> >> 
ans =

   966   150

>> 
ans =

   966     1

>> >> >> >> >> >> 1 6 3 3 2 3 6 4 4 3 0 3 3 3 6 4 3 2 6 3 4 2 6 6
 3 2 3 6 1 3 4 3 3 4 3 1 1 3 3 3 3 6 3 3 3 1 5 3 3 6 1 3 3 3 3 4 3 5 1 3 0
 4 1 3 4 3 6 6 2 6 3 1 3 1 3 3 3 1 6 3 3 6 1 3 3 5 3]
accuracy = %s 85.7142857143
                   precision    recall  f1-score   support

     Ariel Sharon       0.71      0.92      0.80        13
     Colin Powell       0.85      0.87      0.86        60
  Donald Rumsfeld       0.77      0.63      0.69        27
    George W Bush       0.92      0.95      0.93       146
Gerhard Schroeder       0.79      0.76      0.78        25
      Hugo Chavez       0.80      0.80      0.80        15
       Tony Blair       0.79      0.72      0.75        36

      avg / total       0.86      0.86      0.86       322

[[ 12   1   0   0   0   0   0]
 [  1  52   1   2   0   0   4]
 [  1   2  17   4   1   1   1]
 [  1   3   2 138   1   1   0]
 [  1   0   1   2  19   1   1]
 [  1   0   0   0   1  12   1]
 [  0   3   1   4   2   0  26]]
['lfda', 'ldml']
Printing all accuracies
[ 84.7826087]
Matlab successfully exited.
[ 85.40372671]
85.4037267081 [3 3 6 3 3 2 4 1 3 3 3 3 3 6 3 3 3 3 3 3 1 2 3 1 0 1 2 1 3 3 2 3 3 3 3 3 3
 3 3 1 1 1 3 1 1 1 3 3 2 3 3 3 0 3 6 0 1 3 5 3 1 3 6 4 3 5 6 4 1 3 5 6 3 3
 3 2 1 4 4 2 3 0 4 3 3 3 3 3 3 3 3 1 3 4 1 6 1 1 6 1 3 1 3 1 3 3 3 0 3 1 4
 1 3 1 3 1 3 0 1 3 1 3 3 0 3 5 4 3 0 1 6 4 6 3 2 4 3 3 1 6 3 2 5 1 3 5 1 3
 6 1 5 1 1 3 3 3 3 0 1 3 6 5 4 1 3 6 5 1 0 3 1 1 6 1 5 6 3 2 2 4 3 3 3 2 3
 3 3 3 3 1 3 1 3 0 1 3 3 2 3 1 3 2 1 2 3 3 6 2 1 0 3 5 3 3 3 3 3 0 0 2 3 3
 1 1 6 3 3 3 1 1 3 3 1 0 3 1 6 3 3 2 3 6 4 4 3 0 3 3 3 6 4 2 2 6 3 4 2 6 6
 3 2 3 6 1 3 4 3 3 4 3 1 1 3 3 3 3 6 3 3 3 1 5 3 3 6 1 3 3 3 6 4 3 5 1 3 0
 4 1 3 4 3 6 6 2 1 3 1 3 1 3 3 3 1 6 3 3 6 1 3 3 5 3]
accuracy = %s 85.4037267081
                   precision    recall  f1-score   support

     Ariel Sharon       0.71      0.92      0.80        13
     Colin Powell       0.82      0.88      0.85        60
  Donald Rumsfeld       0.74      0.63      0.68        27
    George W Bush       0.93      0.95      0.94       146
Gerhard Schroeder       0.82      0.72      0.77        25
      Hugo Chavez       0.86      0.80      0.83        15
       Tony Blair       0.78      0.69      0.74        36

      avg / total       0.85      0.85      0.85       322

[[ 12   1   0   0   0   0   0]
 [  1  53   1   2   0   0   3]
 [  2   3  17   3   1   1   0]
 [  1   4   3 138   0   0   0]
 [  1   0   1   2  18   1   2]
 [  0   0   0   0   1  12   2]
 [  0   4   1   4   2   0  25]]
['lmnn', 'lsml', 'rca']
Printing all accuracies
[ 84.47204969]
[ 82.91925466]
[ 84.7826087]
85.0931677019 [3 3 6 3 3 3 4 1 3 3 3 3 3 6 5 3 3 3 3 2 3 2 3 1 0 1 2 1 3 3 2 3 3 3 3 3 5
 3 3 1 1 1 3 1 1 1 3 3 2 3 3 3 0 3 6 2 1 3 5 3 1 3 6 4 3 5 6 4 1 3 5 6 3 3
 4 2 1 4 4 2 3 0 4 3 3 3 3 3 3 3 3 1 3 4 1 6 1 1 6 1 3 1 3 1 3 3 3 2 3 1 4
 1 3 2 3 1 3 0 1 3 1 3 3 0 3 4 4 3 0 1 6 4 6 3 2 4 3 3 1 6 3 3 5 1 3 5 1 3
 6 1 5 1 1 5 3 3 3 0 1 3 6 5 4 1 3 0 5 1 0 3 1 1 6 1 5 6 3 2 2 4 3 3 3 2 3
 3 3 3 3 4 3 6 3 0 1 3 3 2 3 6 3 2 1 2 3 3 6 2 1 0 3 5 3 3 3 3 5 0 0 2 3 3
 1 1 6 3 3 3 3 3 3 3 1 0 3 1 6 3 3 2 3 6 4 4 3 0 3 3 3 6 4 3 2 6 3 4 2 6 6
 3 2 3 6 1 3 4 3 3 4 3 1 1 3 3 3 3 6 3 3 3 1 5 3 3 6 0 3 3 3 3 4 3 5 1 3 0
 4 1 3 4 3 6 6 2 1 3 1 3 1 3 3 3 1 6 3 3 6 1 3 3 5 3]
accuracy = %s 85.0931677019
                   precision    recall  f1-score   support

     Ariel Sharon       0.76      1.00      0.87        13
     Colin Powell       0.89      0.85      0.87        60
  Donald Rumsfeld       0.71      0.63      0.67        27
    George W Bush       0.91      0.93      0.92       146
Gerhard Schroeder       0.76      0.76      0.76        25
      Hugo Chavez       0.71      0.80      0.75        15
       Tony Blair       0.81      0.72      0.76        36

      avg / total       0.85      0.85      0.85       322

[[ 13   0   0   0   0   0   0]
 [  1  51   1   4   0   0   3]
 [  1   1  17   4   2   1   1]
 [  0   2   3 136   1   4   0]
 [  1   0   2   2  19   0   1]
 [  1   0   0   0   1  12   1]
 [  0   3   1   4   2   0  26]]
['lmnn', 'lsml', 'lfda']
Printing all accuracies
[ 84.47204969]
[ 84.16149068]
[ 84.7826087]
86.0248447205 [3 3 6 3 3 3 4 1 3 3 3 3 3 6 1 3 3 3 3 3 3 2 3 1 0 1 2 1 3 3 2 3 3 3 3 3 5
 3 3 1 1 1 3 1 1 1 3 3 2 3 3 3 0 3 6 2 1 3 5 3 1 3 6 4 3 5 6 4 1 3 5 6 3 3
 3 2 1 6 4 4 3 0 4 3 3 3 3 3 3 3 3 1 3 4 1 6 1 1 6 1 3 1 3 1 3 3 3 2 3 1 4
 1 3 1 3 1 3 0 1 3 1 3 3 0 3 4 4 3 0 1 6 4 6 3 2 4 3 3 1 6 3 2 5 1 3 5 1 3
 6 1 5 1 1 5 3 3 3 0 1 3 6 5 4 1 3 0 5 1 0 3 1 1 6 1 5 6 3 2 2 4 3 3 3 2 3
 3 3 3 3 4 3 1 3 0 1 3 3 2 3 1 3 2 1 2 3 3 6 2 1 0 3 5 3 3 3 3 3 0 0 2 3 3
 1 1 6 3 3 3 3 3 3 3 1 0 3 1 6 3 3 3 3 6 4 4 3 0 3 3 3 6 4 2 2 6 3 4 2 6 6
 3 2 3 6 1 3 4 3 3 4 3 1 1 3 3 3 3 6 3 3 3 1 5 3 3 6 2 3 3 3 3 4 3 5 1 3 0
 4 1 3 4 3 6 6 2 1 3 1 3 1 3 3 3 1 6 3 3 6 1 3 3 5 3]
accuracy = %s 86.0248447205
                   precision    recall  f1-score   support

     Ariel Sharon       0.75      0.92      0.83        13
     Colin Powell       0.84      0.85      0.84        60
  Donald Rumsfeld       0.78      0.67      0.72        27
    George W Bush       0.91      0.95      0.93       146
Gerhard Schroeder       0.83      0.80      0.82        25
      Hugo Chavez       0.80      0.80      0.80        15
       Tony Blair       0.84      0.72      0.78        36

      avg / total       0.86      0.86      0.86       322

[[ 12   0   1   0   0   0   0]
 [  1  51   1   4   0   0   3]
 [  1   2  18   3   2   1   0]
 [  0   4   2 138   0   2   0]
 [  1   0   0   3  20   0   1]
 [  1   0   0   0   1  12   1]
 [  0   4   1   4   1   0  26]]
['lmnn', 'lsml', 'ldml']
Printing all accuracies

                            < M A T L A B (R) >
                  Copyright 1984-2012 The MathWorks, Inc.
                    R2012a (7.14.0.739) 32-bit (glnx86)
                              February 9, 2012

 
To get started, type one of these: helpwin, helpdesk, or demo.
For product information, visit www.mathworks.com.
 
>> >> >> >> >> >> >> >> >> >> 
ans =

   966   150

>> 
ans =

   966     1

>> >> >> >> >> >> [ 84.47204969]
[ 83.85093168]
Matlab successfully exited.
[ 85.40372671]
86.3354037267 [3 3 6 3 3 3 4 1 3 3 3 3 3 6 5 3 3 3 3 4 1 2 3 1 0 1 2 1 3 3 2 3 3 3 3 3 3
 3 3 1 1 1 3 1 1 1 3 3 2 3 3 3 0 3 6 2 1 3 5 3 1 3 6 4 3 5 6 4 1 3 5 6 3 3
 4 2 1 4 4 2 3 0 4 3 3 3 3 3 3 3 3 1 3 4 1 6 1 1 6 1 3 1 3 1 3 3 3 0 3 1 4
 1 3 1 3 1 3 0 1 3 1 3 3 0 3 4 4 3 0 1 6 4 6 3 2 4 3 3 1 6 3 3 5 1 3 5 1 3
 6 1 5 1 1 5 3 3 3 0 1 3 6 5 4 1 3 0 5 1 0 3 1 1 6 1 5 6 3 2 2 4 3 3 3 2 3
 3 3 3 3 4 3 6 3 3 1 3 3 2 3 6 3 2 1 2 3 3 6 2 1 0 3 5 3 3 3 3 3 0 0 2 3 3
 1 1 6 3 3 3 3 3 3 3 1 0 3 1 6 3 3 3 3 6 4 4 3 0 3 3 3 6 4 3 2 6 3 4 2 6 6
 3 2 3 6 1 3 4 3 3 4 3 1 1 3 3 3 3 6 3 3 3 1 5 3 3 6 0 3 3 3 3 4 3 5 1 3 0
 4 1 3 4 3 6 6 2 6 3 1 3 1 3 3 3 1 6 3 3 6 1 3 3 5 3]
accuracy = %s 86.3354037267
                   precision    recall  f1-score   support

     Ariel Sharon       0.76      1.00      0.87        13
     Colin Powell       0.88      0.85      0.86        60
  Donald Rumsfeld       0.85      0.63      0.72        27
    George W Bush       0.91      0.95      0.93       146
Gerhard Schroeder       0.77      0.80      0.78        25
      Hugo Chavez       0.80      0.80      0.80        15
       Tony Blair       0.79      0.72      0.75        36

      avg / total       0.86      0.86      0.86       322

[[ 13   0   0   0   0   0   0]
 [  1  51   1   3   0   0   4]
 [  0   1  17   5   2   1   1]
 [  1   3   0 139   1   2   0]
 [  1   0   1   2  20   0   1]
 [  1   0   0   0   1  12   1]
 [  0   3   1   4   2   0  26]]
['lmnn', 'rca', 'lfda']
Printing all accuracies
[ 84.47204969]
[ 84.7826087]
[ 84.7826087]
85.0931677019 [3 3 6 3 3 3 4 1 3 3 3 3 3 6 1 3 3 3 3 3 3 2 3 1 0 1 2 1 3 3 2 3 3 3 3 3 5
 3 3 1 1 1 3 1 1 1 3 3 2 3 3 3 0 3 6 2 1 3 5 3 1 3 6 4 3 5 6 4 1 3 5 6 3 3
 3 2 1 6 4 4 3 0 4 3 3 3 3 3 3 3 3 1 3 4 1 6 1 1 6 1 3 1 3 1 3 3 3 2 3 1 4
 1 3 1 3 1 3 0 1 3 1 3 3 0 3 5 4 3 0 1 6 4 6 3 2 4 3 3 1 6 3 2 5 1 3 5 1 3
 6 1 5 1 1 5 3 3 3 0 1 3 6 5 4 1 3 0 5 1 0 3 1 1 6 1 5 6 3 2 2 4 3 3 3 2 3
 3 3 3 3 4 3 1 3 0 1 3 3 2 3 1 3 2 1 2 3 3 6 2 1 0 3 5 3 3 3 3 5 0 0 2 3 3
 1 1 6 3 3 3 3 3 3 3 1 0 3 1 6 3 3 2 3 6 4 4 3 0 3 3 3 6 4 2 2 6 3 4 2 6 6
 3 2 3 6 1 3 4 3 3 4 3 1 1 3 3 3 3 6 3 3 3 1 5 3 3 6 2 3 3 3 3 4 3 5 1 3 0
 4 1 3 4 3 6 6 2 1 3 1 3 1 3 3 3 1 6 3 3 6 1 3 3 5 3]
accuracy = %s 85.0931677019
                   precision    recall  f1-score   support

     Ariel Sharon       0.75      0.92      0.83        13
     Colin Powell       0.84      0.85      0.84        60
  Donald Rumsfeld       0.75      0.67      0.71        27
    George W Bush       0.91      0.93      0.92       146
Gerhard Schroeder       0.83      0.76      0.79        25
      Hugo Chavez       0.71      0.80      0.75        15
       Tony Blair       0.84      0.72      0.78        36

      avg / total       0.85      0.85      0.85       322

[[ 12   0   1   0   0   0   0]
 [  1  51   1   4   0   0   3]
 [  1   2  18   3   2   1   0]
 [  0   4   3 136   0   3   0]
 [  1   0   0   3  19   1   1]
 [  1   0   0   0   1  12   1]
 [  0   4   1   4   1   0  26]]
['lmnn', 'rca', 'ldml']
Printing all accuracies

                            < M A T L A B (R) >
                  Copyright 1984-2012 The MathWorks, Inc.
                    R2012a (7.14.0.739) 32-bit (glnx86)
                              February 9, 2012

 
To get started, type one of these: helpwin, helpdesk, or demo.
For product information, visit www.mathworks.com.
 
>> >> >> >> >> >> >> >> >> >> 
ans =

   966   150

>> 
ans =

   966     1

>> >> >> >> >> >> [ 84.47204969]
[ 84.7826087]
Matlab successfully exited.
[ 85.40372671]
85.0931677019 [3 3 6 3 3 3 4 1 3 3 3 3 3 6 5 3 3 3 3 4 3 2 3 1 0 1 2 1 3 3 2 3 3 3 3 3 3
 3 3 1 1 1 3 1 1 1 3 3 2 3 3 3 0 3 6 2 1 3 5 3 1 3 6 4 3 5 6 4 1 3 5 6 3 3
 4 2 1 4 4 2 3 0 4 3 3 3 3 3 3 3 3 1 3 4 1 6 1 1 6 1 3 1 3 1 3 3 3 2 3 1 4
 1 3 1 3 1 3 0 1 3 1 3 3 0 3 5 4 3 0 1 6 4 6 3 2 4 3 3 1 6 3 3 5 1 3 5 1 3
 6 1 5 1 1 5 3 3 3 0 1 3 6 5 4 1 3 0 5 1 0 3 1 1 6 1 5 6 3 2 2 4 3 3 3 2 3
 3 3 3 3 4 3 6 3 3 1 3 3 2 3 6 3 2 1 2 3 3 6 2 1 0 3 5 3 3 3 3 3 0 0 2 3 3
 1 1 6 3 3 3 3 3 3 3 1 0 3 1 6 3 3 2 3 6 4 4 3 0 3 3 3 6 4 3 2 6 3 4 2 6 6
 3 2 3 6 1 3 4 3 3 4 3 1 1 3 3 3 3 6 3 3 3 1 5 3 3 6 1 3 3 3 3 4 3 5 1 3 0
 4 1 3 4 3 6 6 2 6 3 1 3 1 3 3 3 1 6 3 3 6 1 3 3 5 3]
accuracy = %s 85.0931677019
                   precision    recall  f1-score   support

     Ariel Sharon       0.80      0.92      0.86        13
     Colin Powell       0.86      0.83      0.85        60
  Donald Rumsfeld       0.77      0.63      0.69        27
    George W Bush       0.90      0.95      0.92       146
Gerhard Schroeder       0.76      0.76      0.76        25
      Hugo Chavez       0.75      0.80      0.77        15
       Tony Blair       0.79      0.72      0.75        36

      avg / total       0.85      0.85      0.85       322

[[ 12   1   0   0   0   0   0]
 [  1  50   1   4   0   0   4]
 [  0   1  17   5   2   1   1]
 [  0   3   2 138   1   2   0]
 [  1   0   1   2  19   1   1]
 [  1   0   0   0   1  12   1]
 [  0   3   1   4   2   0  26]]
['lmnn', 'lfda', 'ldml']
Printing all accuracies

                            < M A T L A B (R) >
                  Copyright 1984-2012 The MathWorks, Inc.
                    R2012a (7.14.0.739) 32-bit (glnx86)
                              February 9, 2012

 
To get started, type one of these: helpwin, helpdesk, or demo.
For product information, visit www.mathworks.com.
 
>> >> >> >> >> >> >> >> >> >> 
ans =

   966   150

>> 
ans =

   966     1

>> >> >> >> >> >> 
                            < M A T L A B (R) >
                  Copyright 1984-2012 The MathWorks, Inc.
                    R2012a (7.14.0.739) 32-bit (glnx86)
                              February 9, 2012

 
To get started, type one of these: helpwin, helpdesk, or demo.
For product information, visit www.mathworks.com.
 
>> >> >> >> >> >> >> >> >> >> 
ans =

   966   150

>> 
ans =

   966     1

>> >> >> >> >> >> [ 84.47204969]
[ 84.7826087]
Matlab successfully exited.
[ 85.40372671]
85.4037267081 [3 3 6 3 3 3 4 1 3 3 3 3 3 6 1 3 3 3 3 3 3 2 3 1 0 1 2 1 3 3 2 3 3 3 3 3 3
 3 3 1 1 1 3 1 1 1 3 3 2 3 3 3 0 3 6 2 1 3 5 3 1 3 6 4 3 5 6 4 1 3 5 6 3 3
 3 2 1 4 4 4 3 0 4 3 3 3 3 3 3 3 3 1 3 4 1 6 1 1 6 1 3 1 3 1 3 3 3 2 3 1 4
 1 3 1 3 1 3 0 1 3 1 3 3 0 3 5 4 3 0 1 6 4 6 3 2 4 3 3 1 6 3 2 5 1 3 5 1 3
 6 1 5 1 1 5 3 3 3 0 1 3 6 5 4 1 3 6 5 1 0 3 1 1 6 1 5 6 3 2 2 4 3 3 3 2 3
 3 3 3 3 4 3 1 3 3 1 3 3 2 3 1 3 2 1 2 3 3 6 2 1 0 3 5 3 3 3 3 3 0 0 2 3 3
 1 1 6 3 3 3 3 3 3 3 1 0 3 1 6 3 3 2 3 6 4 4 3 0 3 3 3 6 4 2 2 6 3 4 2 6 6
 3 2 3 6 1 3 4 3 3 4 3 1 1 3 3 3 3 6 3 3 3 1 5 3 3 6 2 3 3 3 6 4 3 5 1 3 0
 4 1 3 4 3 6 6 2 1 3 1 3 1 3 3 3 1 6 3 3 6 1 3 3 5 3]
accuracy = %s 85.4037267081
                   precision    recall  f1-score   support

     Ariel Sharon       0.86      0.92      0.89        13
     Colin Powell       0.84      0.85      0.84        60
  Donald Rumsfeld       0.75      0.67      0.71        27
    George W Bush       0.91      0.95      0.93       146
Gerhard Schroeder       0.79      0.76      0.78        25
      Hugo Chavez       0.80      0.80      0.80        15
       Tony Blair       0.78      0.69      0.74        36

      avg / total       0.85      0.85      0.85       322

[[ 12   0   1   0   0   0   0]
 [  1  51   1   4   0   0   3]
 [  0   2  18   4   2   1   0]
 [  0   4   3 138   0   1   0]
 [  1   0   0   2  19   1   2]
 [  0   0   0   0   1  12   2]
 [  0   4   1   4   2   0  25]]
['lsml', 'rca', 'lfda']
Printing all accuracies
[ 82.29813665]
[ 84.7826087]
[ 84.7826087]
84.4720496894 [3 3 6 3 3 3 4 1 3 3 3 3 3 6 5 3 3 3 3 4 3 2 3 1 0 1 2 1 3 3 2 3 3 3 3 3 5
 3 3 1 1 1 3 1 1 1 3 3 2 3 3 3 0 3 6 0 1 3 5 3 1 3 6 4 3 5 6 4 1 3 5 6 3 3
 4 2 1 6 4 2 3 0 4 3 3 3 3 3 3 3 3 1 3 4 1 6 1 1 6 1 3 1 3 1 3 3 3 2 3 1 4
 1 3 1 3 1 3 0 1 3 1 3 3 0 3 5 4 3 0 1 6 4 6 3 2 4 3 3 1 6 3 3 5 1 3 5 1 3
 6 1 5 1 1 5 3 3 3 0 1 3 6 5 4 1 3 0 5 1 0 3 1 1 6 1 5 6 3 2 2 4 3 3 3 2 3
 3 3 3 3 4 3 6 3 0 1 3 3 2 3 6 3 2 1 2 3 3 6 2 1 0 3 5 3 3 3 3 5 0 0 2 3 3
 1 1 6 3 3 3 3 3 3 3 1 0 3 1 6 3 3 2 3 6 4 4 3 0 3 3 3 6 4 3 2 6 3 4 2 6 6
 3 2 3 6 1 3 4 3 3 4 3 1 1 3 3 3 3 6 3 3 3 1 5 3 3 6 2 3 3 3 3 4 3 5 1 3 0
 4 1 3 4 3 6 6 2 6 3 1 3 1 3 3 3 1 6 3 3 6 1 3 3 5 3]
accuracy = %s 84.4720496894
                   precision    recall  f1-score   support

     Ariel Sharon       0.71      0.92      0.80        13
     Colin Powell       0.88      0.83      0.85        60
  Donald Rumsfeld       0.73      0.59      0.65        27
    George W Bush       0.91      0.93      0.92       146
Gerhard Schroeder       0.79      0.76      0.78        25
      Hugo Chavez       0.67      0.80      0.73        15
       Tony Blair       0.79      0.75      0.77        36

      avg / total       0.85      0.84      0.84       322

[[ 12   0   1   0   0   0   0]
 [  1  50   1   4   0   0   4]
 [  2   1  16   4   2   1   1]
 [  0   3   2 136   1   4   0]
 [  1   0   1   2  19   1   1]
 [  1   0   0   0   1  12   1]
 [  0   3   1   4   1   0  27]]
['lsml', 'rca', 'ldml']
Printing all accuracies
[ 83.85093168]
[ 84.7826087]
Matlab successfully exited.
[ 85.40372671]
85.4037267081 [3 3 6 3 3 3 4 1 3 3 3 3 3 6 5 3 3 3 3 4 1 2 3 1 0 1 2 1 3 3 2 3 3 3 3 3 5
 3 3 1 1 1 3 1 1 1 3 3 2 3 3 3 0 3 6 2 1 3 5 3 1 3 6 4 3 5 6 4 1 3 5 6 3 3
 4 2 1 6 4 2 3 0 4 3 3 3 3 3 3 3 3 1 3 4 1 6 1 1 6 1 3 1 3 1 3 3 3 2 3 1 4
 1 3 2 3 1 3 0 1 3 1 3 3 0 3 5 4 3 0 1 6 4 6 3 2 4 3 3 1 6 3 3 5 1 3 5 1 3
 6 1 5 1 1 5 3 3 3 0 1 3 6 5 4 1 3 0 5 1 0 3 1 1 6 1 5 6 3 2 2 4 3 3 3 2 3
 3 3 3 3 1 3 6 3 0 1 3 3 2 3 6 3 2 1 2 3 3 6 2 1 0 3 5 3 3 3 3 3 0 0 2 3 3
 1 1 6 3 3 3 3 3 3 3 1 0 3 1 6 3 3 2 3 6 4 4 3 0 3 3 3 6 4 3 2 6 3 4 2 6 6
 3 2 3 6 1 3 4 3 3 4 3 1 1 3 3 3 3 6 3 3 3 1 5 3 3 6 1 3 3 3 3 4 3 5 1 3 0
 4 1 3 4 3 6 6 2 6 3 1 3 1 3 3 3 1 6 3 3 6 1 3 3 5 3]
accuracy = %s 85.4037267081
                   precision    recall  f1-score   support

     Ariel Sharon       0.75      0.92      0.83        13
     Colin Powell       0.86      0.85      0.86        60
  Donald Rumsfeld       0.74      0.63     
                            < M A T L A B (R) >
                  Copyright 1984-2012 The MathWorks, Inc.
                    R2012a (7.14.0.739) 32-bit (glnx86)
                              February 9, 2012

 
To get started, type one of these: helpwin, helpdesk, or demo.
For product information, visit www.mathworks.com.
 
>> >> >> >> >> >> >> >> >> >> 
ans =

   966   150

>> 
ans =

   966     1

>> >> >> >> >> >> 
                            < M A T L A B (R) >
                  Copyright 1984-2012 The MathWorks, Inc.
                    R2012a (7.14.0.739) 32-bit (glnx86)
                              February 9, 2012

 
To get started, type one of these: helpwin, helpdesk, or demo.
For product information, visit www.mathworks.com.
 
>> >> >> >> >> >> >> >> >> >> 
ans =

   966   150

>> 
ans =

   966     1

>> >> >> >> >> >>  0.68        27
    George W Bush       0.91      0.94      0.93       146
Gerhard Schroeder       0.83      0.76      0.79        25
      Hugo Chavez       0.71      0.80      0.75        15
       Tony Blair       0.79      0.75      0.77        36

      avg / total       0.85      0.85      0.85       322

[[ 12   1   0   0   0   0   0]
 [  1  51   1   3   0   0   4]
 [  1   2  17   4   1   1   1]
 [  0   2   3 137   1   3   0]
 [  1   0   1   2  19   1   1]
 [  1   0   0   0   1  12   1]
 [  0   3   1   4   1   0  27]]
['lsml', 'lfda', 'ldml']
Printing all accuracies
[ 84.47204969]
[ 84.7826087]
Matlab successfully exited.
[ 85.40372671]
85.4037267081 [3 3 6 3 3 3 4 1 3 3 3 3 3 6 5 3 3 3 3 4 1 2 3 1 0 1 2 1 3 3 2 3 3 3 3 3 5
 3 3 1 1 1 3 1 1 1 3 3 2 3 3 3 0 3 6 2 1 3 5 3 1 3 6 4 3 5 6 4 1 3 5 6 3 3
 4 2 1 6 4 2 3 0 4 3 3 3 3 3 3 3 3 1 3 4 1 6 1 1 6 1 3 1 3 1 3 3 3 0 3 1 4
 1 3 1 3 1 3 0 1 3 1 3 3 0 3 5 4 3 0 1 6 4 6 3 2 4 3 3 1 6 3 3 5 1 3 5 1 3
 6 1 5 1 1 5 3 3 3 0 1 3 6 5 4 1 3 6 5 1 0 3 1 1 6 1 5 6 3 2 2 4 3 3 3 2 3
 3 3 3 3 4 3 6 3 0 1 3 3 2 3 6 3 2 1 2 3 3 6 2 1 0 3 5 3 3 3 3 5 0 0 2 3 3
 1 1 6 3 3 3 3 3 3 3 1 0 3 1 6 3 3 2 3 6 4 4 3 0 3 3 3 6 4 3 2 6 3 4 2 6 6
 3 2 3 6 1 3 4 3 3 4 3 1 1 3 3 3 3 6 3 3 3 1 5 3 3 6 2 3 3 3 6 4 3 5 1 3 0
 4 1 3 4 3 6 6 2 1 3 1 3 1 3 3 3 1 6 3 3 6 1 3 3 5 3]
accuracy = %s 85.4037267081
                   precision    recall  f1-score   support

     Ariel Sharon       0.75      0.92      0.83        13
     Colin Powell       0.88      0.87      0.87        60
  Donald Rumsfeld       0.77      0.63      0.69        27
    George W Bush       0.92      0.93      0.93       146
Gerhard Schroeder       0.79      0.76      0.78        25
      Hugo Chavez       0.67      0.80      0.73        15
       Tony Blair       0.77      0.75      0.76        36

      avg / total       0.85      0.85      0.85       322

[[ 12   0   1   0   0   0   0]
 [  1  52   1   3   0   0   3]
 [  1   1  17   4   2   1   1]
 [  1   3   1 136   1   4   0]
 [  1   0   1   1  19   1   2]
 [  0   0   0   0   1  12   2]
 [  0   3   1   4   1   0  27]]
['rca', 'lfda', 'ldml']
Printing all accuracies
[ 84.7826087]
[ 84.7826087]
Matlab successfully exited.
[ 85.40372671]
84.7826086957 [3 3 6 3 3 3 4 1 3 3 3 3 3 6 5 3 3 3 3 4 3 2 3 1 0 1 2 1 3 3 2 3 3 3 3 3 5
 3 3 1 1 1 3 1 1 1 3 3 2 3 3 3 0 3 6 2 1 3 5 3 1 3 6 4 3 5 6 4 1 3 5 6 3 3
 4 2 1 6 4 2 3 0 4 3 3 3 3 3 3 3 3 1 3 4 1 6 1 1 6 1 3 1 3 1 3 3 3 2 3 1 4
 1 3 1 3 1 3 0 1 3 1 3 3 0 3 5 4 3 0 1 6 4 6 3 2 4 3 3 1 6 3 3 5 1 3 5 1 3
 6 1 5 1 1 5 3 3 3 0 1 3 6 5 4 1 3 6 5 1 0 3 1 1 6 1 5 6 3 2 2 4 3 3 3 2 3
 3 3 3 3 4 3 6 3 0 1 3 3 2 3 6 3 2 1 2 3 3 6 2 1 0 3 5 3 3 3 3 5 0 0 2 3 3
 1 1 6 3 3 3 3 3 3 3 1 0 3 1 6 3 3 2 3 6 4 4 3 0 3 3 3 6 4 3 2 6 3 4 2 6 6
 3 2 3 6 1 3 4 3 3 4 3 1 1 3 3 3 3 6 3 3 3 1 5 3 3 6 1 3 3 3 6 4 3 5 1 3 0
 4 1 3 4 3 6 6 2 6 3 1 3 1 3 3 3 1 6 3 3 6 1 3 3 5 3]
accuracy = %s 84.7826086957
                   precision    recall  f1-score   support

     Ariel Sharon       0.80      0.92      0.86        13
     Colin Powell       0.86      0.83      0.85        60
  Donald Rumsfeld       0.77      0.63      0.69        27
    George W Bush       0.91      0.93      0.92       146
Gerhard Schroeder       0.79      0.76      0.78        25
      Hugo Chavez       0.67      0.80      0.73        15
       Tony Blair       0.75      0.75      0.75        36

      avg / total       0.85      0.85      0.85       322

[[ 12   1   0   0   0   0   0]
 [  1  50   1   4   0   0   4]
 [  1   1  17   4   2   1   1]
 [  0   3   2 136   1   4   0]
 [  1   0   1   1  19   1   2]
 [  0   0   0   0   1  12   2]
 [  0   3   1   4   1   0  27]]
['lmnn', 'lsml', 'rca', 'lfda']
Printing all accuracies
[ 84.47204969]
[ 81.98757764]
[ 84.7826087]
[ 84.7826087]
84.4720496894 [3 3 6 3 3 3 4 1 3 3 3 3 3 6 5 3 3 3 3 3 3 2 3 1 0 1 2 1 3 3 2 3 3 3 3 3 5
 3 3 1 1 1 3 1 1 1 3 3 2 3 3 3 0 3 6 0 1 3 5 3 1 3 6 4 3 5 6 4 1 3 5 6 3 3
 3 2 1 4 4 2 3 0 4 3 3 3 3 3 3 3 3 1 3 4 1 6 1 1 6 1 3 1 3 1 3 3 3 2 3 1 4
 1 3 1 3 1 3 0 1 3 1 3 3 0 3 4 4 3 0 1 6 4 6 3 2 4 3 3 1 6 3 2 5 1 3 5 1 3
 6 1 5 1 1 5 3 3 3 0 1 3 6 5 4 1 3 0 5 1 0 3 1 1 6 1 5 6 3 2 2 4 3 3 3 2 3
 3 3 3 3 4 3 1 3 0 1 3 3 2 3 1 3 2 1 2 3 3 6 2 1 0 3 5 3 3 3 3 3 0 0 2 3 3
 1 1 6 3 3 3 3 1 3 3 1 0 3 1 6 3 3 2 3 6 4 4 3 0 3 3 3 6 4 2 2 6 3 4 2 6 6
 3 2 3 6 1 3 4 3 3 4 3 1 1 3 3 3 3 6 3 3 3 1 5 3 3 6 2 3 3 3 3 4 3 5 1 3 0
 4 1 3 4 3 6 6 2 1 3 1 3 1 3 3 3 1 6 3 3 6 1 3 3 5 3]
accuracy = %s 84.4720496894
                   precision    recall  f1-score   support

     Ariel Sharon       0.71      0.92      0.80        13
     Colin Powell       0.84      0.85      0.84        60
  Donald Rumsfeld       0.71      0.63      0.67        27
    George W Bush       0.91      0.93      0.92       146
Gerhard Schroeder       0.79      0.76      0.78        25
      Hugo Chavez       0.75      0.80      0.77        15
       Tony Blair       0.83      0.69      0.76        36

      avg / total       0.84      0.84      0.84       322

[[ 12   0   1   0   0   0   0]
 [  1  51   1   4   0   0   3]
 [  2   2  17   3   2   1   0]
 [  0   4   3 136   0   3   0]
 [  1   0   1   3  19   0   1]
 [  1   0   0   0   1  12   1]
 [  0   4   1   4   2   0  25]]
['lmnn', 'lsml', 'rca', 'ldml']
Printing all accuracies

                            < M A T L A B (R) >
                  Copyright 1984-2012 The MathWorks, Inc.
                    R2012a (7.14.0.739) 32-bit (glnx86)
                              February 9, 2012

 
To get started, type one of these: helpwin, helpdesk, or demo.
For product information, visit www.mathworks.com.
 
>> >> >> >> >> >> >> >> >> >> 
ans =

   966   150

>> 
ans =

   966     1

>> >> >> >> >> >> [ 84.47204969]
[ 83.54037267]
[ 84.7826087]
Matlab successfully exited.
[ 85.40372671]
86.0248447205 [3 3 6 3 3 3 4 1 3 3 3 3 3 6 5 3 3 3 3 4 1 2 3 1 0 1 2 1 3 3 2 3 3 3 3 3 3
 3 3 1 1 1 3 1 1 1 3 3 2 3 3 3 0 3 6 2 1 3 5 3 1 3 6 4 3 5 6 4 1 3 5 6 3 3
 4 2 1 4 4 2 3 0 4 3 3 3 3 3 3 3 3 1 3 4 1 6 1 1 6 1 3 1 3 1 3 3 3 0 3 1 4
 1 3 1 3 1 3 0 1 3 1 3 3 0 3 4 4 3 0 1 6 4 6 3 2 4 3 3 1 6 3 3 5 1 3 5 1 3
 6 1 5 1 1 5 3 3 3 0 1 3 6 5 4 1 3 0 5 1 0 3 1 1 6 1 5 6 3 2 2 4 3 3 3 2 3
 3 3 3 3 4 3 6 3 0 1 3 3 2 3 6 3 2 1 2 3 3 6 2 1 0 3 5 3 3 3 3 3 0 0 2 3 3
 1 1 6 3 3 3 3 3 3 3 1 0 3 1 6 3 3 2 3 6 4 4 3 0 3 3 3 6 4 3 2 6 3 4 2 6 6
 3 2 3 6 1 3 4 3 3 4 3 1 1 3 3 3 3 6 3 3 3 1 5 3 3 6 1 3 3 3 3 4 3 5 1 3 0
 4 1 3 4 3 6 6 2 1 3 1 3 1 3 3 3 1 6 3 3 6 1 3 3 5 3]
accuracy = %s 86.0248447205
                   precision    recall  f1-score   support

     Ariel Sharon       0.71      0.92      0.80        13
     Colin Powell       0.87      0.87      0.87        60
  Donald Rumsfeld       0.81      0.63      0.71        27
    George W Bush       0.91      0.95      0.93       146
Gerhard Schroeder       0.77      0.80      0.78        25
      Hugo Chavez       0.80      0.80      0.80        15
       Tony Blair       0.81      0.72      0.76        36

      avg / total       0.86      0.86      0.86       322

[[ 12   1   0   0   0   0   0]
 [  1  52   1   3   0   0   3]
 [  1   1  17   4   2   1   1]
 [  1   3   1 138   1   2   0]
 [  1   0   1   2  20   0   1]
 [  1   0   0   0   1  12   1]
 [  0   3   1   4   2   0  26]]
['lmnn', 'lsml', 'lfda', 'ldml']
Printing all accuracies

                            < M A T L A B (R) >
                  Copyright 1984-2012 The MathWorks, Inc.
                    R2012a (7.14.0.739) 32-bit (glnx86)
                              February 9, 2012

 
To get started, type one of these: helpwin, helpdesk, or demo.
For product information, visit www.mathworks.com.
 
>> >> >> >> >> >> >> >> >> >> 
ans =

   966   150

>> 
ans =

   966     1

>> >> >> >> >> >> [ 84.47204969]
[ 81.98757764]
[ 84.7826087]
Matlab successfully exited.
[ 85.40372671]
85.4037267081 [3 3 6 3 3 3 4 1 3 3 3 3 3 6 5 3 3 3 3 3 1 2 3 1 0 1 2 1 3 3 2 3 3 3 3 3 3
 3 3 1 1 1 3 1 1 1 3 3 2 3 3 3 0 3 6 0 1 3 5 3 1 3 6 4 3 5 6 4 1 3 5 6 3 3
 3 2 1 4 4 2 3 0 4 3 3 3 3 3 3 3 3 1 3 4 1 6 1 1 6 1 3 1 3 1 3 3 3 2 3 1 4
 1 3 1 3 1 3 0 1 3 1 3 3 0 3 4 4 3 0 1 6 4 6 3 2 4 3 3 1 6 3 2 5 1 3 5 1 3
 6 1 5 1 1 5 3 3 3 0 1 3 6 5 4 1 3 0 5 1 0 3 1 1 6 1 5 6 3 2 2 4 3 3 3 2 3
 3 3 3 3 4 3 1 3 0 1 3 3 2 3 1 3 2 1 2 3 3 6 2 1 0 3 5 3 3 3 3 3 0 0 2 3 3
 1 1 6 3 3 3 3 3 3 3 1 0 3 1 6 3 3 2 3 6 4 4 3 0 3 3 3 6 4 2 2 6 3 4 2 6 6
 3 2 3 6 1 3 4 3 3 4 3 1 1 3 3 3 3 6 3 3 3 1 5 3 3 6 1 3 3 3 6 4 3 5 1 3 0
 4 1 3 4 3 6 6 2 1 3 1 3 1 3 3 3 1 6 3 3 6 1 3 3 5 3]
accuracy = %s 85.4037267081
                   precision    recall  f1-score   support

     Ariel Sharon       0.71      0.92      0.80        13
     Colin Powell       0.84      0.87      0.85        60
  Donald Rumsfeld       0.74      0.63      0.68        27
    George W Bush       0.92      0.95      0.93       146
Gerhard Schroeder       0.79      0.76      0.78        25
      Hugo Chavez       0.80      0.80      0.80        15
       Tony Blair       0.81      0.69      0.75        36

      avg / total       0.85      0.85      0.85       322

[[ 12   1   0   0   0   0   0]
 [  1  52   1   3   0   0   3]
 [  2   2  17   3   2   1   0]
 [  0   3   3 138   0   2   0]
 [  1   0   1   2  19   0   2]
 [  1   0   0   0   1  12   1]
 [  0   4   1   4   2   0  25]]
['lmnn', 'rca', 'lfda', 'ldml']
Printing all accuracies

                            < M A T L A B (R) >
                  Copyright 1984-2012 The MathWorks, Inc.
                    R2012a (7.14.0.739) 32-bit (glnx86)
                              February 9, 2012

 
To get started, type one of these: helpwin, helpdesk, or demo.
For product information, visit www.mathworks.com.
 
>> >> >> >> >> >> >> >> >> >> 
ans =

   966   150

>> 
ans =

   966     1

>> >> >> >> >> >> 
                            < M A T L A B (R) >
                  Copyright 1984-2012 The MathWorks, Inc.
                    R2012a (7.14.0.739) 32-bit (glnx86)
                              February 9, 2012

 
To get started, type one of these: helpwin, helpdesk, or demo.
For product information, visit www.mathworks.com.
 
>> >> >> >> >> >> >> >> >> >> 
ans =

   966   150

>> 
ans =

   966     1

>> >> >> >> >> >> [ 84.47204969]
[ 84.7826087]
[ 84.7826087]
Matlab successfully exited.
[ 85.40372671]
85.0931677019 [3 3 6 3 3 3 4 1 3 3 3 3 3 6 5 3 3 3 3 3 3 2 3 1 0 1 2 1 3 3 2 3 3 3 3 3 3
 3 3 1 1 1 3 1 1 1 3 3 2 3 3 3 0 3 6 2 1 3 5 3 1 3 6 4 3 5 6 4 1 3 5 6 3 3
 3 2 1 4 4 2 3 0 4 3 3 3 3 3 3 3 3 1 3 4 1 6 1 1 6 1 3 1 3 1 3 3 3 2 3 1 4
 1 3 1 3 1 3 0 1 3 1 3 3 0 3 5 4 3 0 1 6 4 6 3 2 4 3 3 1 6 3 2 5 1 3 5 1 3
 6 1 5 1 1 5 3 3 3 0 1 3 6 5 4 1 3 0 5 1 0 3 1 1 6 1 5 6 3 2 2 4 3 3 3 2 3
 3 3 3 3 4 3 1 3 0 1 3 3 2 3 1 3 2 1 2 3 3 6 2 1 0 3 5 3 3 3 3 3 0 0 2 3 3
 1 1 6 3 3 3 3 3 3 3 1 0 3 1 6 3 3 2 3 6 4 4 3 0 3 3 3 6 4 2 2 6 3 4 2 6 6
 3 2 3 6 1 3 4 3 3 4 3 1 1 3 3 3 3 6 3 3 3 1 5 3 3 6 1 3 3 3 6 4 3 5 1 3 0
 4 1 3 4 3 6 6 2 1 3 1 3 1 3 3 3 1 6 3 3 6 1 3 3 5 3]
accuracy = %s 85.0931677019
                   precision    recall  f1-score   support

     Ariel Sharon       0.75      0.92      0.83        13
     Colin Powell       0.84      0.85      0.84        60
  Donald Rumsfeld       0.75      0.67      0.71        27
    George W Bush       0.91      0.95      0.93       146
Gerhard Schroeder       0.78      0.72      0.75        25
      Hugo Chavez       0.75      0.80      0.77        15
       Tony Blair       0.81      0.69      0.75        36

      avg / total       0.85      0.85      0.85       322

[[ 12   1   0   0   0   0   0]
 [  1  51   1   4   0   0   3]
 [  1   2  18   3   2   1   0]
 [  0   3   3 138   0   2   0]
 [  1   0   1   2  18   1   2]
 [  1   0   0   0   1  12   1]
 [  0   4   1   4   2   0  25]]
['lsml', 'rca', 'lfda', 'ldml']
Printing all accuracies
[ 82.91925466]
[ 84.7826087]
[ 84.7826087]
Matlab successfully exited.
[ 85.40372671]
84.7826086957 [3 3 6 3 3 3 4 1 3 3 3 3 3 6 5 3 3 3 3 4 1 2 3 1 0 1 2 1 3 3 2 3 3 3 3 3 5
 3 3 1 1 1 3 1 1 1 3 3 2 3 3 3 0 3 6 2 1 3 5 3 1 3 6 4 3 5 6 4 1 3 5 6 3 3
 4 2 1 4 4 2 3 0 4 3 3 3 3 3 3 3 3 1 3 4 1 6 1 1 6 1 3 1 3 1 3 3 3 0 3 1 4
 1 3 1 3 1 3 0 1 3 1 3 3 0 3 5 4 3 0 1 6 4 6 3 2 4 3 3 1 6 3 3 5 1 3 5 1 3
 6 1 5 1 1 5 3 3 3 0 1 3 6 5 4 1 3 0 5 1 0 3 1 1 6 1 5 6 3 2 2 4 3 3 3 2 3
 3 3 3 3 4 3 6 3 0 1 3 3 2 3 6 3 2 1 2 3 3 6 2 1 0 3 5 3 3 3 3 3 0 0 2 3 3
 1 1 6 3 3 3 3 1 3 3 1 0 3 1 6 3 3 2 3 6 4 4 3 0 3 3 3 6 4 3 2 6 3 4 2 6 6
 3 2 3 6 1 3 4 3 3 4 3 1 1 3 3 3 3 6 3 3 3 1 5 3 3 6 1 3 3 3 3 4 3 5 1 3 0
 4 1 3 4 3 6 6 2 6 3 1 3 1 3 3 3 1 6 3 3 6 1 3 3 5 3]
accuracy = %s 84.7826086957
                   precision    recall  f1-score   support

     Ariel Sharon       0.71      0.92      0.80        13
     Colin Powell       0.85      0.85      0.85        60
  Donald Rumsfeld       0.81      0.63      0.71        27
    George W Bush       0.91      0.93      0.92       146
Gerhard Schroeder       0.76      0.76      0.76        25
      Hugo Chavez       0.71      0.80      0.75        15
       Tony Blair       0.79      0.72      0.75        36

      avg / total       0.85      0.85      0.85       322

[[ 12   1   0   0   0   0   0]
 [  1  51   1   3   0   0   4]
 [  1   1  17   4   2   1   1]
 [  1   4   1 136   1   3   0]
 [  1   0   1   2  19   1   1]
 [  1   0   0   0   1  12   1]
 [  0   3   1   4   2   0  26]]
['lmnn', 'lsml', 'rca', 'lfda', 'ldml']
Printing all accuracies

                            < M A T L A B (R) >
                  Copyright 1984-2012 The MathWorks, Inc.
                    R2012a (7.14.0.739) 32-bit (glnx86)
                              February 9, 2012

 
To get started, type one of these: helpwin, helpdesk, or demo.
For product information, visit www.mathworks.com.
 
>> >> >> >> >> >> >> >> >> >> 
ans =

   966   150

>> 
ans =

   966     1

>> >> >> >> >> >> [ 84.47204969]
[ 84.16149068]
[ 84.7826087]
[ 84.7826087]
Matlab successfully exited.
[ 85.40372671]
84.7826086957 [3 3 6 3 3 3 4 1 3 3 3 3 3 6 5 3 3 3 3 4 3 2 3 1 0 1 2 1 3 3 2 3 3 3 3 3 5
 3 3 1 1 1 3 1 1 1 3 3 2 3 3 3 0 3 6 2 1 3 5 3 1 3 6 4 3 5 6 4 1 3 5 6 3 3
 4 2 1 6 4 2 3 0 4 3 3 3 3 3 3 3 3 1 3 4 1 6 1 1 6 1 3 1 3 1 3 3 3 2 3 1 4
 1 3 1 3 1 3 0 1 3 1 3 3 0 3 5 4 3 0 1 6 4 6 3 2 4 3 3 1 6 3 3 5 1 3 5 1 3
 6 1 5 1 1 5 3 3 3 0 1 3 6 5 4 1 3 0 5 1 0 3 1 1 6 1 5 6 3 2 2 4 3 3 3 2 3
 3 3 3 3 4 3 6 3 0 1 3 3 2 3 6 3 2 1 2 3 3 6 2 1 0 3 5 3 3 3 3 5 0 0 2 3 3
 1 1 6 3 3 3 3 3 3 3 1 0 3 1 6 3 3 2 3 6 4 4 3 0 3 3 3 6 4 3 2 6 3 4 2 6 6
 3 2 3 6 1 3 4 3 3 4 3 1 1 3 3 3 3 6 3 3 3 1 5 3 3 6 2 3 3 3 3 4 3 5 1 3 0
 4 1 3 4 3 6 6 2 6 3 1 3 1 3 3 3 1 6 3 3 6 1 3 3 5 3]
accuracy = %s 84.7826086957
                   precision    recall  f1-score   support

     Ariel Sharon       0.75      0.92      0.83        13
     Colin Powell       0.88      0.83      0.85        60
  Donald Rumsfeld       0.74      0.63      0.68        27
    George W Bush       0.91      0.93      0.92       146
Gerhard Schroeder       0.79      0.76      0.78        25
      Hugo Chavez       0.67      0.80      0.73        15
       Tony Blair       0.79      0.75      0.77        36

      avg / total       0.85      0.85      0.85       322

[[ 12   0   1   0   0   0   0]
 [  1  50   1   4   0   0   4]
 [  1   1  17   4   2   1   1]
 [  0   3   2 136   1   4   0]
 [  1   0   1   2  19   1   1]
 [  1   0   0   0   1  12   1]
 [  0   3   1   4   1   0  27]]
Without the LMNN structure
Fitting the classifier to the training set
done in 26.312s
Best estimator found by grid search:
SVC(C=1000.0, cache_size=200, class_weight=None, coef0=0.0, degree=3,
  gamma=0.001, kernel=rbf, max_iter=-1, probability=False,
  random_state=None, shrinking=True, tol=0.001, verbose=False)
Predicting people's names on the test set
accuracy = %s 85.4037267081
done in 0.078s
                   precision    recall  f1-score   support

     Ariel Sharon       0.79      0.85      0.81        13
     Colin Powell       0.86      0.92      0.89        60
  Donald Rumsfeld       0.77      0.63      0.69        27
    George W Bush       0.87      0.95      0.90       146
Gerhard Schroeder       0.87      0.80      0.83        25
      Hugo Chavez       0.77      0.67      0.71        15
       Tony Blair       0.89      0.67      0.76        36

      avg / total       0.85      0.85      0.85       322

[[ 11   0   1   1   0   0   0]
 [  0  55   0   5   0   0   0]
 [  0   2  17   5   1   1   1]
 [  0   3   1 138   0   2   2]
 [  1   0   2   2  20   0   0]
 [  2   2   0   1   0  10   0]
 [  0   2   1   7   2   0  24]]
