
                            < M A T L A B (R) >
                  Copyright 1984-2012 The MathWorks, Inc.
                    R2012a (7.14.0.739) 32-bit (glnx86)
                              February 9, 2012

 
To get started, type one of these: helpwin, helpdesk, or demo.
For product information, visit www.mathworks.com.
 
>> >> >> >> >> >> >> >> >> >> 
ans =

   966   150

>> 
ans =

   966     1

>> >> >> >> >> >> 3 50 1000 1e-07 0.5 0.001
Total dataset size:
n_samples: 1288
n_features: 1850
n_classes: 7
Extracting the top 150 eigenfaces from 966 faces
done in 0.449s
Projecting the input data on the eigenfaces orthonormal basis
done in 0.060s
['lmnn']
I was here
Weights are  [ 1.]
accuracy = %s 82.9192546584
                   precision    recall  f1-score   support

     Ariel Sharon       0.71      0.92      0.80        13
     Colin Powell       0.81      0.83      0.82        60
  Donald Rumsfeld       0.63      0.63      0.63        27
    George W Bush       0.92      0.92      0.92       146
Gerhard Schroeder       0.69      0.72      0.71        25
      Hugo Chavez       0.80      0.80      0.80        15
       Tony Blair       0.80      0.67      0.73        36

      avg / total       0.83      0.83      0.83       322

[[ 12   1   0   0   0   0   0]
 [  2  50   3   3   0   0   2]
 [  2   1  17   3   2   1   1]
 [  0   4   4 134   2   2   0]
 [  0   2   2   1  18   0   2]
 [  1   1   0   0   0  12   1]
 [  0   3   1   4   4   0  24]]
['lsml']
I was here
Weights are  [ 1.]
accuracy = %s 82.298136646
                   precision    recall  f1-score   support

     Ariel Sharon       0.65      1.00      0.79        13
     Colin Powell       0.88      0.85      0.86        60
  Donald Rumsfeld       0.67      0.52      0.58        27
    George W Bush       0.92      0.90      0.91       146
Gerhard Schroeder       0.67      0.80      0.73        25
      Hugo Chavez       0.55      0.73      0.63        15
       Tony Blair       0.81      0.69      0.75        36

      avg / total       0.83      0.82      0.82       322

[[ 13   0   0   0   0   0   0]
 [  1  51   1   4   0   1   2]
 [  3   1  14   3   2   2   2]
 [  1   3   3 131   2   6   0]
 [  0   0   2   1  20   0   2]
 [  2   1   0   0   1  11   0]
 [  0   2   1   3   5   0  25]]
['rca']
I was here
Weights are  [ 1.]
accuracy = %s 83.850931677
                   precision    recall  f1-score   support

     Ariel Sharon       0.72      1.00      0.84        13
     Colin Powell       0.84      0.87      0.85        60
  Donald Rumsfeld       0.71      0.56      0.63        27
    George W Bush       0.92      0.90      0.91       146
Gerhard Schroeder       0.71      0.80      0.75        25
      Hugo Chavez       0.63      0.80      0.71        15
       Tony Blair       0.84      0.72      0.78        36

      avg / total       0.84      0.84      0.84       322

[[ 13   0   0   0   0   0   0]
 [  1  52   1   3   0   1   2]
 [  3   1  15   4   2   1   1]
 [  0   4   2 132   3   5   0]
 [  0   0   2   1  20   0   2]
 [  1   1   0   0   1  12   0]
 [  0   4   1   3   2   0  26]]
['lfda']
I was here
Weights are  [ 1.]
accuracy = %s 85.0931677019
                   precision    recall  f1-score   support

     Ariel Sharon       0.72      1.00      0.84        13
     Colin Powell       0.83      0.87      0.85        60
  Donald Rumsfeld       0.76      0.59      0.67        27
    George W Bush       0.93      0.92      0.92       146
Gerhard Schroeder       0.79      0.76      0.78        25
      Hugo Chavez       0.67      0.80      0.73        15
       Tony Blair       0.82      0.78      0.80        36

      avg / total       0.85      0.85      0.85       322

[[ 13   0   0   0   0   0   0]
 [  1  52   1   2   0   1   3]
 [  3   2  16   3   1   1   1]
 [  0   5   2 134   2   3   0]
 [  0   1   1   2  19   1   1]
 [  1   0   0   0   1  12   1]
 [  0   3   1   3   1   0  28]]
['ldml']
Matlab successfully exited.
I was here
Weights are  [ 1.]
accuracy = %s 82.9192546584
                   precision    recall  f1-score   support

     Ariel Sharon       0.72      1.00      0.84        13
     Colin Powell       0.82      0.85      0.84        60
  Donald Rumsfeld       0.75      0.56      0.64        27
    George W Bush       0.91      0.90      0.91       146
Gerhard Schroeder       0.68      0.76      0.72        25
      Hugo Chavez       0.69      0.73      0.71        15
       Tony Blair       0.79      0.72      0.75        36

      avg / total    
                            < M A T L A B (R) >
                  Copyright 1984-2012 The MathWorks, Inc.
                    R2012a (7.14.0.739) 32-bit (glnx86)
                              February 9, 2012

 
To get started, type one of these: helpwin, helpdesk, or demo.
For product information, visit www.mathworks.com.
 
>> >> >> >> >> >> >> >> >> >> 
ans =

   966   150

>> 
ans =

   966     1

>> >> >> >> >> >>    0.83      0.83      0.83       322

[[ 13   0   0   0   0   0   0]
 [  2  51   1   4   0   0   2]
 [  1   3  15   5   1   1   1]
 [  1   3   2 132   4   3   1]
 [  0   0   1   1  19   1   3]
 [  1   1   0   0   2  11   0]
 [  0   4   1   3   2   0  26]]
['lmnn', 'lsml']
I was here
Weights are  [ 0.78044692  0.62522204]
accuracy = %s 85.4037267081
                   precision    recall  f1-score   support

     Ariel Sharon       0.80      0.92      0.86        13
     Colin Powell       0.84      0.87      0.85        60
  Donald Rumsfeld       0.65      0.63      0.64        27
    George W Bush       0.93      0.92      0.93       146
Gerhard Schroeder       0.75      0.84      0.79        25
      Hugo Chavez       0.80      0.80      0.80        15
       Tony Blair       0.84      0.72      0.78        36

      avg / total       0.85      0.85      0.85       322

[[ 12   1   0   0   0   0   0]
 [  0  52   3   3   0   0   2]
 [  2   1  17   3   2   1   1]
 [  0   3   3 135   3   2   0]
 [  0   0   2   1  21   0   1]
 [  1   1   0   0   0  12   1]
 [  0   4   1   3   2   0  26]]
['lmnn', 'rca']
I was here
Weights are  [ 0.74352437  0.66870884]
accuracy = %s 85.7142857143
                   precision    recall  f1-score   support

     Ariel Sharon       0.81      1.00      0.90        13
     Colin Powell       0.85      0.88      0.87        60
  Donald Rumsfeld       0.68      0.63      0.65        27
    George W Bush       0.93      0.92      0.92       146
Gerhard Schroeder       0.72      0.84      0.78        25
      Hugo Chavez       0.80      0.80      0.80        15
       Tony Blair       0.84      0.72      0.78        36

      avg / total       0.86      0.86      0.86       322

[[ 13   0   0   0   0   0   0]
 [  0  53   2   3   0   0   2]
 [  2   1  17   3   2   1   1]
 [  0   4   3 134   3   2   0]
 [  0   0   2   1  21   0   1]
 [  1   0   0   0   1  12   1]
 [  0   4   1   3   2   0  26]]
['lmnn', 'lfda']
I was here
Weights are  [ 0.73725277  0.67561702]
accuracy = %s 84.4720496894
                   precision    recall  f1-score   support

     Ariel Sharon       0.75      0.92      0.83        13
     Colin Powell       0.83      0.87      0.85        60
  Donald Rumsfeld       0.71      0.63      0.67        27
    George W Bush       0.92      0.92      0.92       146
Gerhard Schroeder       0.69      0.80      0.74        25
      Hugo Chavez       0.80      0.80      0.80        15
       Tony Blair       0.83      0.67      0.74        36

      avg / total       0.85      0.84      0.84       322

[[ 12   1   0   0   0   0   0]
 [  1  52   2   3   0   0   2]
 [  2   1  17   3   2   1   1]
 [  0   5   2 135   2   2   0]
 [  0   1   2   1  20   0   1]
 [  1   0   0   0   1  12   1]
 [  0   3   1   4   4   0  24]]
['lmnn', 'ldml']
Matlab successfully exited.
I was here
Weights are  [ 0.71454687  0.69958757]
accuracy = %s 83.5403726708
                   precision    recall  f1-score   support

     Ariel Sharon       0.81      1.00      0.90        13
     Colin Powell       0.82      0.83      0.83        60
  Donald Rumsfeld       0.77      0.63      0.69        27
    George W Bush       0.92      0.92      0.92       146
Gerhard Schroeder       0.68      0.76      0.72        25
      Hugo Chavez       0.73      0.73      0.73        15
       Tony Blair       0.74      0.69      0.71        36

      avg / total       0.84      0.84      0.83       322

[[ 13   0   0   0   0   0   0]
 [  2  50   1   4   0   0   3]
 [  0   3  17   4   1   1   1]
 [  0   4   2 134   3   2   1]
 [  0   0   1   1  19   1   3]
 [  1   0   0   0   2  11   1]
 [  0   4   1   3   3   0  25]]
['lsml', 'rca']
I was here
Weights are  [ 0.66513402  0.74672401]
accuracy = %s 83.850931677
                   precision    recall  f1-score   support

     Ariel Sharon       0.72      1.00      0.84        13
     Colin Powell       0.87      0.87      0.87        60
  Donald Rumsfeld       0.70      0.59      0.64        27
    George W Bush       0.92      0.90      0.91       146
Gerhard Schroeder       0.71      0
                            < M A T L A B (R) >
                  Copyright 1984-2012 The MathWorks, Inc.
                    R2012a (7.14.0.739) 32-bit (glnx86)
                              February 9, 2012

 
To get started, type one of these: helpwin, helpdesk, or demo.
For product information, visit www.mathworks.com.
 
>> >> >> >> >> >> >> >> >> >> 
ans =

   966   150

>> 
ans =

   966     1

>> >> >> >> >> >> 
                            < M A T L A B (R) >
                  Copyright 1984-2012 The MathWorks, Inc.
                    R2012a (7.14.0.739) 32-bit (glnx86)
                              February 9, 2012

 
To get started, type one of these: helpwin, helpdesk, or demo.
For product information, visit www.mathworks.com.
 
>> >> >> >> >> >> >> >> >> >> 
ans =

   966   150

>> 
ans =

   966     1

>> >> >> >> >> >> 
                            < M A T L A B (R) >
                  Copyright 1984-2012 The MathWorks, Inc.
                    R2012a (7.14.0.739) 32-bit (glnx86)
                              February 9, 2012

 
To get started, type one of these: helpwin, helpdesk, or demo.
For product information, visit www.mathworks.com.
 
>> >> >> >> >> >> >> >> >> >> 
ans =

   966   150

>> 
ans =

   966     1

>> >> >> >> >> >> .80      0.75        25
      Hugo Chavez       0.63      0.80      0.71        15
       Tony Blair       0.81      0.69      0.75        36

      avg / total       0.84      0.84      0.84       322

[[ 13   0   0   0   0   0   0]
 [  1  52   1   3   0   1   2]
 [  3   1  16   4   1   1   1]
 [  0   3   3 132   3   5   0]
 [  0   0   2   1  20   0   2]
 [  1   0   0   0   1  12   1]
 [  0   4   1   3   3   0  25]]
['lsml', 'lfda']
I was here
Weights are  [ 0.66224838  0.74928438]
accuracy = %s 84.1614906832
                   precision    recall  f1-score   support

     Ariel Sharon       0.81      1.00      0.90        13
     Colin Powell       0.85      0.85      0.85        60
  Donald Rumsfeld       0.65      0.56      0.60        27
    George W Bush       0.92      0.91      0.92       146
Gerhard Schroeder       0.77      0.80      0.78        25
      Hugo Chavez       0.60      0.80      0.69        15
       Tony Blair       0.82      0.75      0.78        36

      avg / total       0.84      0.84      0.84       322

[[ 13   0   0   0   0   0   0]
 [  0  51   2   4   0   1   2]
 [  2   2  15   3   2   2   1]
 [  0   3   3 133   2   5   0]
 [  0   0   2   1  20   0   2]
 [  1   0   0   0   1  12   1]
 [  0   4   1   3   1   0  27]]
['lsml', 'ldml']
Matlab successfully exited.
I was here
Weights are  [ 0.63742289  0.77051415]
accuracy = %s 82.9192546584
                   precision    recall  f1-score   support

     Ariel Sharon       0.72      1.00      0.84        13
     Colin Powell       0.82      0.85      0.84        60
  Donald Rumsfeld       0.75      0.56      0.64        27
    George W Bush       0.91      0.90      0.91       146
Gerhard Schroeder       0.68      0.76      0.72        25
      Hugo Chavez       0.69      0.73      0.71        15
       Tony Blair       0.79      0.72      0.75        36

      avg / total       0.83      0.83      0.83       322

[[ 13   0   0   0   0   0   0]
 [  2  51   1   4   0   0   2]
 [  1   3  15   5   1   1   1]
 [  1   3   2 132   4   3   1]
 [  0   0   1   1  19   1   3]
 [  1   1   0   0   2  11   0]
 [  0   4   1   3   2   0  26]]
['rca', 'lfda']
I was here
Weights are  [ 0.70044766  0.71370378]
accuracy = %s 84.7826086957
                   precision    recall  f1-score   support

     Ariel Sharon       0.72      1.00      0.84        13
     Colin Powell       0.84      0.87      0.85        60
  Donald Rumsfeld       0.76      0.59      0.67        27
    George W Bush       0.92      0.91      0.92       146
Gerhard Schroeder       0.77      0.80      0.78        25
      Hugo Chavez       0.67      0.80      0.73        15
       Tony Blair       0.82      0.75      0.78        36

      avg / total       0.85      0.85      0.85       322

[[ 13   0   0   0   0   0   0]
 [  1  52   1   3   0   1   2]
 [  3   1  16   3   2   1   1]
 [  0   5   2 133   2   4   0]
 [  0   0   1   2  20   0   2]
 [  1   0   0   0   1  12   1]
 [  0   4   1   3   1   0  27]]
['rca', 'ldml']
Matlab successfully exited.
I was here
Weights are  [ 0.67650137  0.73644137]
accuracy = %s 83.850931677
                   precision    recall  f1-score   support

     Ariel Sharon       0.72      1.00      0.84        13
     Colin Powell       0.81      0.85      0.83        60
  Donald Rumsfeld       0.75      0.56      0.64        27
    George W Bush       0.92      0.91      0.91       146
Gerhard Schroeder       0.76      0.76      0.76        25
      Hugo Chavez       0.67      0.80      0.73        15
       Tony Blair       0.82      0.75      0.78        36

      avg / total       0.84      0.84      0.84       322

[[ 13   0   0   0   0   0   0]
 [  2  51   1   3   0   1   2]
 [  1   3  15   5   1   1   1]
 [  1   4   2 133   3   3   0]
 [  0   0   1   1  19   1   3]
 [  1   1   0   0   1  12   0]
 [  0   4   1   3   1   0  27]]
['lfda', 'ldml']
Matlab successfully exited.
I was here
Weights are  [ 0.68335551  0.73008578]
accuracy = %s 82.6086956522
                   precision    recall  f1-score   support

     Ariel Sharon       0.72      1.00      0.84   
                            < M A T L A B (R) >
                  Copyright 1984-2012 The MathWorks, Inc.
                    R2012a (7.14.0.739) 32-bit (glnx86)
                              February 9, 2012

 
To get started, type one of these: helpwin, helpdesk, or demo.
For product information, visit www.mathworks.com.
 
>> >> >> >> >> >> >> >> >> >> 
ans =

   966   150

>> 
ans =

   966     1

>> >> >> >> >> >>      13
     Colin Powell       0.82      0.83      0.83        60
  Donald Rumsfeld       0.75      0.56      0.64        27
    George W Bush       0.91      0.90      0.91       146
Gerhard Schroeder       0.68      0.76      0.72        25
      Hugo Chavez       0.69      0.73      0.71        15
       Tony Blair       0.76      0.72      0.74        36

      avg / total       0.83      0.83      0.82       322

[[ 13   0   0   0   0   0   0]
 [  2  50   1   4   0   0   3]
 [  1   3  15   5   1   1   1]
 [  1   3   2 132   4   3   1]
 [  0   0   1   1  19   1   3]
 [  1   1   0   0   2  11   0]
 [  0   4   1   3   2   0  26]]
['lmnn', 'lsml', 'rca']
I was here
Weights are  [ 0.63787252  0.51381003  0.57368798]
accuracy = %s 85.4037267081
                   precision    recall  f1-score   support

     Ariel Sharon       0.81      1.00      0.90        13
     Colin Powell       0.87      0.88      0.88        60
  Donald Rumsfeld       0.68      0.63      0.65        27
    George W Bush       0.93      0.91      0.92       146
Gerhard Schroeder       0.72      0.84      0.78        25
      Hugo Chavez       0.71      0.80      0.75        15
       Tony Blair       0.84      0.72      0.78        36

      avg / total       0.86      0.85      0.85       322

[[ 13   0   0   0   0   0   0]
 [  0  53   2   3   0   0   2]
 [  2   1  17   3   2   1   1]
 [  0   3   3 133   3   4   0]
 [  0   0   2   1  21   0   1]
 [  1   0   0   0   1  12   1]
 [  0   4   1   3   2   0  26]]
['lmnn', 'lsml', 'lfda']
I was here
Weights are  [ 0.6311292   0.5168841   0.57836559]
accuracy = %s 85.4037267081
                   precision    recall  f1-score   support

     Ariel Sharon       0.81      1.00      0.90        13
     Colin Powell       0.85      0.87      0.86        60
  Donald Rumsfeld       0.68      0.63      0.65        27
    George W Bush       0.92      0.92      0.92       146
Gerhard Schroeder       0.72      0.84      0.78        25
      Hugo Chavez       0.80      0.80      0.80        15
       Tony Blair       0.83      0.69      0.76        36

      avg / total       0.85      0.85      0.85       322

[[ 13   0   0   0   0   0   0]
 [  0  52   3   3   0   0   2]
 [  2   1  17   3   2   1   1]
 [  0   4   2 135   3   2   0]
 [  0   0   2   1  21   0   1]
 [  1   0   0   0   1  12   1]
 [  0   4   1   4   2   0  25]]
['lmnn', 'lsml', 'ldml']
Matlab successfully exited.
I was here
Weights are  [ 0.6225973   0.49071943  0.60956299]
accuracy = %s 84.4720496894
                   precision    recall  f1-score   support

     Ariel Sharon       0.81      1.00      0.90        13
     Colin Powell       0.82      0.83      0.83        60
  Donald Rumsfeld       0.77      0.63      0.69        27
    George W Bush       0.92      0.92      0.92       146
Gerhard Schroeder       0.71      0.80      0.75        25
      Hugo Chavez       0.79      0.73      0.76        15
       Tony Blair       0.76      0.72      0.74        36

      avg / total       0.84      0.84      0.84       322

[[ 13   0   0   0   0   0   0]
 [  2  50   1   4   0   0   3]
 [  0   3  17   4   1   1   1]
 [  0   4   2 135   3   2   0]
 [  0   0   1   1  20   0   3]
 [  1   0   0   0   2  11   1]
 [  0   4   1   3   2   0  26]]
['lmnn', 'rca', 'lfda']
I was here
Weights are  [ 0.61444994  0.55262225  0.56308074]
accuracy = %s 85.7142857143
                   precision    recall  f1-score   support

     Ariel Sharon       0.81      1.00      0.90        13
     Colin Powell       0.85      0.88      0.87        60
  Donald Rumsfeld       0.71      0.63      0.67        27
    George W Bush       0.93      0.92      0.93       146
Gerhard Schroeder       0.71      0.80      0.75        25
      Hugo Chavez       0.80      0.80      0.80        15
       Tony Blair       0.81      0.72      0.76        36

      avg / total       0.86      0.86      0.86       322

[[ 13   0   0   0   0   0   0]
 [  0  53   2   3   0   0   2]
 [  2   1  17   3   2   1   1]
 [  0   4   2 135   3   2   0]
 [  0   0   2   1  20   0   2]
 [  1   0   0   0   1  1
                            < M A T L A B (R) >
                  Copyright 1984-2012 The MathWorks, Inc.
                    R2012a (7.14.0.739) 32-bit (glnx86)
                              February 9, 2012

 
To get started, type one of these: helpwin, helpdesk, or demo.
For product information, visit www.mathworks.com.
 
>> >> >> >> >> >> >> >> >> >> 
ans =

   966   150

>> 
ans =

   966     1

>> >> >> >> >> >> 
                            < M A T L A B (R) >
                  Copyright 1984-2012 The MathWorks, Inc.
                    R2012a (7.14.0.739) 32-bit (glnx86)
                              February 9, 2012

 
To get started, type one of these: helpwin, helpdesk, or demo.
For product information, visit www.mathworks.com.
 
>> >> >> >> >> >> >> >> >> >> 
ans =

   966   150

>> 
ans =

   966     1

>> >> >> >> >> >> 
                            < M A T L A B (R) >
                  Copyright 1984-2012 The MathWorks, Inc.
                    R2012a (7.14.0.739) 32-bit (glnx86)
                              February 9, 2012

 
To get started, type one of these: helpwin, helpdesk, or demo.
For product information, visit www.mathworks.com.
 
>> >> >> >> >> >> >> >> >> >> 
ans =

   966   150

>> 
ans =

   966     1

>> >> >> >> >> >> 
                            < M A T L A B (R) >
                  Copyright 1984-2012 The MathWorks, Inc.
                    R2012a (7.14.0.739) 32-bit (glnx86)
                              February 9, 2012

 
To get started, type one of these: helpwin, helpdesk, or demo.
For product information, visit www.mathworks.com.
 
>> >> >> >> >> >> >> >> >> >> 
ans =

   966   150

>> 
ans =

   966     1

>> >> >> >> >> >> 2   1]
 [  0   4   1   3   2   0  26]]
['lmnn', 'rca', 'ldml']
Matlab successfully exited.
I was here
Weights are  [ 0.60111886  0.54063258  0.58853422]
accuracy = %s 85.4037267081
                   precision    recall  f1-score   support

     Ariel Sharon       0.76      1.00      0.87        13
     Colin Powell       0.84      0.85      0.84        60
  Donald Rumsfeld       0.77      0.63      0.69        27
    George W Bush       0.92      0.92      0.92       146
Gerhard Schroeder       0.77      0.80      0.78        25
      Hugo Chavez       0.80      0.80      0.80        15
       Tony Blair       0.79      0.75      0.77        36

      avg / total       0.85      0.85      0.85       322

[[ 13   0   0   0   0   0   0]
 [  2  51   1   4   0   0   2]
 [  1   2  17   4   1   1   1]
 [  0   4   2 135   3   2   0]
 [  0   0   1   1  20   0   3]
 [  1   0   0   0   1  12   1]
 [  0   4   1   3   1   0  27]]
['lmnn', 'lfda', 'ldml']
Matlab successfully exited.
I was here
Weights are  [ 0.59779015  0.54781374  0.58527519]
accuracy = %s 83.850931677
                   precision    recall  f1-score   support

     Ariel Sharon       0.81      1.00      0.90        13
     Colin Powell       0.82      0.83      0.83        60
  Donald Rumsfeld       0.77      0.63      0.69        27
    George W Bush       0.92      0.92      0.92       146
Gerhard Schroeder       0.70      0.76      0.73        25
      Hugo Chavez       0.73      0.73      0.73        15
       Tony Blair       0.74      0.72      0.73        36

      avg / total       0.84      0.84      0.84       322

[[ 13   0   0   0   0   0   0]
 [  2  50   1   4   0   0   3]
 [  0   3  17   4   1   1   1]
 [  0   4   2 134   3   2   1]
 [  0   0   1   1  19   1   3]
 [  1   0   0   0   2  11   1]
 [  0   4   1   3   2   0  26]]
['lsml', 'rca', 'lfda']
I was here
Weights are  [ 0.51705872  0.59954812  0.61089469]
accuracy = %s 83.2298136646
                   precision    recall  f1-score   support

     Ariel Sharon       0.72      1.00      0.84        13
     Colin Powell       0.84      0.87      0.85        60
  Donald Rumsfeld       0.71      0.56      0.63        27
    George W Bush       0.92      0.90      0.91       146
Gerhard Schroeder       0.69      0.80      0.74        25
      Hugo Chavez       0.63      0.80      0.71        15
       Tony Blair       0.83      0.69      0.76        36

      avg / total       0.84      0.83      0.83       322

[[ 13   0   0   0   0   0   0]
 [  1  52   1   3   0   1   2]
 [  3   1  15   4   2   1   1]
 [  0   5   2 131   3   5   0]
 [  0   0   2   2  20   0   1]
 [  1   0   0   0   1  12   1]
 [  0   4   1   3   3   0  25]]
['lsml', 'rca', 'ldml']
Matlab successfully exited.
I was here
Weights are  [ 0.5244958   0.57598208  0.62701579]
accuracy = %s 84.4720496894
                   precision    recall  f1-score   support

     Ariel Sharon       0.65      1.00      0.79        13
     Colin Powell       0.82      0.85      0.84        60
  Donald Rumsfeld       0.79      0.56      0.65        27
    George W Bush       0.92      0.92      0.92       146
Gerhard Schroeder       0.77      0.80      0.78        25
      Hugo Chavez       0.75      0.80      0.77        15
       Tony Blair       0.82      0.75      0.78        36

      avg / total       0.85      0.84      0.84       322

[[ 13   0   0   0   0   0   0]
 [  2  51   1   4   0   0   2]
 [  3   2  15   4   1   1   1]
 [  1   4   1 134   3   3   0]
 [  0   0   1   1  20   0   3]
 [  1   1   0   0   1  12   0]
 [  0   4   1   3   1   0  27]]
['lsml', 'lfda', 'ldml']
Matlab successfully exited.
I was here
Weights are  [ 0.52120284  0.58319803  0.62307918]
accuracy = %s 83.2298136646
                   precision    recall  f1-score   support

     Ariel Sharon       0.72      1.00      0.84        13
     Colin Powell       0.81      0.85      0.83        60
  Donald Rumsfeld       0.75      0.56      0.64        27
    George W Bush       0.91      0.90      0.91       146
Gerhard Schroeder       0.73      0.76      0.75        25
      Hugo 
                            < M A T L A B (R) >
                  Copyright 1984-2012 The MathWorks, Inc.
                    R2012a (7.14.0.739) 32-bit (glnx86)
                              February 9, 2012

 
To get started, type one of these: helpwin, helpdesk, or demo.
For product information, visit www.mathworks.com.
 
>> >> >> >> >> >> >> >> >> >> 
ans =

   966   150

>> 
ans =

   966     1

>> >> >> >> >> >> 
                            < M A T L A B (R) >
                  Copyright 1984-2012 The MathWorks, Inc.
                    R2012a (7.14.0.739) 32-bit (glnx86)
                              February 9, 2012

 
To get started, type one of these: helpwin, helpdesk, or demo.
For product information, visit www.mathworks.com.
 
>> >> >> >> >> >> >> >> >> >> 
ans =

   966   150

>> 
ans =

   966     1

>> >> >> >> >> >> 
                            < M A T L A B (R) >
                  Copyright 1984-2012 The MathWorks, Inc.
                    R2012a (7.14.0.739) 32-bit (glnx86)
                              February 9, 2012

 
To get started, type one of these: helpwin, helpdesk, or demo.
For product information, visit www.mathworks.com.
 
>> >> >> >> >> >> >> >> >> >> 
ans =

   966   150

>> 
ans =

   966     1

>> >> >> >> >> >> 
                            < M A T L A B (R) >
                  Copyright 1984-2012 The MathWorks, Inc.
                    R2012a (7.14.0.739) 32-bit (glnx86)
                              February 9, 2012

 
To get started, type one of these: helpwin, helpdesk, or demo.
For product information, visit www.mathworks.com.
 
>> >> >> >> >> >> >> >> >> >> 
ans =

   966   150

>> 
ans =

   966     1

>> >> >> >> >> >> Chavez       0.69      0.73      0.71        15
       Tony Blair       0.79      0.75      0.77        36

      avg / total       0.83      0.83      0.83       322

[[ 13   0   0   0   0   0   0]
 [  2  51   1   4   0   0   2]
 [  1   3  15   5   1   1   1]
 [  1   4   2 132   3   3   1]
 [  0   0   1   1  19   1   3]
 [  1   1   0   0   2  11   0]
 [  0   4   1   3   1   0  27]]
['rca', 'lfda', 'ldml']
Matlab successfully exited.
I was here
Weights are  [ 0.5569959   0.56753716  0.60634737]
accuracy = %s 84.1614906832
                   precision    recall  f1-score   support

     Ariel Sharon       0.76      1.00      0.87        13
     Colin Powell       0.81      0.85      0.83        60
  Donald Rumsfeld       0.75      0.56      0.64        27
    George W Bush       0.92      0.92      0.92       146
Gerhard Schroeder       0.76      0.76      0.76        25
      Hugo Chavez       0.67      0.80      0.73        15
       Tony Blair       0.82      0.75      0.78        36

      avg / total       0.84      0.84      0.84       322

[[ 13   0   0   0   0   0   0]
 [  2  51   1   3   0   1   2]
 [  1   3  15   5   1   1   1]
 [  0   4   2 134   3   3   0]
 [  0   0   1   1  19   1   3]
 [  1   1   0   0   1  12   0]
 [  0   4   1   3   1   0  27]]
['lmnn', 'lsml', 'rca', 'lfda']
I was here
Weights are  [ 0.55069015  0.44358413  0.49527815  0.50465139]
accuracy = %s 85.7142857143
                   precision    recall  f1-score   support

     Ariel Sharon       0.81      1.00      0.90        13
     Colin Powell       0.85      0.88      0.87        60
  Donald Rumsfeld       0.71      0.63      0.67        27
    George W Bush       0.93      0.92      0.92       146
Gerhard Schroeder       0.72      0.84      0.78        25
      Hugo Chavez       0.75      0.80      0.77        15
       Tony Blair       0.84      0.72      0.78        36

      avg / total       0.86      0.86      0.86       322

[[ 13   0   0   0   0   0   0]
 [  0  53   2   3   0   0   2]
 [  2   1  17   3   2   1   1]
 [  0   4   2 134   3   3   0]
 [  0   0   2   1  21   0   1]
 [  1   0   0   0   1  12   1]
 [  0   4   1   3   2   0  26]]
['lmnn', 'lsml', 'rca', 'ldml']
Matlab successfully exited.
I was here
Weights are  [ 0.53871615  0.44367236  0.48450901  0.52743793]
accuracy = %s 85.0931677019
                   precision    recall  f1-score   support

     Ariel Sharon       0.72      1.00      0.84        13
     Colin Powell       0.84      0.85      0.84        60
  Donald Rumsfeld       0.74      0.63      0.68        27
    George W Bush       0.92      0.92      0.92       146
Gerhard Schroeder       0.76      0.76      0.76        25
      Hugo Chavez       0.80      0.80      0.80        15
       Tony Blair       0.79      0.75      0.77        36

      avg / total       0.85      0.85      0.85       322

[[ 13   0   0   0   0   0   0]
 [  2  51   1   4   0   0   2]
 [  2   2  17   3   1   1   1]
 [  0   4   2 135   3   2   0]
 [  0   0   2   1  19   0   3]
 [  1   0   0   0   1  12   1]
 [  0   4   1   3   1   0  27]]
['lmnn', 'lsml', 'lfda', 'ldml']
Matlab successfully exited.
I was here
Weights are  [ 0.53804105  0.43578654  0.49305978  0.52677696]
accuracy = %s 85.4037267081
                   precision    recall  f1-score   support

     Ariel Sharon       0.81      1.00      0.90        13
     Colin Powell       0.84      0.87      0.85        60
  Donald Rumsfeld       0.77      0.63      0.69        27
    George W Bush       0.92      0.92      0.92       146
Gerhard Schroeder       0.74      0.80      0.77        25
      Hugo Chavez       0.79      0.73      0.76        15
       Tony Blair       0.79      0.75      0.77        36

      avg / total       0.85      0.85      0.85       322

[[ 13   0   0   0   0   0   0]
 [  1  52   1   4   0   0   2]
 [  1   2  17   4   1   1   1]
 [  0   4   2 135   3   2   0]
 [  0   0   1   1  20   0   3]
 [  1   0   0   0   2  11   1]
 [  0   4   1   3   1   0  27]]
['lmnn', 'rca', 'lfda', 'ldml']
Matlab successfully exited.
I was here
Weights are  [ 0.52651767  0.4
                            < M A T L A B (R) >
                  Copyright 1984-2012 The MathWorks, Inc.
                    R2012a (7.14.0.739) 32-bit (glnx86)
                              February 9, 2012

 
To get started, type one of these: helpwin, helpdesk, or demo.
For product information, visit www.mathworks.com.
 
>> >> >> >> >> >> >> >> >> >> 
ans =

   966   150

>> 
ans =

   966     1

>> >> >> >> >> >> 
                            < M A T L A B (R) >
                  Copyright 1984-2012 The MathWorks, Inc.
                    R2012a (7.14.0.739) 32-bit (glnx86)
                              February 9, 2012

 
To get started, type one of these: helpwin, helpdesk, or demo.
For product information, visit www.mathworks.com.
 
>> >> >> >> >> >> >> >> >> >> 
ans =

   966   150

>> 
ans =

   966     1

>> >> >> >> >> >> 7353797  0.48249977  0.51549482]
accuracy = %s 85.0931677019
                   precision    recall  f1-score   support

     Ariel Sharon       0.76      1.00      0.87        13
     Colin Powell       0.84      0.85      0.84        60
  Donald Rumsfeld       0.74      0.63      0.68        27
    George W Bush       0.92      0.92      0.92       146
Gerhard Schroeder       0.76      0.76      0.76        25
      Hugo Chavez       0.80      0.80      0.80        15
       Tony Blair       0.79      0.75      0.77        36

      avg / total       0.85      0.85      0.85       322

[[ 13   0   0   0   0   0   0]
 [  2  51   1   4   0   0   2]
 [  1   2  17   4   1   1   1]
 [  0   4   2 135   3   2   0]
 [  0   0   2   1  19   0   3]
 [  1   0   0   0   1  12   1]
 [  0   4   1   3   1   0  27]]
['lsml', 'rca', 'lfda', 'ldml']
Matlab successfully exited.
I was here
Weights are  [ 0.44639744  0.49841932  0.50785201  0.54258073]
accuracy = %s 84.4720496894
                   precision    recall  f1-score   support

     Ariel Sharon       0.68      1.00      0.81        13
     Colin Powell       0.82      0.85      0.84        60
  Donald Rumsfeld       0.75      0.56      0.64        27
    George W Bush       0.92      0.92      0.92       146
Gerhard Schroeder       0.77      0.80      0.78        25
      Hugo Chavez       0.71      0.80      0.75        15
       Tony Blair       0.82      0.75      0.78        36

      avg / total       0.85      0.84      0.84       322

[[ 13   0   0   0   0   0   0]
 [  2  51   1   3   0   1   2]
 [  3   2  15   4   1   1   1]
 [  0   4   2 134   3   3   0]
 [  0   0   1   1  20   0   3]
 [  1   1   0   0   1  12   0]
 [  0   4   1   3   1   0  27]]
['lmnn', 'lsml', 'rca', 'lfda', 'ldml']
Matlab successfully exited.
I was here
Weights are  [ 0.48348317  0.39596451  0.43483373  0.44306305  0.47336127]
accuracy = %s 84.7826086957
                   precision    recall  f1-score   support

     Ariel Sharon       0.72      1.00      0.84        13
     Colin Powell       0.84      0.85      0.84        60
  Donald Rumsfeld       0.74      0.63      0.68        27
    George W Bush       0.92      0.92      0.92       146
Gerhard Schroeder       0.73      0.76      0.75        25
      Hugo Chavez       0.80      0.80      0.80        15
       Tony Blair       0.79      0.72      0.75        36

      avg / total       0.85      0.85      0.85       322

[[ 13   0   0   0   0   0   0]
 [  2  51   1   4   0   0   2]
 [  2   2  17   3   1   1   1]
 [  0   4   2 135   3   2   0]
 [  0   0   2   1  19   0   3]
 [  1   0   0   0   1  12   1]
 [  0   4   1   3   2   0  26]]
Without the LMNN structure
Fitting the classifier to the training set
done in 26.507s
Best estimator found by grid search:
SVC(C=1000.0, cache_size=200, class_weight=None, coef0=0.0, degree=3,
  gamma=0.005, kernel=rbf, max_iter=-1, probability=False,
  random_state=None, shrinking=True, tol=0.001, verbose=False)
Predicting people's names on the test set
accuracy = %s 85.7142857143
done in 0.088s
                   precision    recall  f1-score   support

     Ariel Sharon       0.91      0.77      0.83        13
     Colin Powell       0.82      0.90      0.86        60
  Donald Rumsfeld       0.86      0.70      0.78        27
    George W Bush       0.85      0.98      0.91       146
Gerhard Schroeder       0.90      0.72      0.80        25
      Hugo Chavez       1.00      0.53      0.70        15
       Tony Blair       0.92      0.67      0.77        36

      avg / total       0.86      0.86      0.85       322

[[ 10   1   1   1   0   0   0]
 [  0  54   0   6   0   0   0]
 [  0   1  19   5   1   0   1]
 [  0   3   0 143   0   0   0]
 [  0   1   2   3  18   0   1]
 [  1   4   0   2   0   8   0]
 [  0   2   0   9   1   0  24]]
