3 50 1000 1e-07 0.5 0.001
Total dataset size:
n_samples: 1288
n_features: 1850
n_classes: 7
Extracting the top 150 eigenfaces from 966 faces
done in 0.447s
Projecting the input data on the eigenfaces orthonormal basis
done in 0.060s
['lmnn']

                            < M A T L A B (R) >
                  Copyright 1984-2012 The MathWorks, Inc.
                    R2012a (7.14.0.739) 32-bit (glnx86)
                              February 9, 2012

 
To get started, type one of these: helpwin, helpdesk, or demo.
For product information, visit www.mathworks.com.
 
>> >> >> >> >> >> >> >> >> >> 
ans =

   966   150

>> 
ans =

   966     1

>> >> >> >> >> >> I was here
Weights are  [ 1.]
accuracy = %s 81.9875776398
                   precision    recall  f1-score   support

     Ariel Sharon       0.86      0.92      0.89        13
     Colin Powell       0.75      0.83      0.79        60
  Donald Rumsfeld       0.77      0.63      0.69        27
    George W Bush       0.91      0.88      0.89       146
Gerhard Schroeder       0.72      0.84      0.78        25
      Hugo Chavez       0.71      0.80      0.75        15
       Tony Blair       0.75      0.67      0.71        36

      avg / total       0.82      0.82      0.82       322

[[ 12   1   0   0   0   0   0]
 [  0  50   2   4   1   0   3]
 [  1   1  17   4   2   1   1]
 [  0   8   2 128   2   4   2]
 [  0   1   1   1  21   0   1]
 [  1   1   0   0   0  12   1]
 [  0   5   0   4   3   0  24]]
['lsml']
I was here
Weights are  [ 1.]
accuracy = %s 82.9192546584
                   precision    recall  f1-score   support

     Ariel Sharon       0.85      0.85      0.85        13
     Colin Powell       0.85      0.87      0.86        60
  Donald Rumsfeld       0.70      0.59      0.64        27
    George W Bush       0.90      0.90      0.90       146
Gerhard Schroeder       0.69      0.80      0.74        25
      Hugo Chavez       0.60      0.80      0.69        15
       Tony Blair       0.83      0.69      0.76        36

      avg / total       0.83      0.83      0.83       322

[[ 11   1   1   0   0   0   0]
 [  0  52   2   5   0   0   1]
 [  1   1  16   4   2   2   1]
 [  0   4   1 131   3   6   1]
 [  0   0   2   2  20   0   1]
 [  1   0   0   0   1  12   1]
 [  0   3   1   4   3   0  25]]
['rca']
I was here
Weights are  [ 1.]
accuracy = %s 85.0931677019
                   precision    recall  f1-score   support

     Ariel Sharon       0.80      0.92      0.86        13
     Colin Powell       0.87      0.88      0.88        60
  Donald Rumsfeld       0.75      0.56      0.64        27
    George W Bush       0.91      0.92      0.92       146
Gerhard Schroeder       0.74      0.80      0.77        25
      Hugo Chavez       0.71      0.80      0.75        15
       Tony Blair       0.82      0.75      0.78        36

      avg / total       0.85      0.85      0.85       322

[[ 12   0   1   0   0   0   0]
 [  0  53   1   4   0   0   2]
 [  2   1  15   5   2   1   1]
 [  0   4   1 135   2   4   0]
 [  0   0   1   2  20   0   2]
 [  1   0   0   0   1  12   1]
 [  0   3   1   3   2   0  27]]
['lfda']
I was here
Weights are  [ 1.]
accuracy = %s 84.7826086957
                   precision    recall  f1-score   support

     Ariel Sharon       0.87      1.00      0.93        13
     Colin Powell       0.85      0.85      0.85        60
  Donald Rumsfeld       0.77      0.63      0.69        27
    George W Bush       0.91      0.92      0.92       146
Gerhard Schroeder       0.72      0.72      0.72        25
      Hugo Chavez       0.71      0.80      0.75        15
       Tony Blair       0.77      0.75      0.76        36

      avg / total       0.85      0.85      0.85       322

[[ 13   0   0   0   0   0   0]
 [  1  51   2   4   0   0   2]
 [  1   1  17   4   2   1   1]
 [  0   5   1 135   2   3   0]
 [  0   0   1   2  18   1   3]
 [  0   0   0   0   1  12   2]
 [  0   3   1   3   2   0  27]]
['ldml']
Matlab successfully exited.
I was here
Weights are  [ 1.]
accuracy = %s 83.850931677
                   precision    recall  f1-score   support

     Ariel Sharon       0.72      1.00      0.84        13
     Colin Powell       0.82      0.83      0.83        60
  Donald Rumsfeld       0.78      0.52      0.62        27
    George W Bush       0.91      0.92      0.91       146
Gerhard Schroeder       0.77      0.80      0.78        25
      Hugo Chavez       0.80      0.80      0.80        15
       Tony Blair       0.75      0.75      0.75        36

      avg / total       0.84      0.84      0.84       322

[[ 13   0   0   0   0   0   0]
 [  2  50   1   4   0   0   3]
 [  1   2  14   6   1   1   2]
 [  1   6   1 134   2   1   1]
 [  0   0   1   1  20   1   2]
 [  1   0   0   0   1  12   1]
 [  0   3   1   3   2   0  27]]
['lmnn', 'lsml']
I was here
Weights are  [ 1.  1.]
accuracy = %s 84.4720496894
                   precision    recall  f1-score   support

     Ariel Sharon       0.79      0.85      0.81        13
     Colin Powell       0.81      0.87      0.84        60
  Donald Rumsfeld       0.70      0.59      0.64        27
    George W Bush       0.92      0.91      0.92       146
Gerhard Schroeder       0.75      0.84      0.79        25
      Hugo Chavez       0.75      0.80      0.77        15
       Tony Blair       0.82      0.75      0.78        36

      avg / total       0.84      0.84      0.84       322

[[ 11   1   1   0   0   0   0]
 [  0  52   2   4   0   0   2]
 [  2   1  16   3   2   1   2]
 [  0   6   2 133   2   3   0]
 [  0   1   1   1  21   0   1]
 [  1   0   0   0   1  12   1]
 [  0   3   1   3   2   0  27]]
['lmnn', 'rca']
I was here
Weights are  [ 1.  1.]
accuracy = %s 84.1614906832
                   precision    recall  f1-score   support

     Ariel Sharon       0.79      0.85      0.81        13
     Colin Powell       0.83      0.87      0.85        60
  Donald Rumsfeld       0.70      0.59      0.64        27
    George W Bush       0.92      0.91      0.91       146
Gerhard Schroeder       0.74      0.80      0.77        25
      Hugo Chavez       0.75      0.80      0.77        15
       Tony Blair       0.79      0.75      0.77        36

      avg / total       0.84      0.84      0.84       322

[[ 11   1   1   0   0   0   0]
 [  0  52   2   4   0   0   2]
 [  1   1  16   4   2   1   2]
 [  0   6   2 133   2   3   0]
 [  1   0   1   1  20   0   2]
 [  1   0   0   0   1  12   1]
 [  0   3   1   3   2   0  27]]
['lmnn', 'lfda']
I was here
Weights are  [ 1.  1.]
accuracy = %s 83.850931677
                   precision    recall  f1-score   support

     Ariel Sharon       0.86      0.92      0.89        13
     Colin Powell       0.80      0.85      0.82        60
  Donald Rumsfeld       0.75      0.67      0.71        27
    George W Bush       0.91      0.90      0.90       146
Gerhard Schroeder       0.72      0.84      0.78        25
      Hugo Chavez       0.75      0.80      0.77        15
       Tony Blair       0.81      0.69      0.75        36

      avg / total       0.84      0.84      0.84       322

[[ 12   1   0   0   0   0   0]
 [  0  51   2   4   1   0   2]
 [  1   1  18   4   2   1   0]
 [  0   6   2 131   2   3   2]
 [  0   1   1   1  21   0   1]
 [  1   1   0   0   0  12   1]
 [  0   3   1   4   3   0  25]]
['lmnn', 'ldml']

                            < M A T L A B (R) >
                  Copyright 1984-2012 The MathWorks, Inc.
                    R2012a (7.14.0.739) 32-bit (glnx86)
                              February 9, 2012

 
To get started, type one of these: helpwin, helpdesk, or demo.
For product information, visit www.mathworks.com.
 
>> >> >> >> >> >> >> >> >> >> 
ans =

   966   150

>> 
ans =

   966     1

>> >> >> >> >> >> 
                            < M A T L A B (R) >
                  Copyright 1984-2012 The MathWorks, Inc.
                    R2012a (7.14.0.739) 32-bit (glnx86)
                              February 9, 2012

 
To get started, type one of these: helpwin, helpdesk, or demo.
For product information, visit www.mathworks.com.
 
>> >> >> >> >> >> >> >> >> >> 
ans =

   966   150

>> 
ans =

   966     1

>> >> >> >> >> >> Matlab successfully exited.
I was here
Weights are  [ 1.  1.]
accuracy = %s 83.850931677
                   precision    recall  f1-score   support

     Ariel Sharon       0.75      0.92      0.83        13
     Colin Powell       0.81      0.83      0.82        60
  Donald Rumsfeld       0.80      0.59      0.68        27
    George W Bush       0.92      0.91      0.91       146
Gerhard Schroeder       0.74      0.80      0.77        25
      Hugo Chavez       0.75      0.80      0.77        15
       Tony Blair       0.75      0.75      0.75        36

      avg / total       0.84      0.84      0.84       322

[[ 12   1   0   0   0   0   0]
 [  2  50   1   4   0   0   3]
 [  1   1  16   4   2   1   2]
 [  0   7   1 133   2   2   1]
 [  0   0   1   1  20   1   2]
 [  1   0   0   0   1  12   1]
 [  0   3   1   3   2   0  27]]
['lsml', 'rca']
I was here
Weights are  [ 1.  1.]
accuracy = %s 83.850931677
                   precision    recall  f1-score   support

     Ariel Sharon       0.75      0.92      0.83        13
     Colin Powell       0.87      0.87      0.87        60
  Donald Rumsfeld       0.74      0.52      0.61        27
    George W Bush       0.90      0.91      0.91       146
Gerhard Schroeder       0.71      0.80      0.75        25
      Hugo Chavez       0.67      0.80      0.73        15
       Tony Blair       0.79      0.75      0.77        36

      avg / total       0.84      0.84      0.84       322

[[ 12   0   1   0   0   0   0]
 [  1  52   1   4   0   0   2]
 [  2   1  14   5   2   1   2]
 [  0   4   1 133   3   5   0]
 [  0   0   1   2  20   0   2]
 [  1   0   0   0   1  12   1]
 [  0   3   1   3   2   0  27]]
['lsml', 'lfda']
I was here
Weights are  [ 1.  1.]
accuracy = %s 85.0931677019
                   precision    recall  f1-score   support

     Ariel Sharon       0.75      0.92      0.83        13
     Colin Powell       0.87      0.88      0.88        60
  Donald Rumsfeld       0.73      0.59      0.65        27
    George W Bush       0.93      0.92      0.93       146
Gerhard Schroeder       0.73      0.76      0.75        25
      Hugo Chavez       0.71      0.80      0.75        15
       Tony Blair       0.77      0.75      0.76        36

      avg / total       0.85      0.85      0.85       322

[[ 12   0   1   0   0   0   0]
 [  0  53   2   3   0   0   2]
 [  2   1  16   3   2   1   2]
 [  1   4   0 135   2   4   0]
 [  0   0   2   1  19   0   3]
 [  1   0   0   0   1  12   1]
 [  0   3   1   3   2   0  27]]
['lsml', 'ldml']
Matlab successfully exited.
I was here
Weights are  [ 1.  1.]
accuracy = %s 83.850931677
                   precision    recall  f1-score   support

     Ariel Sharon       0.72      1.00      0.84        13
     Colin Powell       0.85      0.87      0.86        60
  Donald Rumsfeld       0.78      0.52      0.62        27
    George W Bush       0.91      0.91      0.91       146
Gerhard Schroeder       0.70      0.76      0.73        25
      Hugo Chavez       0.75      0.80      0.77        15
       Tony Blair       0.75      0.75      0.75        36

      avg / total       0.84      0.84      0.84       322

[[ 13   0   0   0   0   0   0]
 [  2  52   1   3   0   0   2]
 [  1   1  14   6   2   1   2]
 [  1   5   1 133   3   2   1]
 [  0   0   1   1  19   1   3]
 [  1   0   0   0   1  12   1]
 [  0   3   1   3   2   0  27]]
['rca', 'lfda']
I was here
Weights are  [ 1.  1.]
accuracy = %s 85.0931677019
                   precision    recall  f1-score   support

     Ariel Sharon       0.80      0.92      0.86        13
     Colin Powell       0.87      0.88      0.88        60
  Donald Rumsfeld       0.75      0.56      0.64        27
    George W Bush       0.91      0.92      0.92       146
Gerhard Schroeder       0.74      0.80      0.77        25
      Hugo Chavez       0.71      0.80      0.75        15
       Tony Blair       0.79      0.75      0.77        36

      avg / total       0.85      0.85      0.85       322

[[ 12   0   1   0   0   0   0]
 [  0  53   1   4   0   0   2]
 [  2   1  15   5   2   1   1]
 [  0   4   1 135   2   4   0]
 
                            < M A T L A B (R) >
                  Copyright 1984-2012 The MathWorks, Inc.
                    R2012a (7.14.0.739) 32-bit (glnx86)
                              February 9, 2012

 
To get started, type one of these: helpwin, helpdesk, or demo.
For product information, visit www.mathworks.com.
 
>> >> >> >> >> >> >> >> >> >> 
ans =

   966   150

>> 
ans =

   966     1

>> >> >> >> >> >> 
                            < M A T L A B (R) >
                  Copyright 1984-2012 The MathWorks, Inc.
                    R2012a (7.14.0.739) 32-bit (glnx86)
                              February 9, 2012

 
To get started, type one of these: helpwin, helpdesk, or demo.
For product information, visit www.mathworks.com.
 
>> >> >> >> >> >> >> >> >> >> 
ans =

   966   150

>> 
ans =

   966     1

>> >> >> >> >> >> [  0   0   1   1  20   0   3]
 [  1   0   0   0   1  12   1]
 [  0   3   1   3   2   0  27]]
['rca', 'ldml']
Matlab successfully exited.
I was here
Weights are  [ 1.  1.]
accuracy = %s 84.4720496894
                   precision    recall  f1-score   support

     Ariel Sharon       0.72      1.00      0.84        13
     Colin Powell       0.85      0.87      0.86        60
  Donald Rumsfeld       0.82      0.52      0.64        27
    George W Bush       0.91      0.92      0.92       146
Gerhard Schroeder       0.73      0.76      0.75        25
      Hugo Chavez       0.71      0.80      0.75        15
       Tony Blair       0.77      0.75      0.76        36

      avg / total       0.85      0.84      0.84       322

[[ 13   0   0   0   0   0   0]
 [  2  52   1   3   0   0   2]
 [  1   1  14   6   2   1   2]
 [  1   5   0 135   2   3   0]
 [  0   0   1   1  19   1   3]
 [  1   0   0   0   1  12   1]
 [  0   3   1   3   2   0  27]]
['lfda', 'ldml']
Matlab successfully exited.
I was here
Weights are  [ 1.  1.]
accuracy = %s 83.850931677
                   precision    recall  f1-score   support

     Ariel Sharon       0.72      1.00      0.84        13
     Colin Powell       0.84      0.85      0.84        60
  Donald Rumsfeld       0.78      0.52      0.62        27
    George W Bush       0.91      0.92      0.91       146
Gerhard Schroeder       0.73      0.76      0.75        25
      Hugo Chavez       0.80      0.80      0.80        15
       Tony Blair       0.75      0.75      0.75        36

      avg / total       0.84      0.84      0.84       322

[[ 13   0   0   0   0   0   0]
 [  2  51   1   4   0   0   2]
 [  1   1  14   6   2   1   2]
 [  1   6   1 134   2   1   1]
 [  0   0   1   1  19   1   3]
 [  1   0   0   0   1  12   1]
 [  0   3   1   3   2   0  27]]
['lmnn', 'lsml', 'rca']
I was here
Weights are  [ 1.  1.  1.]
accuracy = %s 83.5403726708
                   precision    recall  f1-score   support

     Ariel Sharon       0.79      0.85      0.81        13
     Colin Powell       0.83      0.87      0.85        60
  Donald Rumsfeld       0.70      0.59      0.64        27
    George W Bush       0.92      0.90      0.91       146
Gerhard Schroeder       0.71      0.80      0.75        25
      Hugo Chavez       0.71      0.80      0.75        15
       Tony Blair       0.79      0.75      0.77        36

      avg / total       0.84      0.84      0.83       322

[[ 11   1   1   0   0   0   0]
 [  0  52   2   4   0   0   2]
 [  2   1  16   3   2   1   2]
 [  0   6   2 131   3   4   0]
 [  0   0   1   2  20   0   2]
 [  1   0   0   0   1  12   1]
 [  0   3   1   3   2   0  27]]
['lmnn', 'lsml', 'lfda']
I was here
Weights are  [ 1.  1.  1.]
accuracy = %s 84.1614906832
                   precision    recall  f1-score   support

     Ariel Sharon       0.80      0.92      0.86        13
     Colin Powell       0.83      0.87      0.85        60
  Donald Rumsfeld       0.73      0.59      0.65        27
    George W Bush       0.91      0.90      0.91       146
Gerhard Schroeder       0.74      0.80      0.77        25
      Hugo Chavez       0.71      0.80      0.75        15
       Tony Blair       0.82      0.75      0.78        36

      avg / total       0.84      0.84      0.84       322

[[ 12   1   0   0   0   0   0]
 [  0  52   2   4   0   0   2]
 [  1   1  16   4   2   1   2]
 [  0   6   2 132   2   4   0]
 [  1   0   1   2  20   0   1]
 [  1   0   0   0   1  12   1]
 [  0   3   1   3   2   0  27]]
['lmnn', 'lsml', 'ldml']

                            < M A T L A B (R) >
                  Copyright 1984-2012 The MathWorks, Inc.
                    R2012a (7.14.0.739) 32-bit (glnx86)
                              February 9, 2012

 
To get started, type one of these: helpwin, helpdesk, or demo.
For product information, visit www.mathworks.com.
 
>> >> >> >> >> >> >> >> >> >> 
ans =

   966   150

>> 
ans =

   966     1

>> >> >> >> >> >> Matlab successfully exited.
I was here
Weights are  [ 1.  1.  1.]
accuracy = %s 83.2298136646
                   precision    recall  f1-score   support

     Ariel Sharon       0.75      0.92      0.83        13
     Colin Powell       0.81      0.85      0.83        60
  Donald Rumsfeld       0.79      0.56      0.65        27
    George W Bush       0.91      0.90      0.91       146
Gerhard Schroeder       0.70      0.76      0.73        25
      Hugo Chavez       0.75      0.80      0.77        15
       Tony Blair       0.75      0.75      0.75        36

      avg / total       0.83      0.83      0.83       322

[[ 12   1   0   0   0   0   0]
 [  2  51   1   4   0   0   2]
 [  1   1  15   5   2   1   2]
 [  0   7   1 132   3   2   1]
 [  0   0   1   1  19   1   3]
 [  1   0   0   0   1  12   1]
 [  0   3   1   3   2   0  27]]
['lmnn', 'rca', 'lfda']
I was here
Weights are  [ 1.  1.  1.]
accuracy = %s 85.0931677019
                   precision    recall  f1-score   support

     Ariel Sharon       0.81      1.00      0.90        13
     Colin Powell       0.84      0.87      0.85        60
  Donald Rumsfeld       0.74      0.63      0.68        27
    George W Bush       0.92      0.91      0.91       146
Gerhard Schroeder       0.74      0.80      0.77        25
      Hugo Chavez       0.75      0.80      0.77        15
       Tony Blair       0.82      0.75      0.78        36

      avg / total       0.85      0.85      0.85       322

[[ 13   0   0   0   0   0   0]
 [  0  52   2   4   0   0   2]
 [  1   1  17   4   2   1   1]
 [  0   6   2 133   2   3   0]
 [  1   0   1   1  20   0   2]
 [  1   0   0   0   1  12   1]
 [  0   3   1   3   2   0  27]]
['lmnn', 'rca', 'ldml']

                            < M A T L A B (R) >
                  Copyright 1984-2012 The MathWorks, Inc.
                    R2012a (7.14.0.739) 32-bit (glnx86)
                              February 9, 2012

 
To get started, type one of these: helpwin, helpdesk, or demo.
For product information, visit www.mathworks.com.
 
>> >> >> >> >> >> >> >> >> >> 
ans =

   966   150

>> 
ans =

   966     1

>> >> >> >> >> >> Matlab successfully exited.
I was here
Weights are  [ 1.  1.  1.]
accuracy = %s 84.1614906832
                   precision    recall  f1-score   support

     Ariel Sharon       0.76      1.00      0.87        13
     Colin Powell       0.85      0.83      0.84        60
  Donald Rumsfeld       0.79      0.56      0.65        27
    George W Bush       0.91      0.92      0.92       146
Gerhard Schroeder       0.73      0.76      0.75        25
      Hugo Chavez       0.71      0.80      0.75        15
       Tony Blair       0.77      0.75      0.76        36

      avg / total       0.84      0.84      0.84       322

[[ 13   0   0   0   0   0   0]
 [  2  50   1   5   0   0   2]
 [  1   1  15   5   2   1   2]
 [  0   5   1 135   2   3   0]
 [  0   0   1   1  19   1   3]
 [  1   0   0   0   1  12   1]
 [  0   3   1   3   2   0  27]]
['lmnn', 'lfda', 'ldml']

                            < M A T L A B (R) >
                  Copyright 1984-2012 The MathWorks, Inc.
                    R2012a (7.14.0.739) 32-bit (glnx86)
                              February 9, 2012

 
To get started, type one of these: helpwin, helpdesk, or demo.
For product information, visit www.mathworks.com.
 
>> >> >> >> >> >> >> >> >> >> 
ans =

   966   150

>> 
ans =

   966     1

>> >> >> >> >> >> 
                            < M A T L A B (R) >
                  Copyright 1984-2012 The MathWorks, Inc.
                    R2012a (7.14.0.739) 32-bit (glnx86)
                              February 9, 2012

 
To get started, type one of these: helpwin, helpdesk, or demo.
For product information, visit www.mathworks.com.
 
>> >> >> >> >> >> >> >> >> >> 
ans =

   966   150

>> 
ans =

   966     1

>> >> >> >> >> >> 
                            < M A T L A B (R) >
                  Copyright 1984-2012 The MathWorks, Inc.
                    R2012a (7.14.0.739) 32-bit (glnx86)
                              February 9, 2012

 
To get started, type one of these: helpwin, helpdesk, or demo.
For product information, visit www.mathworks.com.
 
>> >> >> >> >> >> >> >> >> >> 
ans =

   966   150

>> 
ans =

   966     1

>> >> >> >> >> >> 
                            < M A T L A B (R) >
                  Copyright 1984-2012 The MathWorks, Inc.
                    R2012a (7.14.0.739) 32-bit (glnx86)
                              February 9, 2012

 
To get started, type one of these: helpwin, helpdesk, or demo.
For product information, visit www.mathworks.com.
 
>> >> >> >> >> >> >> >> >> >> 
ans =

   966   150

>> 
ans =

   966     1

>> >> >> >> >> >> Matlab successfully exited.
I was here
Weights are  [ 1.  1.  1.]
accuracy = %s 83.850931677
                   precision    recall  f1-score   support

     Ariel Sharon       0.75      0.92      0.83        13
     Colin Powell       0.81      0.83      0.82        60
  Donald Rumsfeld       0.80      0.59      0.68        27
    George W Bush       0.91      0.91      0.91       146
Gerhard Schroeder       0.74      0.80      0.77        25
      Hugo Chavez       0.75      0.80      0.77        15
       Tony Blair       0.77      0.75      0.76        36

      avg / total       0.84      0.84      0.84       322

[[ 12   1   0   0   0   0   0]
 [  2  50   1   5   0   0   2]
 [  1   1  16   4   2   1   2]
 [  0   7   1 133   2   2   1]
 [  0   0   1   1  20   1   2]
 [  1   0   0   0   1  12   1]
 [  0   3   1   3   2   0  27]]
['lsml', 'rca', 'lfda']
I was here
Weights are  [ 1.  1.  1.]
accuracy = %s 84.4720496894
                   precision    recall  f1-score   support

     Ariel Sharon       0.80      0.92      0.86        13
     Colin Powell       0.87      0.88      0.88        60
  Donald Rumsfeld       0.74      0.52      0.61        27
    George W Bush       0.91      0.92      0.91       146
Gerhard Schroeder       0.71      0.80      0.75        25
      Hugo Chavez       0.71      0.80      0.75        15
       Tony Blair       0.79      0.75      0.77        36

      avg / total       0.84      0.84      0.84       322

[[ 12   0   1   0   0   0   0]
 [  0  53   1   4   0   0   2]
 [  2   1  14   5   2   1   2]
 [  0   4   1 134   3   4   0]
 [  0   0   1   2  20   0   2]
 [  1   0   0   0   1  12   1]
 [  0   3   1   3   2   0  27]]
['lsml', 'rca', 'ldml']
Matlab successfully exited.
I was here
Weights are  [ 1.  1.  1.]
accuracy = %s 84.1614906832
                   precision    recall  f1-score   support

     Ariel Sharon       0.71      0.92      0.80        13
     Colin Powell       0.85      0.87      0.86        60
  Donald Rumsfeld       0.78      0.52      0.62        27
    George W Bush       0.91      0.92      0.91       146
Gerhard Schroeder       0.74      0.80      0.77        25
      Hugo Chavez       0.71      0.80      0.75        15
       Tony Blair       0.77      0.75      0.76        36

      avg / total       0.84      0.84      0.84       322

[[ 12   0   1   0   0   0   0]
 [  2  52   1   3   0   0   2]
 [  1   1  14   6   2   1   2]
 [  1   5   0 134   2   4   0]
 [  0   0   1   1  20   0   3]
 [  1   0   0   0   1  12   1]
 [  0   3   1   3   2   0  27]]
['lsml', 'lfda', 'ldml']
Matlab successfully exited.
I was here
Weights are  [ 1.  1.  1.]
accuracy = %s 84.1614906832
                   precision    recall  f1-score   support

     Ariel Sharon       0.72      1.00      0.84        13
     Colin Powell       0.85      0.87      0.86        60
  Donald Rumsfeld       0.79      0.56      0.65        27
    George W Bush       0.91      0.91      0.91       146
Gerhard Schroeder       0.70      0.76      0.73        25
      Hugo Chavez       0.75      0.80      0.77        15
       Tony Blair       0.77      0.75      0.76        36

      avg / total       0.84      0.84      0.84       322

[[ 13   0   0   0   0   0   0]
 [  2  52   1   3   0   0   2]
 [  1   1  15   6   2   1   1]
 [  1   5   1 133   3   2   1]
 [  0   0   1   1  19   1   3]
 [  1   0   0   0   1  12   1]
 [  0   3   1   3   2   0  27]]
['rca', 'lfda', 'ldml']
Matlab successfully exited.
I was here
Weights are  [ 1.  1.  1.]
accuracy = %s 84.4720496894
                   precision    recall  f1-score   support

     Ariel Sharon       0.72      1.00      0.84        13
     Colin Powell       0.85      0.87      0.86        60
  Donald Rumsfeld       0.82      0.52      0.64        27
    George W Bush       0.91      0.92      0.92       146
Gerhard Schroeder       0.73      0.76      0.75        25
      Hugo Chavez       0.71      0.80      0.75        15
       Tony Blair       0.77      0.75      0.76        36

      avg / total       0.85      0.84      0.84       322

[[ 13   0   0   0   0   0   0]
 [  2  52   1   3   0   0   2]
 [  1   1  14   6   2   1   2]
 [  1   5   0 135   2   3   0]
 [  0   0   1   1  19   1   3]
 [  1   0   0   0   1  12   1]
 [  0   3   1   3   2   0  27]]
['lmnn', 'lsml', 'rca', 'lfda']
I was here
Weights are  [ 1.  1.  1.  1.]
accuracy = %s 84.1614906832
                   precision    recall  f1-score   support

     Ariel Sharon       0.80      0.92      0.86        13
     Colin Powell       0.85      0.87      0.86        60
  Donald Rumsfeld       0.70      0.59      0.64        27
    George W Bush       0.92      0.90      0.91       146
Gerhard Schroeder       0.71      0.80      0.75        25
      Hugo Chavez       0.71      0.80      0.75        15
       Tony Blair       0.79      0.75      0.77        36

      avg / total       0.84      0.84      0.84       322

[[ 12   0   1   0   0   0   0]
 [  0  52   2   4   0   0   2]
 [  2   1  16   3   2   1   2]
 [  0   5   2 132   3   4   0]
 [  0   0   1   2  20   0   2]
 [  1   0   0   0   1  12   1]
 [  0   3   1   3   2   0  27]]
['lmnn', 'lsml', 'rca', 'ldml']

                            < M A T L A B (R) >
                  Copyright 1984-2012 The MathWorks, Inc.
                    R2012a (7.14.0.739) 32-bit (glnx86)
                              February 9, 2012

 
To get started, type one of these: helpwin, helpdesk, or demo.
For product information, visit www.mathworks.com.
 
>> >> >> >> >> >> >> >> >> >> 
ans =

   966   150

>> 
ans =

   966     1

>> >> >> >> >> >> Matlab successfully exited.
I was here
Weights are  [ 1.  1.  1.  1.]
accuracy = %s 83.850931677
                   precision    recall  f1-score   support

     Ariel Sharon       0.72      1.00      0.84        13
     Colin Powell       0.85      0.83      0.84        60
  Donald Rumsfeld       0.83      0.56      0.67        27
    George W Bush       0.90      0.91      0.91       146
Gerhard Schroeder       0.71      0.80      0.75        25
      Hugo Chavez       0.71      0.80      0.75        15
       Tony Blair       0.77      0.75      0.76        36

      avg / total       0.84      0.84      0.84       322

[[ 13   0   0   0   0   0   0]
 [  2  50   1   5   0   0   2]
 [  1   1  15   5   2   1   2]
 [  1   5   0 133   3   4   0]
 [  0   0   1   1  20   0   3]
 [  1   0   0   0   1  12   1]
 [  0   3   1   3   2   0  27]]
['lmnn', 'lsml', 'lfda', 'ldml']

                            < M A T L A B (R) >
                  Copyright 1984-2012 The MathWorks, Inc.
                    R2012a (7.14.0.739) 32-bit (glnx86)
                              February 9, 2012

 
To get started, type one of these: helpwin, helpdesk, or demo.
For product information, visit www.mathworks.com.
 
>> >> >> >> >> >> >> >> >> >> 
ans =

   966   150

>> 
ans =

   966     1

>> >> >> >> >> >> Matlab successfully exited.
I was here
Weights are  [ 1.  1.  1.  1.]
accuracy = %s 83.850931677
                   precision    recall  f1-score   support

     Ariel Sharon       0.75      0.92      0.83        13
     Colin Powell       0.84      0.85      0.84        60
  Donald Rumsfeld       0.79      0.56      0.65        27
    George W Bush       0.91      0.92      0.91       146
Gerhard Schroeder       0.70      0.76      0.73        25
      Hugo Chavez       0.71      0.80      0.75        15
       Tony Blair       0.77      0.75      0.76        36

      avg / total       0.84      0.84      0.84       322

[[ 12   1   0   0   0   0   0]
 [  2  51   1   4   0   0   2]
 [  1   1  15   5   2   1   2]
 [  0   5   1 134   3   3   0]
 [  0   0   1   1  19   1   3]
 [  1   0   0   0   1  12   1]
 [  0   3   1   3   2   0  27]]
['lmnn', 'rca', 'lfda', 'ldml']

                            < M A T L A B (R) >
                  Copyright 1984-2012 The MathWorks, Inc.
                    R2012a (7.14.0.739) 32-bit (glnx86)
                              February 9, 2012

 
To get started, type one of these: helpwin, helpdesk, or demo.
For product information, visit www.mathworks.com.
 
>> >> >> >> >> >> >> >> >> >> 
ans =

   966   150

>> 
ans =

   966     1

>> >> >> >> >> >> 
                            < M A T L A B (R) >
                  Copyright 1984-2012 The MathWorks, Inc.
                    R2012a (7.14.0.739) 32-bit (glnx86)
                              February 9, 2012

 
To get started, type one of these: helpwin, helpdesk, or demo.
For product information, visit www.mathworks.com.
 
>> >> >> >> >> >> >> >> >> >> 
ans =

   966   150

>> 
ans =

   966     1

>> >> >> >> >> >> Matlab successfully exited.
I was here
Weights are  [ 1.  1.  1.  1.]
accuracy = %s 83.850931677
                   precision    recall  f1-score   support

     Ariel Sharon       0.76      1.00      0.87        13
     Colin Powell       0.83      0.83      0.83        60
  Donald Rumsfeld       0.79      0.56      0.65        27
    George W Bush       0.91      0.92      0.91       146
Gerhard Schroeder       0.73      0.76      0.75        25
      Hugo Chavez       0.71      0.80      0.75        15
       Tony Blair       0.77      0.75      0.76        36

      avg / total       0.84      0.84      0.84       322

[[ 13   0   0   0   0   0   0]
 [  2  50   1   5   0   0   2]
 [  1   1  15   5   2   1   2]
 [  0   6   1 134   2   3   0]
 [  0   0   1   1  19   1   3]
 [  1   0   0   0   1  12   1]
 [  0   3   1   3   2   0  27]]
['lsml', 'rca', 'lfda', 'ldml']
Matlab successfully exited.
I was here
Weights are  [ 1.  1.  1.  1.]
accuracy = %s 83.850931677
                   precision    recall  f1-score   support

     Ariel Sharon       0.72      1.00      0.84        13
     Colin Powell       0.85      0.85      0.85        60
  Donald Rumsfeld       0.82      0.52      0.64        27
    George W Bush       0.91      0.92      0.91       146
Gerhard Schroeder       0.73      0.76      0.75        25
      Hugo Chavez       0.67      0.80      0.73        15
       Tony Blair       0.77      0.75      0.76        36

      avg / total       0.84      0.84      0.84       322

[[ 13   0   0   0   0   0   0]
 [  2  51   1   4   0   0   2]
 [  1   1  14   6   2   1   2]
 [  1   5   0 134   2   4   0]
 [  0   0   1   1  19   1   3]
 [  1   0   0   0   1  12   1]
 [  0   3   1   3   2   0  27]]
['lmnn', 'lsml', 'rca', 'lfda', 'ldml']

                            < M A T L A B (R) >
                  Copyright 1984-2012 The MathWorks, Inc.
                    R2012a (7.14.0.739) 32-bit (glnx86)
                              February 9, 2012

 
To get started, type one of these: helpwin, helpdesk, or demo.
For product information, visit www.mathworks.com.
 
>> >> >> >> >> >> >> >> >> >> 
ans =

   966   150

>> 
ans =

   966     1

>> >> >> >> >> >> Matlab successfully exited.
I was here
Weights are  [ 1.  1.  1.  1.  1.]
accuracy = %s 84.4720496894
                   precision    recall  f1-score   support

     Ariel Sharon       0.76      1.00      0.87        13
     Colin Powell       0.85      0.83      0.84        60
  Donald Rumsfeld       0.79      0.56      0.65        27
    George W Bush       0.91      0.92      0.92       146
Gerhard Schroeder       0.74      0.80      0.77        25
      Hugo Chavez       0.75      0.80      0.77        15
       Tony Blair       0.77      0.75      0.76        36

      avg / total       0.84      0.84      0.84       322

[[ 13   0   0   0   0   0   0]
 [  2  50   1   5   0   0   2]
 [  1   1  15   5   2   1   2]
 [  0   5   1 135   2   3   0]
 [  0   0   1   1  20   0   3]
 [  1   0   0   0   1  12   1]
 [  0   3   1   3   2   0  27]]
Without the LMNN structure
Fitting the classifier to the training set
done in 26.533s
Best estimator found by grid search:
SVC(C=1000.0, cache_size=200, class_weight=None, coef0=0.0, degree=3,
  gamma=0.005, kernel=rbf, max_iter=-1, probability=False,
  random_state=None, shrinking=True, tol=0.001, verbose=False)
Predicting people's names on the test set
accuracy = %s 85.7142857143
done in 0.088s
                   precision    recall  f1-score   support

     Ariel Sharon       0.91      0.77      0.83        13
     Colin Powell       0.81      0.92      0.86        60
  Donald Rumsfeld       0.88      0.56      0.68        27
    George W Bush       0.85      0.99      0.91       146
Gerhard Schroeder       0.95      0.72      0.82        25
      Hugo Chavez       1.00      0.60      0.75        15
       Tony Blair       0.89      0.69      0.78        36

      avg / total       0.87      0.86      0.85       322

[[ 10   1   1   1   0   0   0]
 [  0  55   0   5   0   0   0]
 [  0   1  15   8   1   0   2]
 [  0   2   0 144   0   0   0]
 [  0   2   1   3  18   0   1]
 [  1   4   0   1   0   9   0]
 [  0   3   0   8   0   0  25]]
